[2024-01-30T18:29:02.911+0000] {taskinstance.py:1956} INFO - Dependencies all met for dep_context=non-requeueable deps ti=<TaskInstance: cvd_automation_pipeline.run_nuclei_scan_task manual__2024-01-30T18:28:35.503969+00:00 [queued]>
[2024-01-30T18:29:02.949+0000] {taskinstance.py:1956} INFO - Dependencies all met for dep_context=requeueable deps ti=<TaskInstance: cvd_automation_pipeline.run_nuclei_scan_task manual__2024-01-30T18:28:35.503969+00:00 [queued]>
[2024-01-30T18:29:02.950+0000] {taskinstance.py:2170} INFO - Starting attempt 1 of 1
[2024-01-30T18:29:03.007+0000] {taskinstance.py:2191} INFO - Executing <Task(PythonOperator): run_nuclei_scan_task> on 2024-01-30 18:28:35.503969+00:00
[2024-01-30T18:29:03.024+0000] {standard_task_runner.py:60} INFO - Started process 234 to run task
[2024-01-30T18:29:03.030+0000] {standard_task_runner.py:87} INFO - Running: ['***', 'tasks', 'run', 'cvd_automation_pipeline', 'run_nuclei_scan_task', 'manual__2024-01-30T18:28:35.503969+00:00', '--job-id', '4', '--raw', '--subdir', 'DAGS_FOLDER/cvd_pipeline_1.py', '--cfg-path', '/tmp/tmpt80t2em1']
[2024-01-30T18:29:03.034+0000] {standard_task_runner.py:88} INFO - Job 4: Subtask run_nuclei_scan_task
[2024-01-30T18:29:03.550+0000] {task_command.py:423} INFO - Running <TaskInstance: cvd_automation_pipeline.run_nuclei_scan_task manual__2024-01-30T18:28:35.503969+00:00 [running]> on host 8d8bbdf320cd
[2024-01-30T18:29:04.108+0000] {taskinstance.py:2480} INFO - Exporting env vars: AIRFLOW_CTX_DAG_OWNER='***' AIRFLOW_CTX_DAG_ID='cvd_automation_pipeline' AIRFLOW_CTX_TASK_ID='run_nuclei_scan_task' AIRFLOW_CTX_EXECUTION_DATE='2024-01-30T18:28:35.503969+00:00' AIRFLOW_CTX_TRY_NUMBER='1' AIRFLOW_CTX_DAG_RUN_ID='manual__2024-01-30T18:28:35.503969+00:00'
[2024-01-30T18:30:23.616+0000] {logging_mixin.py:188} INFO - JSON object 0 has been formatted and saved
[2024-01-30T18:30:23.636+0000] {logging_mixin.py:188} INFO - JSON object 1 has been formatted and saved
[2024-01-30T18:30:23.641+0000] {logging_mixin.py:188} INFO - JSON object 2 has been formatted and saved
[2024-01-30T18:30:23.647+0000] {logging_mixin.py:188} INFO - JSON object 3 has been formatted and saved
[2024-01-30T18:30:23.653+0000] {logging_mixin.py:188} INFO - JSON object 4 has been formatted and saved
[2024-01-30T18:30:23.658+0000] {logging_mixin.py:188} INFO - JSON object 5 has been formatted and saved
[2024-01-30T18:30:23.669+0000] {logging_mixin.py:188} INFO - JSON object 6 has been formatted and saved
[2024-01-30T18:30:23.683+0000] {logging_mixin.py:188} INFO - JSON object 7 has been formatted and saved
[2024-01-30T18:30:23.691+0000] {logging_mixin.py:188} INFO - JSON object 8 has been formatted and saved
[2024-01-30T18:30:23.692+0000] {logging_mixin.py:188} INFO - Nuclei scan completed.
[2024-01-30T18:30:23.697+0000] {python.py:201} INFO - Done. Returned value was: None
[2024-01-30T18:30:23.894+0000] {taskinstance.py:1138} INFO - Marking task as SUCCESS. dag_id=cvd_automation_pipeline, task_id=run_nuclei_scan_task, execution_date=20240130T182835, start_date=20240130T182902, end_date=20240130T183023
[2024-01-30T18:30:24.014+0000] {local_task_job_runner.py:234} INFO - Task exited with return code 0
[2024-01-30T18:30:24.102+0000] {taskinstance.py:3280} INFO - 1 downstream tasks scheduled from follow-on schedule check
