[2024-01-30T18:12:06.464+0000] {taskinstance.py:1956} INFO - Dependencies all met for dep_context=non-requeueable deps ti=<TaskInstance: cvd_automation_pipeline.run_nuclei_scan_task manual__2024-01-30T18:11:55.401786+00:00 [queued]>
[2024-01-30T18:12:06.472+0000] {taskinstance.py:1956} INFO - Dependencies all met for dep_context=requeueable deps ti=<TaskInstance: cvd_automation_pipeline.run_nuclei_scan_task manual__2024-01-30T18:11:55.401786+00:00 [queued]>
[2024-01-30T18:12:06.472+0000] {taskinstance.py:2170} INFO - Starting attempt 1 of 1
[2024-01-30T18:12:06.485+0000] {taskinstance.py:2191} INFO - Executing <Task(PythonOperator): run_nuclei_scan_task> on 2024-01-30 18:11:55.401786+00:00
[2024-01-30T18:12:06.488+0000] {standard_task_runner.py:60} INFO - Started process 547 to run task
[2024-01-30T18:12:06.490+0000] {standard_task_runner.py:87} INFO - Running: ['***', 'tasks', 'run', 'cvd_automation_pipeline', 'run_nuclei_scan_task', 'manual__2024-01-30T18:11:55.401786+00:00', '--job-id', '7', '--raw', '--subdir', 'DAGS_FOLDER/cvd_pipeline_1.py', '--cfg-path', '/tmp/tmpxqouhiv1']
[2024-01-30T18:12:06.492+0000] {standard_task_runner.py:88} INFO - Job 7: Subtask run_nuclei_scan_task
[2024-01-30T18:12:06.527+0000] {task_command.py:423} INFO - Running <TaskInstance: cvd_automation_pipeline.run_nuclei_scan_task manual__2024-01-30T18:11:55.401786+00:00 [running]> on host 016ca2062c36
[2024-01-30T18:12:06.589+0000] {taskinstance.py:2480} INFO - Exporting env vars: AIRFLOW_CTX_DAG_OWNER='***' AIRFLOW_CTX_DAG_ID='cvd_automation_pipeline' AIRFLOW_CTX_TASK_ID='run_nuclei_scan_task' AIRFLOW_CTX_EXECUTION_DATE='2024-01-30T18:11:55.401786+00:00' AIRFLOW_CTX_TRY_NUMBER='1' AIRFLOW_CTX_DAG_RUN_ID='manual__2024-01-30T18:11:55.401786+00:00'
[2024-01-30T18:12:35.595+0000] {logging_mixin.py:188} INFO - JSON object 0 has been formatted and saved
[2024-01-30T18:12:35.598+0000] {logging_mixin.py:188} INFO - JSON object 1 has been formatted and saved
[2024-01-30T18:12:35.602+0000] {logging_mixin.py:188} INFO - JSON object 2 has been formatted and saved
[2024-01-30T18:12:35.606+0000] {logging_mixin.py:188} INFO - JSON object 3 has been formatted and saved
[2024-01-30T18:12:35.609+0000] {logging_mixin.py:188} INFO - JSON object 4 has been formatted and saved
[2024-01-30T18:12:35.613+0000] {logging_mixin.py:188} INFO - JSON object 5 has been formatted and saved
[2024-01-30T18:12:35.617+0000] {logging_mixin.py:188} INFO - JSON object 6 has been formatted and saved
[2024-01-30T18:12:35.621+0000] {logging_mixin.py:188} INFO - JSON object 7 has been formatted and saved
[2024-01-30T18:12:35.622+0000] {logging_mixin.py:188} INFO - Nuclei scan completed.
[2024-01-30T18:12:35.622+0000] {python.py:201} INFO - Done. Returned value was: None
[2024-01-30T18:12:35.633+0000] {taskinstance.py:1138} INFO - Marking task as SUCCESS. dag_id=cvd_automation_pipeline, task_id=run_nuclei_scan_task, execution_date=20240130T181155, start_date=20240130T181206, end_date=20240130T181235
[2024-01-30T18:12:35.673+0000] {local_task_job_runner.py:234} INFO - Task exited with return code 0
[2024-01-30T18:12:35.690+0000] {taskinstance.py:3280} INFO - 1 downstream tasks scheduled from follow-on schedule check
