[2024-01-30T18:30:25.368+0000] {taskinstance.py:1956} INFO - Dependencies all met for dep_context=non-requeueable deps ti=<TaskInstance: cvd_automation_pipeline.enrich_nuclei_data_task manual__2024-01-30T18:28:35.503969+00:00 [queued]>
[2024-01-30T18:30:25.379+0000] {taskinstance.py:1956} INFO - Dependencies all met for dep_context=requeueable deps ti=<TaskInstance: cvd_automation_pipeline.enrich_nuclei_data_task manual__2024-01-30T18:28:35.503969+00:00 [queued]>
[2024-01-30T18:30:25.380+0000] {taskinstance.py:2170} INFO - Starting attempt 1 of 1
[2024-01-30T18:30:25.398+0000] {taskinstance.py:2191} INFO - Executing <Task(PythonOperator): enrich_nuclei_data_task> on 2024-01-30 18:28:35.503969+00:00
[2024-01-30T18:30:25.404+0000] {standard_task_runner.py:60} INFO - Started process 308 to run task
[2024-01-30T18:30:25.416+0000] {standard_task_runner.py:87} INFO - Running: ['***', 'tasks', 'run', 'cvd_automation_pipeline', 'enrich_nuclei_data_task', 'manual__2024-01-30T18:28:35.503969+00:00', '--job-id', '5', '--raw', '--subdir', 'DAGS_FOLDER/cvd_pipeline_1.py', '--cfg-path', '/tmp/tmp2zm0440_']
[2024-01-30T18:30:25.421+0000] {standard_task_runner.py:88} INFO - Job 5: Subtask enrich_nuclei_data_task
[2024-01-30T18:30:25.476+0000] {task_command.py:423} INFO - Running <TaskInstance: cvd_automation_pipeline.enrich_nuclei_data_task manual__2024-01-30T18:28:35.503969+00:00 [running]> on host 8d8bbdf320cd
[2024-01-30T18:30:25.564+0000] {taskinstance.py:2480} INFO - Exporting env vars: AIRFLOW_CTX_DAG_OWNER='***' AIRFLOW_CTX_DAG_ID='cvd_automation_pipeline' AIRFLOW_CTX_TASK_ID='enrich_nuclei_data_task' AIRFLOW_CTX_EXECUTION_DATE='2024-01-30T18:28:35.503969+00:00' AIRFLOW_CTX_TRY_NUMBER='1' AIRFLOW_CTX_DAG_RUN_ID='manual__2024-01-30T18:28:35.503969+00:00'
[2024-01-30T18:30:29.625+0000] {logging_mixin.py:188} INFO - Error running nuclei-parse-enrich: go: downloading github.com/sirupsen/logrus v1.9.0
go: downloading github.com/jessevdk/go-flags v1.5.0
go: downloading github.com/likexian/whois v1.14.4
go: downloading github.com/ipinfo/go/v2 v2.9.1
go: downloading golang.org/x/sys v0.2.0
go: downloading golang.org/x/net v0.2.0
go: downloading golang.org/x/sync v0.0.0-20220513210516-0976fa681c29
go: downloading github.com/patrickmn/go-cache v2.1.0+incompatible
exit status 1
[2024-01-30T18:30:29.627+0000] {python.py:201} INFO - Done. Returned value was: None
[2024-01-30T18:30:29.642+0000] {taskinstance.py:1138} INFO - Marking task as SUCCESS. dag_id=cvd_automation_pipeline, task_id=enrich_nuclei_data_task, execution_date=20240130T182835, start_date=20240130T183025, end_date=20240130T183029
[2024-01-30T18:30:29.680+0000] {local_task_job_runner.py:234} INFO - Task exited with return code 0
[2024-01-30T18:30:29.705+0000] {taskinstance.py:3280} INFO - 0 downstream tasks scheduled from follow-on schedule check
