[2024-01-30T23:19:25.828+0000] {processor.py:161} INFO - Started process (PID=5773) to work on /opt/airflow/dags/cvd_mail_and_reschedule.py
[2024-01-30T23:19:25.830+0000] {processor.py:830} INFO - Processing file /opt/airflow/dags/cvd_mail_and_reschedule.py for tasks to queue
[2024-01-30T23:19:25.831+0000] {logging_mixin.py:188} INFO - [2024-01-30T23:19:25.831+0000] {dagbag.py:538} INFO - Filling up the DagBag from /opt/airflow/dags/cvd_mail_and_reschedule.py
[2024-01-30T23:19:25.884+0000] {processor.py:840} INFO - DAG(s) 'vulnerability_email_notification' retrieved from /opt/airflow/dags/cvd_mail_and_reschedule.py
[2024-01-30T23:19:26.058+0000] {logging_mixin.py:188} INFO - [2024-01-30T23:19:26.057+0000] {override.py:1769} INFO - Created Permission View: can edit on DAG:vulnerability_email_notification
[2024-01-30T23:19:26.074+0000] {logging_mixin.py:188} INFO - [2024-01-30T23:19:26.074+0000] {override.py:1769} INFO - Created Permission View: can delete on DAG:vulnerability_email_notification
[2024-01-30T23:19:26.086+0000] {logging_mixin.py:188} INFO - [2024-01-30T23:19:26.085+0000] {override.py:1769} INFO - Created Permission View: can read on DAG:vulnerability_email_notification
[2024-01-30T23:19:26.087+0000] {logging_mixin.py:188} INFO - [2024-01-30T23:19:26.087+0000] {dag.py:3036} INFO - Sync 1 DAGs
[2024-01-30T23:19:26.103+0000] {logging_mixin.py:188} INFO - [2024-01-30T23:19:26.103+0000] {dag.py:3058} INFO - Creating ORM DAG for vulnerability_email_notification
[2024-01-30T23:19:26.104+0000] {logging_mixin.py:188} INFO - [2024-01-30T23:19:26.104+0000] {dag.py:3823} INFO - Setting next_dagrun for vulnerability_email_notification to None, run_after=None
[2024-01-30T23:19:26.135+0000] {processor.py:183} INFO - Processing /opt/airflow/dags/cvd_mail_and_reschedule.py took 0.312 seconds
[2024-01-30T23:19:56.752+0000] {processor.py:161} INFO - Started process (PID=5799) to work on /opt/airflow/dags/cvd_mail_and_reschedule.py
[2024-01-30T23:19:56.753+0000] {processor.py:830} INFO - Processing file /opt/airflow/dags/cvd_mail_and_reschedule.py for tasks to queue
[2024-01-30T23:19:56.755+0000] {logging_mixin.py:188} INFO - [2024-01-30T23:19:56.755+0000] {dagbag.py:538} INFO - Filling up the DagBag from /opt/airflow/dags/cvd_mail_and_reschedule.py
[2024-01-30T23:19:56.787+0000] {processor.py:840} INFO - DAG(s) 'vulnerability_email_notification' retrieved from /opt/airflow/dags/cvd_mail_and_reschedule.py
[2024-01-30T23:19:56.822+0000] {logging_mixin.py:188} INFO - [2024-01-30T23:19:56.822+0000] {dag.py:3036} INFO - Sync 1 DAGs
[2024-01-30T23:19:56.839+0000] {logging_mixin.py:188} INFO - [2024-01-30T23:19:56.838+0000] {dag.py:3823} INFO - Setting next_dagrun for vulnerability_email_notification to None, run_after=None
[2024-01-30T23:19:56.867+0000] {processor.py:183} INFO - Processing /opt/airflow/dags/cvd_mail_and_reschedule.py took 0.123 seconds
[2024-01-30T23:20:27.486+0000] {processor.py:161} INFO - Started process (PID=5825) to work on /opt/airflow/dags/cvd_mail_and_reschedule.py
[2024-01-30T23:20:27.488+0000] {processor.py:830} INFO - Processing file /opt/airflow/dags/cvd_mail_and_reschedule.py for tasks to queue
[2024-01-30T23:20:27.490+0000] {logging_mixin.py:188} INFO - [2024-01-30T23:20:27.489+0000] {dagbag.py:538} INFO - Filling up the DagBag from /opt/airflow/dags/cvd_mail_and_reschedule.py
[2024-01-30T23:20:27.524+0000] {processor.py:840} INFO - DAG(s) 'vulnerability_email_notification' retrieved from /opt/airflow/dags/cvd_mail_and_reschedule.py
[2024-01-30T23:20:27.564+0000] {logging_mixin.py:188} INFO - [2024-01-30T23:20:27.563+0000] {dag.py:3036} INFO - Sync 1 DAGs
[2024-01-30T23:20:27.583+0000] {logging_mixin.py:188} INFO - [2024-01-30T23:20:27.583+0000] {dag.py:3823} INFO - Setting next_dagrun for vulnerability_email_notification to None, run_after=None
[2024-01-30T23:20:27.630+0000] {processor.py:183} INFO - Processing /opt/airflow/dags/cvd_mail_and_reschedule.py took 0.150 seconds
[2024-01-30T23:20:58.212+0000] {processor.py:161} INFO - Started process (PID=5851) to work on /opt/airflow/dags/cvd_mail_and_reschedule.py
[2024-01-30T23:20:58.214+0000] {processor.py:830} INFO - Processing file /opt/airflow/dags/cvd_mail_and_reschedule.py for tasks to queue
[2024-01-30T23:20:58.215+0000] {logging_mixin.py:188} INFO - [2024-01-30T23:20:58.215+0000] {dagbag.py:538} INFO - Filling up the DagBag from /opt/airflow/dags/cvd_mail_and_reschedule.py
[2024-01-30T23:20:58.247+0000] {processor.py:840} INFO - DAG(s) 'vulnerability_email_notification' retrieved from /opt/airflow/dags/cvd_mail_and_reschedule.py
[2024-01-30T23:20:58.285+0000] {logging_mixin.py:188} INFO - [2024-01-30T23:20:58.285+0000] {dag.py:3036} INFO - Sync 1 DAGs
[2024-01-30T23:20:58.302+0000] {logging_mixin.py:188} INFO - [2024-01-30T23:20:58.302+0000] {dag.py:3823} INFO - Setting next_dagrun for vulnerability_email_notification to None, run_after=None
[2024-01-30T23:20:58.329+0000] {processor.py:183} INFO - Processing /opt/airflow/dags/cvd_mail_and_reschedule.py took 0.121 seconds
[2024-01-30T23:21:03.480+0000] {processor.py:161} INFO - Started process (PID=5858) to work on /opt/airflow/dags/cvd_mail_and_reschedule.py
[2024-01-30T23:21:03.482+0000] {processor.py:830} INFO - Processing file /opt/airflow/dags/cvd_mail_and_reschedule.py for tasks to queue
[2024-01-30T23:21:03.484+0000] {logging_mixin.py:188} INFO - [2024-01-30T23:21:03.484+0000] {dagbag.py:538} INFO - Filling up the DagBag from /opt/airflow/dags/cvd_mail_and_reschedule.py
[2024-01-30T23:21:03.549+0000] {processor.py:840} INFO - DAG(s) 'vulnerability_email_notification' retrieved from /opt/airflow/dags/cvd_mail_and_reschedule.py
[2024-01-30T23:21:03.596+0000] {logging_mixin.py:188} INFO - [2024-01-30T23:21:03.595+0000] {dag.py:3036} INFO - Sync 1 DAGs
[2024-01-30T23:21:03.614+0000] {logging_mixin.py:188} INFO - [2024-01-30T23:21:03.613+0000] {dag.py:3823} INFO - Setting next_dagrun for vulnerability_email_notification to None, run_after=None
[2024-01-30T23:21:03.645+0000] {processor.py:183} INFO - Processing /opt/airflow/dags/cvd_mail_and_reschedule.py took 0.170 seconds
[2024-01-30T23:21:34.225+0000] {processor.py:161} INFO - Started process (PID=5884) to work on /opt/airflow/dags/cvd_mail_and_reschedule.py
[2024-01-30T23:21:34.227+0000] {processor.py:830} INFO - Processing file /opt/airflow/dags/cvd_mail_and_reschedule.py for tasks to queue
[2024-01-30T23:21:34.229+0000] {logging_mixin.py:188} INFO - [2024-01-30T23:21:34.229+0000] {dagbag.py:538} INFO - Filling up the DagBag from /opt/airflow/dags/cvd_mail_and_reschedule.py
[2024-01-30T23:21:34.261+0000] {processor.py:840} INFO - DAG(s) 'vulnerability_email_notification' retrieved from /opt/airflow/dags/cvd_mail_and_reschedule.py
[2024-01-30T23:21:34.298+0000] {logging_mixin.py:188} INFO - [2024-01-30T23:21:34.297+0000] {dag.py:3036} INFO - Sync 1 DAGs
[2024-01-30T23:21:34.315+0000] {logging_mixin.py:188} INFO - [2024-01-30T23:21:34.315+0000] {dag.py:3823} INFO - Setting next_dagrun for vulnerability_email_notification to None, run_after=None
[2024-01-30T23:21:34.352+0000] {processor.py:183} INFO - Processing /opt/airflow/dags/cvd_mail_and_reschedule.py took 0.130 seconds
[2024-01-30T23:22:05.032+0000] {processor.py:161} INFO - Started process (PID=5910) to work on /opt/airflow/dags/cvd_mail_and_reschedule.py
[2024-01-30T23:22:05.034+0000] {processor.py:830} INFO - Processing file /opt/airflow/dags/cvd_mail_and_reschedule.py for tasks to queue
[2024-01-30T23:22:05.036+0000] {logging_mixin.py:188} INFO - [2024-01-30T23:22:05.035+0000] {dagbag.py:538} INFO - Filling up the DagBag from /opt/airflow/dags/cvd_mail_and_reschedule.py
[2024-01-30T23:22:05.069+0000] {processor.py:840} INFO - DAG(s) 'vulnerability_email_notification' retrieved from /opt/airflow/dags/cvd_mail_and_reschedule.py
[2024-01-30T23:22:05.105+0000] {logging_mixin.py:188} INFO - [2024-01-30T23:22:05.105+0000] {dag.py:3036} INFO - Sync 1 DAGs
[2024-01-30T23:22:05.121+0000] {logging_mixin.py:188} INFO - [2024-01-30T23:22:05.121+0000] {dag.py:3823} INFO - Setting next_dagrun for vulnerability_email_notification to None, run_after=None
[2024-01-30T23:22:05.157+0000] {processor.py:183} INFO - Processing /opt/airflow/dags/cvd_mail_and_reschedule.py took 0.129 seconds
[2024-01-30T23:22:35.730+0000] {processor.py:161} INFO - Started process (PID=5936) to work on /opt/airflow/dags/cvd_mail_and_reschedule.py
[2024-01-30T23:22:35.731+0000] {processor.py:830} INFO - Processing file /opt/airflow/dags/cvd_mail_and_reschedule.py for tasks to queue
[2024-01-30T23:22:35.733+0000] {logging_mixin.py:188} INFO - [2024-01-30T23:22:35.732+0000] {dagbag.py:538} INFO - Filling up the DagBag from /opt/airflow/dags/cvd_mail_and_reschedule.py
[2024-01-30T23:22:35.764+0000] {processor.py:840} INFO - DAG(s) 'vulnerability_email_notification' retrieved from /opt/airflow/dags/cvd_mail_and_reschedule.py
[2024-01-30T23:22:35.797+0000] {logging_mixin.py:188} INFO - [2024-01-30T23:22:35.796+0000] {dag.py:3036} INFO - Sync 1 DAGs
[2024-01-30T23:22:35.812+0000] {logging_mixin.py:188} INFO - [2024-01-30T23:22:35.812+0000] {dag.py:3823} INFO - Setting next_dagrun for vulnerability_email_notification to None, run_after=None
[2024-01-30T23:22:35.845+0000] {processor.py:183} INFO - Processing /opt/airflow/dags/cvd_mail_and_reschedule.py took 0.119 seconds
[2024-01-30T23:23:06.451+0000] {processor.py:161} INFO - Started process (PID=5962) to work on /opt/airflow/dags/cvd_mail_and_reschedule.py
[2024-01-30T23:23:06.453+0000] {processor.py:830} INFO - Processing file /opt/airflow/dags/cvd_mail_and_reschedule.py for tasks to queue
[2024-01-30T23:23:06.454+0000] {logging_mixin.py:188} INFO - [2024-01-30T23:23:06.454+0000] {dagbag.py:538} INFO - Filling up the DagBag from /opt/airflow/dags/cvd_mail_and_reschedule.py
[2024-01-30T23:23:06.484+0000] {processor.py:840} INFO - DAG(s) 'vulnerability_email_notification' retrieved from /opt/airflow/dags/cvd_mail_and_reschedule.py
[2024-01-30T23:23:06.518+0000] {logging_mixin.py:188} INFO - [2024-01-30T23:23:06.517+0000] {dag.py:3036} INFO - Sync 1 DAGs
[2024-01-30T23:23:06.534+0000] {logging_mixin.py:188} INFO - [2024-01-30T23:23:06.534+0000] {dag.py:3823} INFO - Setting next_dagrun for vulnerability_email_notification to None, run_after=None
[2024-01-30T23:23:06.561+0000] {processor.py:183} INFO - Processing /opt/airflow/dags/cvd_mail_and_reschedule.py took 0.113 seconds
[2024-01-30T23:23:37.217+0000] {processor.py:161} INFO - Started process (PID=5988) to work on /opt/airflow/dags/cvd_mail_and_reschedule.py
[2024-01-30T23:23:37.218+0000] {processor.py:830} INFO - Processing file /opt/airflow/dags/cvd_mail_and_reschedule.py for tasks to queue
[2024-01-30T23:23:37.220+0000] {logging_mixin.py:188} INFO - [2024-01-30T23:23:37.219+0000] {dagbag.py:538} INFO - Filling up the DagBag from /opt/airflow/dags/cvd_mail_and_reschedule.py
[2024-01-30T23:23:37.252+0000] {processor.py:840} INFO - DAG(s) 'vulnerability_email_notification' retrieved from /opt/airflow/dags/cvd_mail_and_reschedule.py
[2024-01-30T23:23:37.289+0000] {logging_mixin.py:188} INFO - [2024-01-30T23:23:37.289+0000] {dag.py:3036} INFO - Sync 1 DAGs
[2024-01-30T23:23:37.313+0000] {logging_mixin.py:188} INFO - [2024-01-30T23:23:37.312+0000] {dag.py:3823} INFO - Setting next_dagrun for vulnerability_email_notification to None, run_after=None
[2024-01-30T23:23:37.344+0000] {processor.py:183} INFO - Processing /opt/airflow/dags/cvd_mail_and_reschedule.py took 0.131 seconds
[2024-01-30T23:24:07.919+0000] {processor.py:161} INFO - Started process (PID=6014) to work on /opt/airflow/dags/cvd_mail_and_reschedule.py
[2024-01-30T23:24:07.921+0000] {processor.py:830} INFO - Processing file /opt/airflow/dags/cvd_mail_and_reschedule.py for tasks to queue
[2024-01-30T23:24:07.923+0000] {logging_mixin.py:188} INFO - [2024-01-30T23:24:07.922+0000] {dagbag.py:538} INFO - Filling up the DagBag from /opt/airflow/dags/cvd_mail_and_reschedule.py
[2024-01-30T23:24:07.960+0000] {processor.py:840} INFO - DAG(s) 'vulnerability_email_notification' retrieved from /opt/airflow/dags/cvd_mail_and_reschedule.py
[2024-01-30T23:24:08.008+0000] {logging_mixin.py:188} INFO - [2024-01-30T23:24:08.007+0000] {dag.py:3036} INFO - Sync 1 DAGs
[2024-01-30T23:24:08.030+0000] {logging_mixin.py:188} INFO - [2024-01-30T23:24:08.030+0000] {dag.py:3823} INFO - Setting next_dagrun for vulnerability_email_notification to None, run_after=None
[2024-01-30T23:24:08.072+0000] {processor.py:183} INFO - Processing /opt/airflow/dags/cvd_mail_and_reschedule.py took 0.159 seconds
[2024-01-30T23:24:38.542+0000] {processor.py:161} INFO - Started process (PID=6040) to work on /opt/airflow/dags/cvd_mail_and_reschedule.py
[2024-01-30T23:24:38.544+0000] {processor.py:830} INFO - Processing file /opt/airflow/dags/cvd_mail_and_reschedule.py for tasks to queue
[2024-01-30T23:24:38.545+0000] {logging_mixin.py:188} INFO - [2024-01-30T23:24:38.545+0000] {dagbag.py:538} INFO - Filling up the DagBag from /opt/airflow/dags/cvd_mail_and_reschedule.py
[2024-01-30T23:24:38.579+0000] {processor.py:840} INFO - DAG(s) 'vulnerability_email_notification' retrieved from /opt/airflow/dags/cvd_mail_and_reschedule.py
[2024-01-30T23:24:38.614+0000] {logging_mixin.py:188} INFO - [2024-01-30T23:24:38.614+0000] {dag.py:3036} INFO - Sync 1 DAGs
[2024-01-30T23:24:38.635+0000] {logging_mixin.py:188} INFO - [2024-01-30T23:24:38.634+0000] {dag.py:3823} INFO - Setting next_dagrun for vulnerability_email_notification to None, run_after=None
[2024-01-30T23:24:38.665+0000] {processor.py:183} INFO - Processing /opt/airflow/dags/cvd_mail_and_reschedule.py took 0.127 seconds
[2024-01-30T23:25:09.032+0000] {processor.py:161} INFO - Started process (PID=6066) to work on /opt/airflow/dags/cvd_mail_and_reschedule.py
[2024-01-30T23:25:09.034+0000] {processor.py:830} INFO - Processing file /opt/airflow/dags/cvd_mail_and_reschedule.py for tasks to queue
[2024-01-30T23:25:09.035+0000] {logging_mixin.py:188} INFO - [2024-01-30T23:25:09.035+0000] {dagbag.py:538} INFO - Filling up the DagBag from /opt/airflow/dags/cvd_mail_and_reschedule.py
[2024-01-30T23:25:09.064+0000] {processor.py:840} INFO - DAG(s) 'vulnerability_email_notification' retrieved from /opt/airflow/dags/cvd_mail_and_reschedule.py
[2024-01-30T23:25:09.080+0000] {logging_mixin.py:188} INFO - [2024-01-30T23:25:09.079+0000] {dag.py:3036} INFO - Sync 1 DAGs
[2024-01-30T23:25:09.098+0000] {logging_mixin.py:188} INFO - [2024-01-30T23:25:09.098+0000] {dag.py:3823} INFO - Setting next_dagrun for vulnerability_email_notification to None, run_after=None
[2024-01-30T23:25:09.124+0000] {processor.py:183} INFO - Processing /opt/airflow/dags/cvd_mail_and_reschedule.py took 0.096 seconds
[2024-01-30T23:25:39.826+0000] {processor.py:161} INFO - Started process (PID=6094) to work on /opt/airflow/dags/cvd_mail_and_reschedule.py
[2024-01-30T23:25:39.828+0000] {processor.py:830} INFO - Processing file /opt/airflow/dags/cvd_mail_and_reschedule.py for tasks to queue
[2024-01-30T23:25:39.829+0000] {logging_mixin.py:188} INFO - [2024-01-30T23:25:39.829+0000] {dagbag.py:538} INFO - Filling up the DagBag from /opt/airflow/dags/cvd_mail_and_reschedule.py
[2024-01-30T23:25:39.859+0000] {processor.py:840} INFO - DAG(s) 'vulnerability_email_notification' retrieved from /opt/airflow/dags/cvd_mail_and_reschedule.py
[2024-01-30T23:25:40.001+0000] {logging_mixin.py:188} INFO - [2024-01-30T23:25:40.000+0000] {dag.py:3036} INFO - Sync 1 DAGs
[2024-01-30T23:25:40.015+0000] {logging_mixin.py:188} INFO - [2024-01-30T23:25:40.015+0000] {dag.py:3823} INFO - Setting next_dagrun for vulnerability_email_notification to None, run_after=None
[2024-01-30T23:25:40.040+0000] {processor.py:183} INFO - Processing /opt/airflow/dags/cvd_mail_and_reschedule.py took 0.218 seconds
[2024-01-30T23:26:10.607+0000] {processor.py:161} INFO - Started process (PID=6120) to work on /opt/airflow/dags/cvd_mail_and_reschedule.py
[2024-01-30T23:26:10.608+0000] {processor.py:830} INFO - Processing file /opt/airflow/dags/cvd_mail_and_reschedule.py for tasks to queue
[2024-01-30T23:26:10.610+0000] {logging_mixin.py:188} INFO - [2024-01-30T23:26:10.610+0000] {dagbag.py:538} INFO - Filling up the DagBag from /opt/airflow/dags/cvd_mail_and_reschedule.py
[2024-01-30T23:26:10.641+0000] {processor.py:840} INFO - DAG(s) 'vulnerability_email_notification' retrieved from /opt/airflow/dags/cvd_mail_and_reschedule.py
[2024-01-30T23:26:10.682+0000] {logging_mixin.py:188} INFO - [2024-01-30T23:26:10.682+0000] {dag.py:3036} INFO - Sync 1 DAGs
[2024-01-30T23:26:10.705+0000] {logging_mixin.py:188} INFO - [2024-01-30T23:26:10.704+0000] {dag.py:3823} INFO - Setting next_dagrun for vulnerability_email_notification to None, run_after=None
[2024-01-30T23:26:10.735+0000] {processor.py:183} INFO - Processing /opt/airflow/dags/cvd_mail_and_reschedule.py took 0.133 seconds
[2024-01-30T23:26:41.306+0000] {processor.py:161} INFO - Started process (PID=6146) to work on /opt/airflow/dags/cvd_mail_and_reschedule.py
[2024-01-30T23:26:41.307+0000] {processor.py:830} INFO - Processing file /opt/airflow/dags/cvd_mail_and_reschedule.py for tasks to queue
[2024-01-30T23:26:41.309+0000] {logging_mixin.py:188} INFO - [2024-01-30T23:26:41.308+0000] {dagbag.py:538} INFO - Filling up the DagBag from /opt/airflow/dags/cvd_mail_and_reschedule.py
[2024-01-30T23:26:41.341+0000] {processor.py:840} INFO - DAG(s) 'vulnerability_email_notification' retrieved from /opt/airflow/dags/cvd_mail_and_reschedule.py
[2024-01-30T23:26:41.380+0000] {logging_mixin.py:188} INFO - [2024-01-30T23:26:41.380+0000] {dag.py:3036} INFO - Sync 1 DAGs
[2024-01-30T23:26:41.399+0000] {logging_mixin.py:188} INFO - [2024-01-30T23:26:41.399+0000] {dag.py:3823} INFO - Setting next_dagrun for vulnerability_email_notification to None, run_after=None
[2024-01-30T23:26:41.429+0000] {processor.py:183} INFO - Processing /opt/airflow/dags/cvd_mail_and_reschedule.py took 0.127 seconds
[2024-01-30T23:27:11.965+0000] {processor.py:161} INFO - Started process (PID=6172) to work on /opt/airflow/dags/cvd_mail_and_reschedule.py
[2024-01-30T23:27:11.966+0000] {processor.py:830} INFO - Processing file /opt/airflow/dags/cvd_mail_and_reschedule.py for tasks to queue
[2024-01-30T23:27:11.968+0000] {logging_mixin.py:188} INFO - [2024-01-30T23:27:11.967+0000] {dagbag.py:538} INFO - Filling up the DagBag from /opt/airflow/dags/cvd_mail_and_reschedule.py
[2024-01-30T23:27:11.999+0000] {processor.py:840} INFO - DAG(s) 'vulnerability_email_notification' retrieved from /opt/airflow/dags/cvd_mail_and_reschedule.py
[2024-01-30T23:27:12.036+0000] {logging_mixin.py:188} INFO - [2024-01-30T23:27:12.036+0000] {dag.py:3036} INFO - Sync 1 DAGs
[2024-01-30T23:27:12.054+0000] {logging_mixin.py:188} INFO - [2024-01-30T23:27:12.053+0000] {dag.py:3823} INFO - Setting next_dagrun for vulnerability_email_notification to None, run_after=None
[2024-01-30T23:27:12.078+0000] {processor.py:183} INFO - Processing /opt/airflow/dags/cvd_mail_and_reschedule.py took 0.117 seconds
[2024-01-30T23:27:42.672+0000] {processor.py:161} INFO - Started process (PID=6198) to work on /opt/airflow/dags/cvd_mail_and_reschedule.py
[2024-01-30T23:27:42.674+0000] {processor.py:830} INFO - Processing file /opt/airflow/dags/cvd_mail_and_reschedule.py for tasks to queue
[2024-01-30T23:27:42.675+0000] {logging_mixin.py:188} INFO - [2024-01-30T23:27:42.675+0000] {dagbag.py:538} INFO - Filling up the DagBag from /opt/airflow/dags/cvd_mail_and_reschedule.py
[2024-01-30T23:27:42.704+0000] {processor.py:840} INFO - DAG(s) 'vulnerability_email_notification' retrieved from /opt/airflow/dags/cvd_mail_and_reschedule.py
[2024-01-30T23:27:42.741+0000] {logging_mixin.py:188} INFO - [2024-01-30T23:27:42.741+0000] {dag.py:3036} INFO - Sync 1 DAGs
[2024-01-30T23:27:42.759+0000] {logging_mixin.py:188} INFO - [2024-01-30T23:27:42.758+0000] {dag.py:3823} INFO - Setting next_dagrun for vulnerability_email_notification to None, run_after=None
[2024-01-30T23:27:42.797+0000] {processor.py:183} INFO - Processing /opt/airflow/dags/cvd_mail_and_reschedule.py took 0.130 seconds
[2024-01-30T23:28:13.371+0000] {processor.py:161} INFO - Started process (PID=6224) to work on /opt/airflow/dags/cvd_mail_and_reschedule.py
[2024-01-30T23:28:13.372+0000] {processor.py:830} INFO - Processing file /opt/airflow/dags/cvd_mail_and_reschedule.py for tasks to queue
[2024-01-30T23:28:13.374+0000] {logging_mixin.py:188} INFO - [2024-01-30T23:28:13.373+0000] {dagbag.py:538} INFO - Filling up the DagBag from /opt/airflow/dags/cvd_mail_and_reschedule.py
[2024-01-30T23:28:13.405+0000] {processor.py:840} INFO - DAG(s) 'vulnerability_email_notification' retrieved from /opt/airflow/dags/cvd_mail_and_reschedule.py
[2024-01-30T23:28:13.458+0000] {logging_mixin.py:188} INFO - [2024-01-30T23:28:13.449+0000] {dag.py:3036} INFO - Sync 1 DAGs
[2024-01-30T23:28:13.477+0000] {logging_mixin.py:188} INFO - [2024-01-30T23:28:13.477+0000] {dag.py:3823} INFO - Setting next_dagrun for vulnerability_email_notification to None, run_after=None
[2024-01-30T23:28:13.509+0000] {processor.py:183} INFO - Processing /opt/airflow/dags/cvd_mail_and_reschedule.py took 0.142 seconds
[2024-01-30T23:28:44.086+0000] {processor.py:161} INFO - Started process (PID=6250) to work on /opt/airflow/dags/cvd_mail_and_reschedule.py
[2024-01-30T23:28:44.088+0000] {processor.py:830} INFO - Processing file /opt/airflow/dags/cvd_mail_and_reschedule.py for tasks to queue
[2024-01-30T23:28:44.091+0000] {logging_mixin.py:188} INFO - [2024-01-30T23:28:44.090+0000] {dagbag.py:538} INFO - Filling up the DagBag from /opt/airflow/dags/cvd_mail_and_reschedule.py
[2024-01-30T23:28:44.129+0000] {processor.py:840} INFO - DAG(s) 'vulnerability_email_notification' retrieved from /opt/airflow/dags/cvd_mail_and_reschedule.py
[2024-01-30T23:28:44.178+0000] {logging_mixin.py:188} INFO - [2024-01-30T23:28:44.177+0000] {dag.py:3036} INFO - Sync 1 DAGs
[2024-01-30T23:28:44.201+0000] {logging_mixin.py:188} INFO - [2024-01-30T23:28:44.200+0000] {dag.py:3823} INFO - Setting next_dagrun for vulnerability_email_notification to None, run_after=None
[2024-01-30T23:28:44.245+0000] {processor.py:183} INFO - Processing /opt/airflow/dags/cvd_mail_and_reschedule.py took 0.163 seconds
[2024-01-30T23:29:14.789+0000] {processor.py:161} INFO - Started process (PID=6276) to work on /opt/airflow/dags/cvd_mail_and_reschedule.py
[2024-01-30T23:29:14.790+0000] {processor.py:830} INFO - Processing file /opt/airflow/dags/cvd_mail_and_reschedule.py for tasks to queue
[2024-01-30T23:29:14.792+0000] {logging_mixin.py:188} INFO - [2024-01-30T23:29:14.791+0000] {dagbag.py:538} INFO - Filling up the DagBag from /opt/airflow/dags/cvd_mail_and_reschedule.py
[2024-01-30T23:29:14.819+0000] {processor.py:840} INFO - DAG(s) 'vulnerability_email_notification' retrieved from /opt/airflow/dags/cvd_mail_and_reschedule.py
[2024-01-30T23:29:14.854+0000] {logging_mixin.py:188} INFO - [2024-01-30T23:29:14.853+0000] {dag.py:3036} INFO - Sync 1 DAGs
[2024-01-30T23:29:14.871+0000] {logging_mixin.py:188} INFO - [2024-01-30T23:29:14.871+0000] {dag.py:3823} INFO - Setting next_dagrun for vulnerability_email_notification to None, run_after=None
[2024-01-30T23:29:14.899+0000] {processor.py:183} INFO - Processing /opt/airflow/dags/cvd_mail_and_reschedule.py took 0.115 seconds
[2024-01-30T23:29:45.526+0000] {processor.py:161} INFO - Started process (PID=6302) to work on /opt/airflow/dags/cvd_mail_and_reschedule.py
[2024-01-30T23:29:45.527+0000] {processor.py:830} INFO - Processing file /opt/airflow/dags/cvd_mail_and_reschedule.py for tasks to queue
[2024-01-30T23:29:45.529+0000] {logging_mixin.py:188} INFO - [2024-01-30T23:29:45.528+0000] {dagbag.py:538} INFO - Filling up the DagBag from /opt/airflow/dags/cvd_mail_and_reschedule.py
[2024-01-30T23:29:45.561+0000] {processor.py:840} INFO - DAG(s) 'vulnerability_email_notification' retrieved from /opt/airflow/dags/cvd_mail_and_reschedule.py
[2024-01-30T23:29:45.597+0000] {logging_mixin.py:188} INFO - [2024-01-30T23:29:45.597+0000] {dag.py:3036} INFO - Sync 1 DAGs
[2024-01-30T23:29:45.615+0000] {logging_mixin.py:188} INFO - [2024-01-30T23:29:45.615+0000] {dag.py:3823} INFO - Setting next_dagrun for vulnerability_email_notification to None, run_after=None
[2024-01-30T23:29:45.642+0000] {processor.py:183} INFO - Processing /opt/airflow/dags/cvd_mail_and_reschedule.py took 0.121 seconds
[2024-01-30T23:30:16.231+0000] {processor.py:161} INFO - Started process (PID=6328) to work on /opt/airflow/dags/cvd_mail_and_reschedule.py
[2024-01-30T23:30:16.233+0000] {processor.py:830} INFO - Processing file /opt/airflow/dags/cvd_mail_and_reschedule.py for tasks to queue
[2024-01-30T23:30:16.234+0000] {logging_mixin.py:188} INFO - [2024-01-30T23:30:16.234+0000] {dagbag.py:538} INFO - Filling up the DagBag from /opt/airflow/dags/cvd_mail_and_reschedule.py
[2024-01-30T23:30:16.275+0000] {processor.py:840} INFO - DAG(s) 'vulnerability_email_notification' retrieved from /opt/airflow/dags/cvd_mail_and_reschedule.py
[2024-01-30T23:30:16.320+0000] {logging_mixin.py:188} INFO - [2024-01-30T23:30:16.319+0000] {dag.py:3036} INFO - Sync 1 DAGs
[2024-01-30T23:30:16.343+0000] {logging_mixin.py:188} INFO - [2024-01-30T23:30:16.342+0000] {dag.py:3823} INFO - Setting next_dagrun for vulnerability_email_notification to None, run_after=None
[2024-01-30T23:30:16.386+0000] {processor.py:183} INFO - Processing /opt/airflow/dags/cvd_mail_and_reschedule.py took 0.160 seconds
[2024-01-30T23:30:46.922+0000] {processor.py:161} INFO - Started process (PID=6356) to work on /opt/airflow/dags/cvd_mail_and_reschedule.py
[2024-01-30T23:30:46.924+0000] {processor.py:830} INFO - Processing file /opt/airflow/dags/cvd_mail_and_reschedule.py for tasks to queue
[2024-01-30T23:30:46.925+0000] {logging_mixin.py:188} INFO - [2024-01-30T23:30:46.925+0000] {dagbag.py:538} INFO - Filling up the DagBag from /opt/airflow/dags/cvd_mail_and_reschedule.py
[2024-01-30T23:30:46.954+0000] {processor.py:840} INFO - DAG(s) 'vulnerability_email_notification' retrieved from /opt/airflow/dags/cvd_mail_and_reschedule.py
[2024-01-30T23:30:46.994+0000] {logging_mixin.py:188} INFO - [2024-01-30T23:30:46.993+0000] {dag.py:3036} INFO - Sync 1 DAGs
[2024-01-30T23:30:47.010+0000] {logging_mixin.py:188} INFO - [2024-01-30T23:30:47.009+0000] {dag.py:3823} INFO - Setting next_dagrun for vulnerability_email_notification to None, run_after=None
[2024-01-30T23:30:47.035+0000] {processor.py:183} INFO - Processing /opt/airflow/dags/cvd_mail_and_reschedule.py took 0.116 seconds
[2024-01-30T23:31:17.587+0000] {processor.py:161} INFO - Started process (PID=6382) to work on /opt/airflow/dags/cvd_mail_and_reschedule.py
[2024-01-30T23:31:17.588+0000] {processor.py:830} INFO - Processing file /opt/airflow/dags/cvd_mail_and_reschedule.py for tasks to queue
[2024-01-30T23:31:17.590+0000] {logging_mixin.py:188} INFO - [2024-01-30T23:31:17.589+0000] {dagbag.py:538} INFO - Filling up the DagBag from /opt/airflow/dags/cvd_mail_and_reschedule.py
[2024-01-30T23:31:17.624+0000] {processor.py:840} INFO - DAG(s) 'vulnerability_email_notification' retrieved from /opt/airflow/dags/cvd_mail_and_reschedule.py
[2024-01-30T23:31:17.665+0000] {logging_mixin.py:188} INFO - [2024-01-30T23:31:17.664+0000] {dag.py:3036} INFO - Sync 1 DAGs
[2024-01-30T23:31:17.681+0000] {logging_mixin.py:188} INFO - [2024-01-30T23:31:17.680+0000] {dag.py:3823} INFO - Setting next_dagrun for vulnerability_email_notification to None, run_after=None
[2024-01-30T23:31:17.718+0000] {processor.py:183} INFO - Processing /opt/airflow/dags/cvd_mail_and_reschedule.py took 0.135 seconds
[2024-01-30T23:31:48.335+0000] {processor.py:161} INFO - Started process (PID=6408) to work on /opt/airflow/dags/cvd_mail_and_reschedule.py
[2024-01-30T23:31:48.337+0000] {processor.py:830} INFO - Processing file /opt/airflow/dags/cvd_mail_and_reschedule.py for tasks to queue
[2024-01-30T23:31:48.339+0000] {logging_mixin.py:188} INFO - [2024-01-30T23:31:48.338+0000] {dagbag.py:538} INFO - Filling up the DagBag from /opt/airflow/dags/cvd_mail_and_reschedule.py
[2024-01-30T23:31:48.373+0000] {processor.py:840} INFO - DAG(s) 'vulnerability_email_notification' retrieved from /opt/airflow/dags/cvd_mail_and_reschedule.py
[2024-01-30T23:31:48.412+0000] {logging_mixin.py:188} INFO - [2024-01-30T23:31:48.411+0000] {dag.py:3036} INFO - Sync 1 DAGs
[2024-01-30T23:31:48.429+0000] {logging_mixin.py:188} INFO - [2024-01-30T23:31:48.429+0000] {dag.py:3823} INFO - Setting next_dagrun for vulnerability_email_notification to None, run_after=None
[2024-01-30T23:31:48.461+0000] {processor.py:183} INFO - Processing /opt/airflow/dags/cvd_mail_and_reschedule.py took 0.134 seconds
[2024-01-30T23:32:19.023+0000] {processor.py:161} INFO - Started process (PID=6434) to work on /opt/airflow/dags/cvd_mail_and_reschedule.py
[2024-01-30T23:32:19.025+0000] {processor.py:830} INFO - Processing file /opt/airflow/dags/cvd_mail_and_reschedule.py for tasks to queue
[2024-01-30T23:32:19.027+0000] {logging_mixin.py:188} INFO - [2024-01-30T23:32:19.027+0000] {dagbag.py:538} INFO - Filling up the DagBag from /opt/airflow/dags/cvd_mail_and_reschedule.py
[2024-01-30T23:32:19.059+0000] {processor.py:840} INFO - DAG(s) 'vulnerability_email_notification' retrieved from /opt/airflow/dags/cvd_mail_and_reschedule.py
[2024-01-30T23:32:19.092+0000] {logging_mixin.py:188} INFO - [2024-01-30T23:32:19.091+0000] {dag.py:3036} INFO - Sync 1 DAGs
[2024-01-30T23:32:19.107+0000] {logging_mixin.py:188} INFO - [2024-01-30T23:32:19.107+0000] {dag.py:3823} INFO - Setting next_dagrun for vulnerability_email_notification to None, run_after=None
[2024-01-30T23:32:19.132+0000] {processor.py:183} INFO - Processing /opt/airflow/dags/cvd_mail_and_reschedule.py took 0.114 seconds
[2024-01-30T23:32:49.709+0000] {processor.py:161} INFO - Started process (PID=6460) to work on /opt/airflow/dags/cvd_mail_and_reschedule.py
[2024-01-30T23:32:49.710+0000] {processor.py:830} INFO - Processing file /opt/airflow/dags/cvd_mail_and_reschedule.py for tasks to queue
[2024-01-30T23:32:49.712+0000] {logging_mixin.py:188} INFO - [2024-01-30T23:32:49.711+0000] {dagbag.py:538} INFO - Filling up the DagBag from /opt/airflow/dags/cvd_mail_and_reschedule.py
[2024-01-30T23:32:49.740+0000] {processor.py:840} INFO - DAG(s) 'vulnerability_email_notification' retrieved from /opt/airflow/dags/cvd_mail_and_reschedule.py
[2024-01-30T23:32:49.777+0000] {logging_mixin.py:188} INFO - [2024-01-30T23:32:49.777+0000] {dag.py:3036} INFO - Sync 1 DAGs
[2024-01-30T23:32:49.795+0000] {logging_mixin.py:188} INFO - [2024-01-30T23:32:49.794+0000] {dag.py:3823} INFO - Setting next_dagrun for vulnerability_email_notification to None, run_after=None
[2024-01-30T23:32:49.821+0000] {processor.py:183} INFO - Processing /opt/airflow/dags/cvd_mail_and_reschedule.py took 0.116 seconds
[2024-01-30T23:33:10.983+0000] {processor.py:161} INFO - Started process (PID=6471) to work on /opt/airflow/dags/cvd_mail_and_reschedule.py
[2024-01-30T23:33:10.985+0000] {processor.py:830} INFO - Processing file /opt/airflow/dags/cvd_mail_and_reschedule.py for tasks to queue
[2024-01-30T23:33:10.986+0000] {logging_mixin.py:188} INFO - [2024-01-30T23:33:10.986+0000] {dagbag.py:538} INFO - Filling up the DagBag from /opt/airflow/dags/cvd_mail_and_reschedule.py
[2024-01-30T23:33:11.041+0000] {processor.py:840} INFO - DAG(s) 'vulnerability_email_notification' retrieved from /opt/airflow/dags/cvd_mail_and_reschedule.py
[2024-01-30T23:33:11.077+0000] {logging_mixin.py:188} INFO - [2024-01-30T23:33:11.076+0000] {dag.py:3036} INFO - Sync 1 DAGs
[2024-01-30T23:33:11.096+0000] {logging_mixin.py:188} INFO - [2024-01-30T23:33:11.096+0000] {dag.py:3823} INFO - Setting next_dagrun for vulnerability_email_notification to None, run_after=None
[2024-01-30T23:33:11.128+0000] {processor.py:183} INFO - Processing /opt/airflow/dags/cvd_mail_and_reschedule.py took 0.149 seconds
[2024-01-30T23:33:41.709+0000] {processor.py:161} INFO - Started process (PID=6499) to work on /opt/airflow/dags/cvd_mail_and_reschedule.py
[2024-01-30T23:33:41.710+0000] {processor.py:830} INFO - Processing file /opt/airflow/dags/cvd_mail_and_reschedule.py for tasks to queue
[2024-01-30T23:33:41.712+0000] {logging_mixin.py:188} INFO - [2024-01-30T23:33:41.712+0000] {dagbag.py:538} INFO - Filling up the DagBag from /opt/airflow/dags/cvd_mail_and_reschedule.py
[2024-01-30T23:33:41.749+0000] {processor.py:840} INFO - DAG(s) 'vulnerability_email_notification' retrieved from /opt/airflow/dags/cvd_mail_and_reschedule.py
[2024-01-30T23:33:41.788+0000] {logging_mixin.py:188} INFO - [2024-01-30T23:33:41.788+0000] {dag.py:3036} INFO - Sync 1 DAGs
[2024-01-30T23:33:41.805+0000] {logging_mixin.py:188} INFO - [2024-01-30T23:33:41.805+0000] {dag.py:3823} INFO - Setting next_dagrun for vulnerability_email_notification to None, run_after=None
[2024-01-30T23:33:41.831+0000] {processor.py:183} INFO - Processing /opt/airflow/dags/cvd_mail_and_reschedule.py took 0.126 seconds
[2024-01-30T23:34:12.483+0000] {processor.py:161} INFO - Started process (PID=6525) to work on /opt/airflow/dags/cvd_mail_and_reschedule.py
[2024-01-30T23:34:12.485+0000] {processor.py:830} INFO - Processing file /opt/airflow/dags/cvd_mail_and_reschedule.py for tasks to queue
[2024-01-30T23:34:12.487+0000] {logging_mixin.py:188} INFO - [2024-01-30T23:34:12.487+0000] {dagbag.py:538} INFO - Filling up the DagBag from /opt/airflow/dags/cvd_mail_and_reschedule.py
[2024-01-30T23:34:12.525+0000] {processor.py:840} INFO - DAG(s) 'vulnerability_email_notification' retrieved from /opt/airflow/dags/cvd_mail_and_reschedule.py
[2024-01-30T23:34:12.567+0000] {logging_mixin.py:188} INFO - [2024-01-30T23:34:12.566+0000] {dag.py:3036} INFO - Sync 1 DAGs
[2024-01-30T23:34:12.597+0000] {logging_mixin.py:188} INFO - [2024-01-30T23:34:12.597+0000] {dag.py:3823} INFO - Setting next_dagrun for vulnerability_email_notification to None, run_after=None
[2024-01-30T23:34:12.629+0000] {processor.py:183} INFO - Processing /opt/airflow/dags/cvd_mail_and_reschedule.py took 0.151 seconds
[2024-01-30T23:34:43.088+0000] {processor.py:161} INFO - Started process (PID=6551) to work on /opt/airflow/dags/cvd_mail_and_reschedule.py
[2024-01-30T23:34:43.089+0000] {processor.py:830} INFO - Processing file /opt/airflow/dags/cvd_mail_and_reschedule.py for tasks to queue
[2024-01-30T23:34:43.091+0000] {logging_mixin.py:188} INFO - [2024-01-30T23:34:43.091+0000] {dagbag.py:538} INFO - Filling up the DagBag from /opt/airflow/dags/cvd_mail_and_reschedule.py
[2024-01-30T23:34:43.124+0000] {processor.py:840} INFO - DAG(s) 'vulnerability_email_notification' retrieved from /opt/airflow/dags/cvd_mail_and_reschedule.py
[2024-01-30T23:34:43.165+0000] {logging_mixin.py:188} INFO - [2024-01-30T23:34:43.165+0000] {dag.py:3036} INFO - Sync 1 DAGs
[2024-01-30T23:34:43.183+0000] {logging_mixin.py:188} INFO - [2024-01-30T23:34:43.183+0000] {dag.py:3823} INFO - Setting next_dagrun for vulnerability_email_notification to None, run_after=None
[2024-01-30T23:34:43.210+0000] {processor.py:183} INFO - Processing /opt/airflow/dags/cvd_mail_and_reschedule.py took 0.126 seconds
[2024-01-30T23:35:13.767+0000] {processor.py:161} INFO - Started process (PID=6578) to work on /opt/airflow/dags/cvd_mail_and_reschedule.py
[2024-01-30T23:35:13.769+0000] {processor.py:830} INFO - Processing file /opt/airflow/dags/cvd_mail_and_reschedule.py for tasks to queue
[2024-01-30T23:35:13.770+0000] {logging_mixin.py:188} INFO - [2024-01-30T23:35:13.770+0000] {dagbag.py:538} INFO - Filling up the DagBag from /opt/airflow/dags/cvd_mail_and_reschedule.py
[2024-01-30T23:35:13.804+0000] {processor.py:840} INFO - DAG(s) 'vulnerability_email_notification' retrieved from /opt/airflow/dags/cvd_mail_and_reschedule.py
[2024-01-30T23:35:13.840+0000] {logging_mixin.py:188} INFO - [2024-01-30T23:35:13.840+0000] {dag.py:3036} INFO - Sync 1 DAGs
[2024-01-30T23:35:13.861+0000] {logging_mixin.py:188} INFO - [2024-01-30T23:35:13.861+0000] {dag.py:3823} INFO - Setting next_dagrun for vulnerability_email_notification to None, run_after=None
[2024-01-30T23:35:13.889+0000] {processor.py:183} INFO - Processing /opt/airflow/dags/cvd_mail_and_reschedule.py took 0.126 seconds
[2024-01-30T23:35:44.517+0000] {processor.py:161} INFO - Started process (PID=6604) to work on /opt/airflow/dags/cvd_mail_and_reschedule.py
[2024-01-30T23:35:44.518+0000] {processor.py:830} INFO - Processing file /opt/airflow/dags/cvd_mail_and_reschedule.py for tasks to queue
[2024-01-30T23:35:44.520+0000] {logging_mixin.py:188} INFO - [2024-01-30T23:35:44.519+0000] {dagbag.py:538} INFO - Filling up the DagBag from /opt/airflow/dags/cvd_mail_and_reschedule.py
[2024-01-30T23:35:44.552+0000] {processor.py:840} INFO - DAG(s) 'vulnerability_email_notification' retrieved from /opt/airflow/dags/cvd_mail_and_reschedule.py
[2024-01-30T23:35:44.592+0000] {logging_mixin.py:188} INFO - [2024-01-30T23:35:44.591+0000] {dag.py:3036} INFO - Sync 1 DAGs
[2024-01-30T23:35:44.609+0000] {logging_mixin.py:188} INFO - [2024-01-30T23:35:44.609+0000] {dag.py:3823} INFO - Setting next_dagrun for vulnerability_email_notification to None, run_after=None
[2024-01-30T23:35:44.643+0000] {processor.py:183} INFO - Processing /opt/airflow/dags/cvd_mail_and_reschedule.py took 0.131 seconds
[2024-01-30T23:36:15.142+0000] {processor.py:161} INFO - Started process (PID=6630) to work on /opt/airflow/dags/cvd_mail_and_reschedule.py
[2024-01-30T23:36:15.144+0000] {processor.py:830} INFO - Processing file /opt/airflow/dags/cvd_mail_and_reschedule.py for tasks to queue
[2024-01-30T23:36:15.146+0000] {logging_mixin.py:188} INFO - [2024-01-30T23:36:15.145+0000] {dagbag.py:538} INFO - Filling up the DagBag from /opt/airflow/dags/cvd_mail_and_reschedule.py
[2024-01-30T23:36:15.181+0000] {processor.py:840} INFO - DAG(s) 'vulnerability_email_notification' retrieved from /opt/airflow/dags/cvd_mail_and_reschedule.py
[2024-01-30T23:36:15.217+0000] {logging_mixin.py:188} INFO - [2024-01-30T23:36:15.216+0000] {dag.py:3036} INFO - Sync 1 DAGs
[2024-01-30T23:36:15.233+0000] {logging_mixin.py:188} INFO - [2024-01-30T23:36:15.232+0000] {dag.py:3823} INFO - Setting next_dagrun for vulnerability_email_notification to None, run_after=None
[2024-01-30T23:36:15.258+0000] {processor.py:183} INFO - Processing /opt/airflow/dags/cvd_mail_and_reschedule.py took 0.123 seconds
[2024-01-30T23:36:45.866+0000] {processor.py:161} INFO - Started process (PID=6656) to work on /opt/airflow/dags/cvd_mail_and_reschedule.py
[2024-01-30T23:36:45.867+0000] {processor.py:830} INFO - Processing file /opt/airflow/dags/cvd_mail_and_reschedule.py for tasks to queue
[2024-01-30T23:36:45.869+0000] {logging_mixin.py:188} INFO - [2024-01-30T23:36:45.869+0000] {dagbag.py:538} INFO - Filling up the DagBag from /opt/airflow/dags/cvd_mail_and_reschedule.py
[2024-01-30T23:36:45.904+0000] {processor.py:840} INFO - DAG(s) 'vulnerability_email_notification' retrieved from /opt/airflow/dags/cvd_mail_and_reschedule.py
[2024-01-30T23:36:45.941+0000] {logging_mixin.py:188} INFO - [2024-01-30T23:36:45.940+0000] {dag.py:3036} INFO - Sync 1 DAGs
[2024-01-30T23:36:45.958+0000] {logging_mixin.py:188} INFO - [2024-01-30T23:36:45.958+0000] {dag.py:3823} INFO - Setting next_dagrun for vulnerability_email_notification to None, run_after=None
[2024-01-30T23:36:45.993+0000] {processor.py:183} INFO - Processing /opt/airflow/dags/cvd_mail_and_reschedule.py took 0.132 seconds
[2024-01-30T23:36:55.298+0000] {processor.py:161} INFO - Started process (PID=6676) to work on /opt/airflow/dags/cvd_mail_and_reschedule.py
[2024-01-30T23:36:55.299+0000] {processor.py:830} INFO - Processing file /opt/airflow/dags/cvd_mail_and_reschedule.py for tasks to queue
[2024-01-30T23:36:55.301+0000] {logging_mixin.py:188} INFO - [2024-01-30T23:36:55.301+0000] {dagbag.py:538} INFO - Filling up the DagBag from /opt/airflow/dags/cvd_mail_and_reschedule.py
[2024-01-30T23:36:55.348+0000] {processor.py:840} INFO - DAG(s) 'vulnerability_email_notification' retrieved from /opt/airflow/dags/cvd_mail_and_reschedule.py
[2024-01-30T23:36:55.386+0000] {logging_mixin.py:188} INFO - [2024-01-30T23:36:55.386+0000] {dag.py:3036} INFO - Sync 1 DAGs
[2024-01-30T23:36:55.428+0000] {logging_mixin.py:188} INFO - [2024-01-30T23:36:55.427+0000] {dag.py:3823} INFO - Setting next_dagrun for vulnerability_email_notification to None, run_after=None
[2024-01-30T23:36:55.479+0000] {processor.py:183} INFO - Processing /opt/airflow/dags/cvd_mail_and_reschedule.py took 0.185 seconds
[2024-01-30T23:37:26.062+0000] {processor.py:161} INFO - Started process (PID=6704) to work on /opt/airflow/dags/cvd_mail_and_reschedule.py
[2024-01-30T23:37:26.063+0000] {processor.py:830} INFO - Processing file /opt/airflow/dags/cvd_mail_and_reschedule.py for tasks to queue
[2024-01-30T23:37:26.065+0000] {logging_mixin.py:188} INFO - [2024-01-30T23:37:26.064+0000] {dagbag.py:538} INFO - Filling up the DagBag from /opt/airflow/dags/cvd_mail_and_reschedule.py
[2024-01-30T23:37:26.096+0000] {processor.py:840} INFO - DAG(s) 'vulnerability_email_notification' retrieved from /opt/airflow/dags/cvd_mail_and_reschedule.py
[2024-01-30T23:37:26.135+0000] {logging_mixin.py:188} INFO - [2024-01-30T23:37:26.134+0000] {dag.py:3036} INFO - Sync 1 DAGs
[2024-01-30T23:37:26.152+0000] {logging_mixin.py:188} INFO - [2024-01-30T23:37:26.152+0000] {dag.py:3823} INFO - Setting next_dagrun for vulnerability_email_notification to None, run_after=None
[2024-01-30T23:37:26.184+0000] {processor.py:183} INFO - Processing /opt/airflow/dags/cvd_mail_and_reschedule.py took 0.127 seconds
[2024-01-30T23:37:56.742+0000] {processor.py:161} INFO - Started process (PID=6730) to work on /opt/airflow/dags/cvd_mail_and_reschedule.py
[2024-01-30T23:37:56.744+0000] {processor.py:830} INFO - Processing file /opt/airflow/dags/cvd_mail_and_reschedule.py for tasks to queue
[2024-01-30T23:37:56.745+0000] {logging_mixin.py:188} INFO - [2024-01-30T23:37:56.745+0000] {dagbag.py:538} INFO - Filling up the DagBag from /opt/airflow/dags/cvd_mail_and_reschedule.py
[2024-01-30T23:37:56.779+0000] {processor.py:840} INFO - DAG(s) 'vulnerability_email_notification' retrieved from /opt/airflow/dags/cvd_mail_and_reschedule.py
[2024-01-30T23:37:56.817+0000] {logging_mixin.py:188} INFO - [2024-01-30T23:37:56.817+0000] {dag.py:3036} INFO - Sync 1 DAGs
[2024-01-30T23:37:56.839+0000] {logging_mixin.py:188} INFO - [2024-01-30T23:37:56.839+0000] {dag.py:3823} INFO - Setting next_dagrun for vulnerability_email_notification to None, run_after=None
[2024-01-30T23:37:56.865+0000] {processor.py:183} INFO - Processing /opt/airflow/dags/cvd_mail_and_reschedule.py took 0.128 seconds
[2024-01-30T23:38:27.489+0000] {processor.py:161} INFO - Started process (PID=6758) to work on /opt/airflow/dags/cvd_mail_and_reschedule.py
[2024-01-30T23:38:27.490+0000] {processor.py:830} INFO - Processing file /opt/airflow/dags/cvd_mail_and_reschedule.py for tasks to queue
[2024-01-30T23:38:27.491+0000] {logging_mixin.py:188} INFO - [2024-01-30T23:38:27.491+0000] {dagbag.py:538} INFO - Filling up the DagBag from /opt/airflow/dags/cvd_mail_and_reschedule.py
[2024-01-30T23:38:27.519+0000] {processor.py:840} INFO - DAG(s) 'vulnerability_email_notification' retrieved from /opt/airflow/dags/cvd_mail_and_reschedule.py
[2024-01-30T23:38:27.557+0000] {logging_mixin.py:188} INFO - [2024-01-30T23:38:27.556+0000] {dag.py:3036} INFO - Sync 1 DAGs
[2024-01-30T23:38:27.573+0000] {logging_mixin.py:188} INFO - [2024-01-30T23:38:27.573+0000] {dag.py:3823} INFO - Setting next_dagrun for vulnerability_email_notification to None, run_after=None
[2024-01-30T23:38:27.603+0000] {processor.py:183} INFO - Processing /opt/airflow/dags/cvd_mail_and_reschedule.py took 0.118 seconds
[2024-01-30T23:38:51.061+0000] {processor.py:161} INFO - Started process (PID=6779) to work on /opt/airflow/dags/cvd_mail_and_reschedule.py
[2024-01-30T23:38:51.063+0000] {processor.py:830} INFO - Processing file /opt/airflow/dags/cvd_mail_and_reschedule.py for tasks to queue
[2024-01-30T23:38:51.065+0000] {logging_mixin.py:188} INFO - [2024-01-30T23:38:51.064+0000] {dagbag.py:538} INFO - Filling up the DagBag from /opt/airflow/dags/cvd_mail_and_reschedule.py
[2024-01-30T23:38:51.119+0000] {processor.py:840} INFO - DAG(s) 'vulnerability_email_notification' retrieved from /opt/airflow/dags/cvd_mail_and_reschedule.py
[2024-01-30T23:38:51.164+0000] {logging_mixin.py:188} INFO - [2024-01-30T23:38:51.164+0000] {dag.py:3036} INFO - Sync 1 DAGs
[2024-01-30T23:38:51.187+0000] {logging_mixin.py:188} INFO - [2024-01-30T23:38:51.186+0000] {dag.py:3823} INFO - Setting next_dagrun for vulnerability_email_notification to None, run_after=None
[2024-01-30T23:38:51.235+0000] {processor.py:183} INFO - Processing /opt/airflow/dags/cvd_mail_and_reschedule.py took 0.179 seconds
[2024-01-30T23:39:10.538+0000] {processor.py:161} INFO - Started process (PID=6795) to work on /opt/airflow/dags/cvd_mail_and_reschedule.py
[2024-01-30T23:39:10.539+0000] {processor.py:830} INFO - Processing file /opt/airflow/dags/cvd_mail_and_reschedule.py for tasks to queue
[2024-01-30T23:39:10.541+0000] {logging_mixin.py:188} INFO - [2024-01-30T23:39:10.541+0000] {dagbag.py:538} INFO - Filling up the DagBag from /opt/airflow/dags/cvd_mail_and_reschedule.py
[2024-01-30T23:39:10.584+0000] {processor.py:840} INFO - DAG(s) 'vulnerability_email_notification' retrieved from /opt/airflow/dags/cvd_mail_and_reschedule.py
[2024-01-30T23:39:10.733+0000] {logging_mixin.py:188} INFO - [2024-01-30T23:39:10.732+0000] {dag.py:3036} INFO - Sync 1 DAGs
[2024-01-30T23:39:10.749+0000] {logging_mixin.py:188} INFO - [2024-01-30T23:39:10.749+0000] {dag.py:3823} INFO - Setting next_dagrun for vulnerability_email_notification to None, run_after=None
[2024-01-30T23:39:10.782+0000] {processor.py:183} INFO - Processing /opt/airflow/dags/cvd_mail_and_reschedule.py took 0.249 seconds
[2024-01-30T23:39:41.178+0000] {processor.py:161} INFO - Started process (PID=6823) to work on /opt/airflow/dags/cvd_mail_and_reschedule.py
[2024-01-30T23:39:41.180+0000] {processor.py:830} INFO - Processing file /opt/airflow/dags/cvd_mail_and_reschedule.py for tasks to queue
[2024-01-30T23:39:41.181+0000] {logging_mixin.py:188} INFO - [2024-01-30T23:39:41.181+0000] {dagbag.py:538} INFO - Filling up the DagBag from /opt/airflow/dags/cvd_mail_and_reschedule.py
[2024-01-30T23:39:41.210+0000] {processor.py:840} INFO - DAG(s) 'vulnerability_email_notification' retrieved from /opt/airflow/dags/cvd_mail_and_reschedule.py
[2024-01-30T23:39:41.248+0000] {logging_mixin.py:188} INFO - [2024-01-30T23:39:41.247+0000] {dag.py:3036} INFO - Sync 1 DAGs
[2024-01-30T23:39:41.265+0000] {logging_mixin.py:188} INFO - [2024-01-30T23:39:41.264+0000] {dag.py:3823} INFO - Setting next_dagrun for vulnerability_email_notification to None, run_after=None
[2024-01-30T23:39:41.301+0000] {processor.py:183} INFO - Processing /opt/airflow/dags/cvd_mail_and_reschedule.py took 0.127 seconds
[2024-01-30T23:40:11.848+0000] {processor.py:161} INFO - Started process (PID=6849) to work on /opt/airflow/dags/cvd_mail_and_reschedule.py
[2024-01-30T23:40:11.849+0000] {processor.py:830} INFO - Processing file /opt/airflow/dags/cvd_mail_and_reschedule.py for tasks to queue
[2024-01-30T23:40:11.851+0000] {logging_mixin.py:188} INFO - [2024-01-30T23:40:11.851+0000] {dagbag.py:538} INFO - Filling up the DagBag from /opt/airflow/dags/cvd_mail_and_reschedule.py
[2024-01-30T23:40:11.884+0000] {processor.py:840} INFO - DAG(s) 'vulnerability_email_notification' retrieved from /opt/airflow/dags/cvd_mail_and_reschedule.py
[2024-01-30T23:40:11.921+0000] {logging_mixin.py:188} INFO - [2024-01-30T23:40:11.920+0000] {dag.py:3036} INFO - Sync 1 DAGs
[2024-01-30T23:40:11.941+0000] {logging_mixin.py:188} INFO - [2024-01-30T23:40:11.941+0000] {dag.py:3823} INFO - Setting next_dagrun for vulnerability_email_notification to None, run_after=None
[2024-01-30T23:40:11.969+0000] {processor.py:183} INFO - Processing /opt/airflow/dags/cvd_mail_and_reschedule.py took 0.125 seconds
[2024-01-30T23:40:42.565+0000] {processor.py:161} INFO - Started process (PID=6875) to work on /opt/airflow/dags/cvd_mail_and_reschedule.py
[2024-01-30T23:40:42.567+0000] {processor.py:830} INFO - Processing file /opt/airflow/dags/cvd_mail_and_reschedule.py for tasks to queue
[2024-01-30T23:40:42.568+0000] {logging_mixin.py:188} INFO - [2024-01-30T23:40:42.568+0000] {dagbag.py:538} INFO - Filling up the DagBag from /opt/airflow/dags/cvd_mail_and_reschedule.py
[2024-01-30T23:40:42.596+0000] {processor.py:840} INFO - DAG(s) 'vulnerability_email_notification' retrieved from /opt/airflow/dags/cvd_mail_and_reschedule.py
[2024-01-30T23:40:42.633+0000] {logging_mixin.py:188} INFO - [2024-01-30T23:40:42.633+0000] {dag.py:3036} INFO - Sync 1 DAGs
[2024-01-30T23:40:42.652+0000] {logging_mixin.py:188} INFO - [2024-01-30T23:40:42.652+0000] {dag.py:3823} INFO - Setting next_dagrun for vulnerability_email_notification to None, run_after=None
[2024-01-30T23:40:42.692+0000] {processor.py:183} INFO - Processing /opt/airflow/dags/cvd_mail_and_reschedule.py took 0.130 seconds
[2024-01-30T23:41:13.303+0000] {processor.py:161} INFO - Started process (PID=6901) to work on /opt/airflow/dags/cvd_mail_and_reschedule.py
[2024-01-30T23:41:13.304+0000] {processor.py:830} INFO - Processing file /opt/airflow/dags/cvd_mail_and_reschedule.py for tasks to queue
[2024-01-30T23:41:13.305+0000] {logging_mixin.py:188} INFO - [2024-01-30T23:41:13.305+0000] {dagbag.py:538} INFO - Filling up the DagBag from /opt/airflow/dags/cvd_mail_and_reschedule.py
[2024-01-30T23:41:13.332+0000] {processor.py:840} INFO - DAG(s) 'vulnerability_email_notification' retrieved from /opt/airflow/dags/cvd_mail_and_reschedule.py
[2024-01-30T23:41:13.368+0000] {logging_mixin.py:188} INFO - [2024-01-30T23:41:13.367+0000] {dag.py:3036} INFO - Sync 1 DAGs
[2024-01-30T23:41:13.396+0000] {logging_mixin.py:188} INFO - [2024-01-30T23:41:13.395+0000] {dag.py:3823} INFO - Setting next_dagrun for vulnerability_email_notification to None, run_after=None
[2024-01-30T23:41:13.422+0000] {processor.py:183} INFO - Processing /opt/airflow/dags/cvd_mail_and_reschedule.py took 0.123 seconds
[2024-01-30T23:41:44.002+0000] {processor.py:161} INFO - Started process (PID=6927) to work on /opt/airflow/dags/cvd_mail_and_reschedule.py
[2024-01-30T23:41:44.004+0000] {processor.py:830} INFO - Processing file /opt/airflow/dags/cvd_mail_and_reschedule.py for tasks to queue
[2024-01-30T23:41:44.006+0000] {logging_mixin.py:188} INFO - [2024-01-30T23:41:44.005+0000] {dagbag.py:538} INFO - Filling up the DagBag from /opt/airflow/dags/cvd_mail_and_reschedule.py
[2024-01-30T23:41:44.036+0000] {processor.py:840} INFO - DAG(s) 'vulnerability_email_notification' retrieved from /opt/airflow/dags/cvd_mail_and_reschedule.py
[2024-01-30T23:41:44.081+0000] {logging_mixin.py:188} INFO - [2024-01-30T23:41:44.080+0000] {dag.py:3036} INFO - Sync 1 DAGs
[2024-01-30T23:41:44.102+0000] {logging_mixin.py:188} INFO - [2024-01-30T23:41:44.102+0000] {dag.py:3823} INFO - Setting next_dagrun for vulnerability_email_notification to None, run_after=None
[2024-01-30T23:41:44.140+0000] {processor.py:183} INFO - Processing /opt/airflow/dags/cvd_mail_and_reschedule.py took 0.143 seconds
[2024-01-30T23:42:14.769+0000] {processor.py:161} INFO - Started process (PID=6955) to work on /opt/airflow/dags/cvd_mail_and_reschedule.py
[2024-01-30T23:42:14.771+0000] {processor.py:830} INFO - Processing file /opt/airflow/dags/cvd_mail_and_reschedule.py for tasks to queue
[2024-01-30T23:42:14.772+0000] {logging_mixin.py:188} INFO - [2024-01-30T23:42:14.772+0000] {dagbag.py:538} INFO - Filling up the DagBag from /opt/airflow/dags/cvd_mail_and_reschedule.py
[2024-01-30T23:42:14.803+0000] {processor.py:840} INFO - DAG(s) 'vulnerability_email_notification' retrieved from /opt/airflow/dags/cvd_mail_and_reschedule.py
[2024-01-30T23:42:14.842+0000] {logging_mixin.py:188} INFO - [2024-01-30T23:42:14.841+0000] {dag.py:3036} INFO - Sync 1 DAGs
[2024-01-30T23:42:14.862+0000] {logging_mixin.py:188} INFO - [2024-01-30T23:42:14.861+0000] {dag.py:3823} INFO - Setting next_dagrun for vulnerability_email_notification to None, run_after=None
[2024-01-30T23:42:14.899+0000] {processor.py:183} INFO - Processing /opt/airflow/dags/cvd_mail_and_reschedule.py took 0.135 seconds
[2024-01-30T23:42:45.455+0000] {processor.py:161} INFO - Started process (PID=6981) to work on /opt/airflow/dags/cvd_mail_and_reschedule.py
[2024-01-30T23:42:45.457+0000] {processor.py:830} INFO - Processing file /opt/airflow/dags/cvd_mail_and_reschedule.py for tasks to queue
[2024-01-30T23:42:45.458+0000] {logging_mixin.py:188} INFO - [2024-01-30T23:42:45.458+0000] {dagbag.py:538} INFO - Filling up the DagBag from /opt/airflow/dags/cvd_mail_and_reschedule.py
[2024-01-30T23:42:45.486+0000] {processor.py:840} INFO - DAG(s) 'vulnerability_email_notification' retrieved from /opt/airflow/dags/cvd_mail_and_reschedule.py
[2024-01-30T23:42:45.522+0000] {logging_mixin.py:188} INFO - [2024-01-30T23:42:45.521+0000] {dag.py:3036} INFO - Sync 1 DAGs
[2024-01-30T23:42:45.541+0000] {logging_mixin.py:188} INFO - [2024-01-30T23:42:45.541+0000] {dag.py:3823} INFO - Setting next_dagrun for vulnerability_email_notification to None, run_after=None
[2024-01-30T23:42:45.572+0000] {processor.py:183} INFO - Processing /opt/airflow/dags/cvd_mail_and_reschedule.py took 0.122 seconds
[2024-01-30T23:43:16.021+0000] {processor.py:161} INFO - Started process (PID=7006) to work on /opt/airflow/dags/cvd_mail_and_reschedule.py
[2024-01-30T23:43:16.022+0000] {processor.py:830} INFO - Processing file /opt/airflow/dags/cvd_mail_and_reschedule.py for tasks to queue
[2024-01-30T23:43:16.024+0000] {logging_mixin.py:188} INFO - [2024-01-30T23:43:16.023+0000] {dagbag.py:538} INFO - Filling up the DagBag from /opt/airflow/dags/cvd_mail_and_reschedule.py
[2024-01-30T23:43:16.055+0000] {processor.py:840} INFO - DAG(s) 'vulnerability_email_notification' retrieved from /opt/airflow/dags/cvd_mail_and_reschedule.py
[2024-01-30T23:43:16.088+0000] {logging_mixin.py:188} INFO - [2024-01-30T23:43:16.088+0000] {dag.py:3036} INFO - Sync 1 DAGs
[2024-01-30T23:43:16.104+0000] {logging_mixin.py:188} INFO - [2024-01-30T23:43:16.104+0000] {dag.py:3823} INFO - Setting next_dagrun for vulnerability_email_notification to None, run_after=None
[2024-01-30T23:43:16.137+0000] {processor.py:183} INFO - Processing /opt/airflow/dags/cvd_mail_and_reschedule.py took 0.121 seconds
[2024-01-30T23:43:46.539+0000] {processor.py:161} INFO - Started process (PID=7032) to work on /opt/airflow/dags/cvd_mail_and_reschedule.py
[2024-01-30T23:43:46.540+0000] {processor.py:830} INFO - Processing file /opt/airflow/dags/cvd_mail_and_reschedule.py for tasks to queue
[2024-01-30T23:43:46.541+0000] {logging_mixin.py:188} INFO - [2024-01-30T23:43:46.541+0000] {dagbag.py:538} INFO - Filling up the DagBag from /opt/airflow/dags/cvd_mail_and_reschedule.py
[2024-01-30T23:43:46.567+0000] {processor.py:840} INFO - DAG(s) 'vulnerability_email_notification' retrieved from /opt/airflow/dags/cvd_mail_and_reschedule.py
[2024-01-30T23:43:46.601+0000] {logging_mixin.py:188} INFO - [2024-01-30T23:43:46.600+0000] {dag.py:3036} INFO - Sync 1 DAGs
[2024-01-30T23:43:46.616+0000] {logging_mixin.py:188} INFO - [2024-01-30T23:43:46.616+0000] {dag.py:3823} INFO - Setting next_dagrun for vulnerability_email_notification to None, run_after=None
[2024-01-30T23:43:46.650+0000] {processor.py:183} INFO - Processing /opt/airflow/dags/cvd_mail_and_reschedule.py took 0.115 seconds
[2024-01-30T23:44:17.174+0000] {processor.py:161} INFO - Started process (PID=7058) to work on /opt/airflow/dags/cvd_mail_and_reschedule.py
[2024-01-30T23:44:17.176+0000] {processor.py:830} INFO - Processing file /opt/airflow/dags/cvd_mail_and_reschedule.py for tasks to queue
[2024-01-30T23:44:17.177+0000] {logging_mixin.py:188} INFO - [2024-01-30T23:44:17.177+0000] {dagbag.py:538} INFO - Filling up the DagBag from /opt/airflow/dags/cvd_mail_and_reschedule.py
[2024-01-30T23:44:17.209+0000] {processor.py:840} INFO - DAG(s) 'vulnerability_email_notification' retrieved from /opt/airflow/dags/cvd_mail_and_reschedule.py
[2024-01-30T23:44:17.252+0000] {logging_mixin.py:188} INFO - [2024-01-30T23:44:17.252+0000] {dag.py:3036} INFO - Sync 1 DAGs
[2024-01-30T23:44:17.275+0000] {logging_mixin.py:188} INFO - [2024-01-30T23:44:17.275+0000] {dag.py:3823} INFO - Setting next_dagrun for vulnerability_email_notification to None, run_after=None
[2024-01-30T23:44:17.304+0000] {processor.py:183} INFO - Processing /opt/airflow/dags/cvd_mail_and_reschedule.py took 0.135 seconds
[2024-01-30T23:44:48.020+0000] {processor.py:161} INFO - Started process (PID=7084) to work on /opt/airflow/dags/cvd_mail_and_reschedule.py
[2024-01-30T23:44:48.022+0000] {processor.py:830} INFO - Processing file /opt/airflow/dags/cvd_mail_and_reschedule.py for tasks to queue
[2024-01-30T23:44:48.023+0000] {logging_mixin.py:188} INFO - [2024-01-30T23:44:48.023+0000] {dagbag.py:538} INFO - Filling up the DagBag from /opt/airflow/dags/cvd_mail_and_reschedule.py
[2024-01-30T23:44:48.057+0000] {processor.py:840} INFO - DAG(s) 'vulnerability_email_notification' retrieved from /opt/airflow/dags/cvd_mail_and_reschedule.py
[2024-01-30T23:44:48.097+0000] {logging_mixin.py:188} INFO - [2024-01-30T23:44:48.095+0000] {dag.py:3036} INFO - Sync 1 DAGs
[2024-01-30T23:44:48.117+0000] {logging_mixin.py:188} INFO - [2024-01-30T23:44:48.116+0000] {dag.py:3823} INFO - Setting next_dagrun for vulnerability_email_notification to None, run_after=None
[2024-01-30T23:44:48.145+0000] {processor.py:183} INFO - Processing /opt/airflow/dags/cvd_mail_and_reschedule.py took 0.129 seconds
[2024-01-30T23:45:18.759+0000] {processor.py:161} INFO - Started process (PID=7110) to work on /opt/airflow/dags/cvd_mail_and_reschedule.py
[2024-01-30T23:45:18.761+0000] {processor.py:830} INFO - Processing file /opt/airflow/dags/cvd_mail_and_reschedule.py for tasks to queue
[2024-01-30T23:45:18.763+0000] {logging_mixin.py:188} INFO - [2024-01-30T23:45:18.762+0000] {dagbag.py:538} INFO - Filling up the DagBag from /opt/airflow/dags/cvd_mail_and_reschedule.py
[2024-01-30T23:45:18.801+0000] {processor.py:840} INFO - DAG(s) 'vulnerability_email_notification' retrieved from /opt/airflow/dags/cvd_mail_and_reschedule.py
[2024-01-30T23:45:18.831+0000] {logging_mixin.py:188} INFO - [2024-01-30T23:45:18.831+0000] {dag.py:3036} INFO - Sync 1 DAGs
[2024-01-30T23:45:18.849+0000] {logging_mixin.py:188} INFO - [2024-01-30T23:45:18.848+0000] {dag.py:3823} INFO - Setting next_dagrun for vulnerability_email_notification to None, run_after=None
[2024-01-30T23:45:18.879+0000] {processor.py:183} INFO - Processing /opt/airflow/dags/cvd_mail_and_reschedule.py took 0.123 seconds
[2024-01-30T23:45:49.588+0000] {processor.py:161} INFO - Started process (PID=7136) to work on /opt/airflow/dags/cvd_mail_and_reschedule.py
[2024-01-30T23:45:49.589+0000] {processor.py:830} INFO - Processing file /opt/airflow/dags/cvd_mail_and_reschedule.py for tasks to queue
[2024-01-30T23:45:49.591+0000] {logging_mixin.py:188} INFO - [2024-01-30T23:45:49.591+0000] {dagbag.py:538} INFO - Filling up the DagBag from /opt/airflow/dags/cvd_mail_and_reschedule.py
[2024-01-30T23:45:49.630+0000] {processor.py:840} INFO - DAG(s) 'vulnerability_email_notification' retrieved from /opt/airflow/dags/cvd_mail_and_reschedule.py
[2024-01-30T23:45:49.675+0000] {logging_mixin.py:188} INFO - [2024-01-30T23:45:49.675+0000] {dag.py:3036} INFO - Sync 1 DAGs
[2024-01-30T23:45:49.699+0000] {logging_mixin.py:188} INFO - [2024-01-30T23:45:49.699+0000] {dag.py:3823} INFO - Setting next_dagrun for vulnerability_email_notification to None, run_after=None
[2024-01-30T23:45:49.745+0000] {processor.py:183} INFO - Processing /opt/airflow/dags/cvd_mail_and_reschedule.py took 0.161 seconds
[2024-01-30T23:46:20.383+0000] {processor.py:161} INFO - Started process (PID=7162) to work on /opt/airflow/dags/cvd_mail_and_reschedule.py
[2024-01-30T23:46:20.384+0000] {processor.py:830} INFO - Processing file /opt/airflow/dags/cvd_mail_and_reschedule.py for tasks to queue
[2024-01-30T23:46:20.385+0000] {logging_mixin.py:188} INFO - [2024-01-30T23:46:20.385+0000] {dagbag.py:538} INFO - Filling up the DagBag from /opt/airflow/dags/cvd_mail_and_reschedule.py
[2024-01-30T23:46:20.411+0000] {processor.py:840} INFO - DAG(s) 'vulnerability_email_notification' retrieved from /opt/airflow/dags/cvd_mail_and_reschedule.py
[2024-01-30T23:46:20.446+0000] {logging_mixin.py:188} INFO - [2024-01-30T23:46:20.445+0000] {dag.py:3036} INFO - Sync 1 DAGs
[2024-01-30T23:46:20.462+0000] {logging_mixin.py:188} INFO - [2024-01-30T23:46:20.461+0000] {dag.py:3823} INFO - Setting next_dagrun for vulnerability_email_notification to None, run_after=None
[2024-01-30T23:46:20.499+0000] {processor.py:183} INFO - Processing /opt/airflow/dags/cvd_mail_and_reschedule.py took 0.120 seconds
[2024-01-30T23:46:51.076+0000] {processor.py:161} INFO - Started process (PID=7188) to work on /opt/airflow/dags/cvd_mail_and_reschedule.py
[2024-01-30T23:46:51.078+0000] {processor.py:830} INFO - Processing file /opt/airflow/dags/cvd_mail_and_reschedule.py for tasks to queue
[2024-01-30T23:46:51.080+0000] {logging_mixin.py:188} INFO - [2024-01-30T23:46:51.079+0000] {dagbag.py:538} INFO - Filling up the DagBag from /opt/airflow/dags/cvd_mail_and_reschedule.py
[2024-01-30T23:46:51.110+0000] {processor.py:840} INFO - DAG(s) 'vulnerability_email_notification' retrieved from /opt/airflow/dags/cvd_mail_and_reschedule.py
[2024-01-30T23:46:51.148+0000] {logging_mixin.py:188} INFO - [2024-01-30T23:46:51.147+0000] {dag.py:3036} INFO - Sync 1 DAGs
[2024-01-30T23:46:51.165+0000] {logging_mixin.py:188} INFO - [2024-01-30T23:46:51.164+0000] {dag.py:3823} INFO - Setting next_dagrun for vulnerability_email_notification to None, run_after=None
[2024-01-30T23:46:51.203+0000] {processor.py:183} INFO - Processing /opt/airflow/dags/cvd_mail_and_reschedule.py took 0.131 seconds
[2024-01-30T23:47:21.865+0000] {processor.py:161} INFO - Started process (PID=7213) to work on /opt/airflow/dags/cvd_mail_and_reschedule.py
[2024-01-30T23:47:21.867+0000] {processor.py:830} INFO - Processing file /opt/airflow/dags/cvd_mail_and_reschedule.py for tasks to queue
[2024-01-30T23:47:21.868+0000] {logging_mixin.py:188} INFO - [2024-01-30T23:47:21.867+0000] {dagbag.py:538} INFO - Filling up the DagBag from /opt/airflow/dags/cvd_mail_and_reschedule.py
[2024-01-30T23:47:21.894+0000] {processor.py:840} INFO - DAG(s) 'vulnerability_email_notification' retrieved from /opt/airflow/dags/cvd_mail_and_reschedule.py
[2024-01-30T23:47:21.931+0000] {logging_mixin.py:188} INFO - [2024-01-30T23:47:21.931+0000] {dag.py:3036} INFO - Sync 1 DAGs
[2024-01-30T23:47:21.949+0000] {logging_mixin.py:188} INFO - [2024-01-30T23:47:21.949+0000] {dag.py:3823} INFO - Setting next_dagrun for vulnerability_email_notification to None, run_after=None
[2024-01-30T23:47:21.976+0000] {processor.py:183} INFO - Processing /opt/airflow/dags/cvd_mail_and_reschedule.py took 0.116 seconds
[2024-01-30T23:47:22.914+0000] {processor.py:161} INFO - Started process (PID=7218) to work on /opt/airflow/dags/cvd_mail_and_reschedule.py
[2024-01-30T23:47:22.916+0000] {processor.py:830} INFO - Processing file /opt/airflow/dags/cvd_mail_and_reschedule.py for tasks to queue
[2024-01-30T23:47:22.918+0000] {logging_mixin.py:188} INFO - [2024-01-30T23:47:22.917+0000] {dagbag.py:538} INFO - Filling up the DagBag from /opt/airflow/dags/cvd_mail_and_reschedule.py
[2024-01-30T23:47:22.984+0000] {processor.py:840} INFO - DAG(s) 'vulnerability_email_notification' retrieved from /opt/airflow/dags/cvd_mail_and_reschedule.py
[2024-01-30T23:47:23.022+0000] {logging_mixin.py:188} INFO - [2024-01-30T23:47:23.021+0000] {dag.py:3036} INFO - Sync 1 DAGs
[2024-01-30T23:47:23.039+0000] {logging_mixin.py:188} INFO - [2024-01-30T23:47:23.039+0000] {dag.py:3823} INFO - Setting next_dagrun for vulnerability_email_notification to None, run_after=None
[2024-01-30T23:47:23.073+0000] {processor.py:183} INFO - Processing /opt/airflow/dags/cvd_mail_and_reschedule.py took 0.164 seconds
[2024-01-30T23:47:53.702+0000] {processor.py:161} INFO - Started process (PID=7246) to work on /opt/airflow/dags/cvd_mail_and_reschedule.py
[2024-01-30T23:47:53.703+0000] {processor.py:830} INFO - Processing file /opt/airflow/dags/cvd_mail_and_reschedule.py for tasks to queue
[2024-01-30T23:47:53.704+0000] {logging_mixin.py:188} INFO - [2024-01-30T23:47:53.704+0000] {dagbag.py:538} INFO - Filling up the DagBag from /opt/airflow/dags/cvd_mail_and_reschedule.py
[2024-01-30T23:47:53.739+0000] {processor.py:840} INFO - DAG(s) 'vulnerability_email_notification' retrieved from /opt/airflow/dags/cvd_mail_and_reschedule.py
[2024-01-30T23:47:53.774+0000] {logging_mixin.py:188} INFO - [2024-01-30T23:47:53.774+0000] {dag.py:3036} INFO - Sync 1 DAGs
[2024-01-30T23:47:53.793+0000] {logging_mixin.py:188} INFO - [2024-01-30T23:47:53.792+0000] {dag.py:3823} INFO - Setting next_dagrun for vulnerability_email_notification to None, run_after=None
[2024-01-30T23:47:53.820+0000] {processor.py:183} INFO - Processing /opt/airflow/dags/cvd_mail_and_reschedule.py took 0.124 seconds
[2024-01-30T23:48:24.448+0000] {processor.py:161} INFO - Started process (PID=7272) to work on /opt/airflow/dags/cvd_mail_and_reschedule.py
[2024-01-30T23:48:24.450+0000] {processor.py:830} INFO - Processing file /opt/airflow/dags/cvd_mail_and_reschedule.py for tasks to queue
[2024-01-30T23:48:24.451+0000] {logging_mixin.py:188} INFO - [2024-01-30T23:48:24.451+0000] {dagbag.py:538} INFO - Filling up the DagBag from /opt/airflow/dags/cvd_mail_and_reschedule.py
[2024-01-30T23:48:24.483+0000] {processor.py:840} INFO - DAG(s) 'vulnerability_email_notification' retrieved from /opt/airflow/dags/cvd_mail_and_reschedule.py
[2024-01-30T23:48:24.526+0000] {logging_mixin.py:188} INFO - [2024-01-30T23:48:24.525+0000] {dag.py:3036} INFO - Sync 1 DAGs
[2024-01-30T23:48:24.543+0000] {logging_mixin.py:188} INFO - [2024-01-30T23:48:24.543+0000] {dag.py:3823} INFO - Setting next_dagrun for vulnerability_email_notification to None, run_after=None
[2024-01-30T23:48:24.582+0000] {processor.py:183} INFO - Processing /opt/airflow/dags/cvd_mail_and_reschedule.py took 0.138 seconds
[2024-01-30T23:48:55.215+0000] {processor.py:161} INFO - Started process (PID=7298) to work on /opt/airflow/dags/cvd_mail_and_reschedule.py
[2024-01-30T23:48:55.217+0000] {processor.py:830} INFO - Processing file /opt/airflow/dags/cvd_mail_and_reschedule.py for tasks to queue
[2024-01-30T23:48:55.218+0000] {logging_mixin.py:188} INFO - [2024-01-30T23:48:55.218+0000] {dagbag.py:538} INFO - Filling up the DagBag from /opt/airflow/dags/cvd_mail_and_reschedule.py
[2024-01-30T23:48:55.247+0000] {processor.py:840} INFO - DAG(s) 'vulnerability_email_notification' retrieved from /opt/airflow/dags/cvd_mail_and_reschedule.py
[2024-01-30T23:48:55.277+0000] {logging_mixin.py:188} INFO - [2024-01-30T23:48:55.277+0000] {dag.py:3036} INFO - Sync 1 DAGs
[2024-01-30T23:48:55.292+0000] {logging_mixin.py:188} INFO - [2024-01-30T23:48:55.292+0000] {dag.py:3823} INFO - Setting next_dagrun for vulnerability_email_notification to None, run_after=None
[2024-01-30T23:48:55.318+0000] {processor.py:183} INFO - Processing /opt/airflow/dags/cvd_mail_and_reschedule.py took 0.107 seconds
[2024-01-30T23:48:56.256+0000] {processor.py:161} INFO - Started process (PID=7303) to work on /opt/airflow/dags/cvd_mail_and_reschedule.py
[2024-01-30T23:48:56.257+0000] {processor.py:830} INFO - Processing file /opt/airflow/dags/cvd_mail_and_reschedule.py for tasks to queue
[2024-01-30T23:48:56.258+0000] {logging_mixin.py:188} INFO - [2024-01-30T23:48:56.258+0000] {dagbag.py:538} INFO - Filling up the DagBag from /opt/airflow/dags/cvd_mail_and_reschedule.py
[2024-01-30T23:48:56.308+0000] {processor.py:840} INFO - DAG(s) 'vulnerability_email_notification' retrieved from /opt/airflow/dags/cvd_mail_and_reschedule.py
[2024-01-30T23:48:56.346+0000] {logging_mixin.py:188} INFO - [2024-01-30T23:48:56.345+0000] {dag.py:3036} INFO - Sync 1 DAGs
[2024-01-30T23:48:56.365+0000] {logging_mixin.py:188} INFO - [2024-01-30T23:48:56.364+0000] {dag.py:3823} INFO - Setting next_dagrun for vulnerability_email_notification to None, run_after=None
[2024-01-30T23:48:56.399+0000] {processor.py:183} INFO - Processing /opt/airflow/dags/cvd_mail_and_reschedule.py took 0.148 seconds
[2024-01-30T23:49:10.823+0000] {processor.py:161} INFO - Started process (PID=7329) to work on /opt/airflow/dags/cvd_mail_and_reschedule.py
[2024-01-30T23:49:10.825+0000] {processor.py:830} INFO - Processing file /opt/airflow/dags/cvd_mail_and_reschedule.py for tasks to queue
[2024-01-30T23:49:10.827+0000] {logging_mixin.py:188} INFO - [2024-01-30T23:49:10.826+0000] {dagbag.py:538} INFO - Filling up the DagBag from /opt/airflow/dags/cvd_mail_and_reschedule.py
[2024-01-30T23:49:10.898+0000] {processor.py:840} INFO - DAG(s) 'vulnerability_email_notification' retrieved from /opt/airflow/dags/cvd_mail_and_reschedule.py
[2024-01-30T23:49:10.952+0000] {logging_mixin.py:188} INFO - [2024-01-30T23:49:10.951+0000] {dag.py:3036} INFO - Sync 1 DAGs
[2024-01-30T23:49:10.970+0000] {logging_mixin.py:188} INFO - [2024-01-30T23:49:10.970+0000] {dag.py:3823} INFO - Setting next_dagrun for vulnerability_email_notification to None, run_after=None
[2024-01-30T23:49:11.011+0000] {processor.py:183} INFO - Processing /opt/airflow/dags/cvd_mail_and_reschedule.py took 0.195 seconds
[2024-01-30T23:49:41.747+0000] {processor.py:161} INFO - Started process (PID=7357) to work on /opt/airflow/dags/cvd_mail_and_reschedule.py
[2024-01-30T23:49:41.748+0000] {processor.py:830} INFO - Processing file /opt/airflow/dags/cvd_mail_and_reschedule.py for tasks to queue
[2024-01-30T23:49:41.750+0000] {logging_mixin.py:188} INFO - [2024-01-30T23:49:41.749+0000] {dagbag.py:538} INFO - Filling up the DagBag from /opt/airflow/dags/cvd_mail_and_reschedule.py
[2024-01-30T23:49:41.776+0000] {processor.py:840} INFO - DAG(s) 'vulnerability_email_notification' retrieved from /opt/airflow/dags/cvd_mail_and_reschedule.py
[2024-01-30T23:49:41.811+0000] {logging_mixin.py:188} INFO - [2024-01-30T23:49:41.810+0000] {dag.py:3036} INFO - Sync 1 DAGs
[2024-01-30T23:49:41.830+0000] {logging_mixin.py:188} INFO - [2024-01-30T23:49:41.830+0000] {dag.py:3823} INFO - Setting next_dagrun for vulnerability_email_notification to None, run_after=None
[2024-01-30T23:49:41.862+0000] {processor.py:183} INFO - Processing /opt/airflow/dags/cvd_mail_and_reschedule.py took 0.119 seconds
[2024-01-30T23:50:12.425+0000] {processor.py:161} INFO - Started process (PID=7383) to work on /opt/airflow/dags/cvd_mail_and_reschedule.py
[2024-01-30T23:50:12.426+0000] {processor.py:830} INFO - Processing file /opt/airflow/dags/cvd_mail_and_reschedule.py for tasks to queue
[2024-01-30T23:50:12.428+0000] {logging_mixin.py:188} INFO - [2024-01-30T23:50:12.427+0000] {dagbag.py:538} INFO - Filling up the DagBag from /opt/airflow/dags/cvd_mail_and_reschedule.py
[2024-01-30T23:50:12.453+0000] {processor.py:840} INFO - DAG(s) 'vulnerability_email_notification' retrieved from /opt/airflow/dags/cvd_mail_and_reschedule.py
[2024-01-30T23:50:12.485+0000] {logging_mixin.py:188} INFO - [2024-01-30T23:50:12.485+0000] {dag.py:3036} INFO - Sync 1 DAGs
[2024-01-30T23:50:12.501+0000] {logging_mixin.py:188} INFO - [2024-01-30T23:50:12.501+0000] {dag.py:3823} INFO - Setting next_dagrun for vulnerability_email_notification to None, run_after=None
[2024-01-30T23:50:12.526+0000] {processor.py:183} INFO - Processing /opt/airflow/dags/cvd_mail_and_reschedule.py took 0.105 seconds
[2024-01-30T23:50:43.089+0000] {processor.py:161} INFO - Started process (PID=7409) to work on /opt/airflow/dags/cvd_mail_and_reschedule.py
[2024-01-30T23:50:43.090+0000] {processor.py:830} INFO - Processing file /opt/airflow/dags/cvd_mail_and_reschedule.py for tasks to queue
[2024-01-30T23:50:43.092+0000] {logging_mixin.py:188} INFO - [2024-01-30T23:50:43.091+0000] {dagbag.py:538} INFO - Filling up the DagBag from /opt/airflow/dags/cvd_mail_and_reschedule.py
[2024-01-30T23:50:43.121+0000] {processor.py:840} INFO - DAG(s) 'vulnerability_email_notification' retrieved from /opt/airflow/dags/cvd_mail_and_reschedule.py
[2024-01-30T23:50:43.158+0000] {logging_mixin.py:188} INFO - [2024-01-30T23:50:43.158+0000] {dag.py:3036} INFO - Sync 1 DAGs
[2024-01-30T23:50:43.192+0000] {logging_mixin.py:188} INFO - [2024-01-30T23:50:43.191+0000] {dag.py:3823} INFO - Setting next_dagrun for vulnerability_email_notification to None, run_after=None
[2024-01-30T23:50:43.226+0000] {processor.py:183} INFO - Processing /opt/airflow/dags/cvd_mail_and_reschedule.py took 0.141 seconds
[2024-01-30T23:51:13.879+0000] {processor.py:161} INFO - Started process (PID=7435) to work on /opt/airflow/dags/cvd_mail_and_reschedule.py
[2024-01-30T23:51:13.880+0000] {processor.py:830} INFO - Processing file /opt/airflow/dags/cvd_mail_and_reschedule.py for tasks to queue
[2024-01-30T23:51:13.882+0000] {logging_mixin.py:188} INFO - [2024-01-30T23:51:13.881+0000] {dagbag.py:538} INFO - Filling up the DagBag from /opt/airflow/dags/cvd_mail_and_reschedule.py
[2024-01-30T23:51:13.914+0000] {processor.py:840} INFO - DAG(s) 'vulnerability_email_notification' retrieved from /opt/airflow/dags/cvd_mail_and_reschedule.py
[2024-01-30T23:51:13.962+0000] {logging_mixin.py:188} INFO - [2024-01-30T23:51:13.962+0000] {dag.py:3036} INFO - Sync 1 DAGs
[2024-01-30T23:51:13.983+0000] {logging_mixin.py:188} INFO - [2024-01-30T23:51:13.983+0000] {dag.py:3823} INFO - Setting next_dagrun for vulnerability_email_notification to None, run_after=None
[2024-01-30T23:51:14.009+0000] {processor.py:183} INFO - Processing /opt/airflow/dags/cvd_mail_and_reschedule.py took 0.134 seconds
[2024-01-30T23:51:44.577+0000] {processor.py:161} INFO - Started process (PID=7461) to work on /opt/airflow/dags/cvd_mail_and_reschedule.py
[2024-01-30T23:51:44.579+0000] {processor.py:830} INFO - Processing file /opt/airflow/dags/cvd_mail_and_reschedule.py for tasks to queue
[2024-01-30T23:51:44.580+0000] {logging_mixin.py:188} INFO - [2024-01-30T23:51:44.580+0000] {dagbag.py:538} INFO - Filling up the DagBag from /opt/airflow/dags/cvd_mail_and_reschedule.py
[2024-01-30T23:51:44.611+0000] {processor.py:840} INFO - DAG(s) 'vulnerability_email_notification' retrieved from /opt/airflow/dags/cvd_mail_and_reschedule.py
[2024-01-30T23:51:44.645+0000] {logging_mixin.py:188} INFO - [2024-01-30T23:51:44.645+0000] {dag.py:3036} INFO - Sync 1 DAGs
[2024-01-30T23:51:44.662+0000] {logging_mixin.py:188} INFO - [2024-01-30T23:51:44.662+0000] {dag.py:3823} INFO - Setting next_dagrun for vulnerability_email_notification to None, run_after=None
[2024-01-30T23:51:44.690+0000] {processor.py:183} INFO - Processing /opt/airflow/dags/cvd_mail_and_reschedule.py took 0.116 seconds
[2024-01-30T23:52:15.347+0000] {processor.py:161} INFO - Started process (PID=7487) to work on /opt/airflow/dags/cvd_mail_and_reschedule.py
[2024-01-30T23:52:15.348+0000] {processor.py:830} INFO - Processing file /opt/airflow/dags/cvd_mail_and_reschedule.py for tasks to queue
[2024-01-30T23:52:15.350+0000] {logging_mixin.py:188} INFO - [2024-01-30T23:52:15.349+0000] {dagbag.py:538} INFO - Filling up the DagBag from /opt/airflow/dags/cvd_mail_and_reschedule.py
[2024-01-30T23:52:15.380+0000] {processor.py:840} INFO - DAG(s) 'vulnerability_email_notification' retrieved from /opt/airflow/dags/cvd_mail_and_reschedule.py
[2024-01-30T23:52:15.475+0000] {logging_mixin.py:188} INFO - [2024-01-30T23:52:15.475+0000] {dag.py:3036} INFO - Sync 1 DAGs
[2024-01-30T23:52:15.505+0000] {logging_mixin.py:188} INFO - [2024-01-30T23:52:15.504+0000] {dag.py:3823} INFO - Setting next_dagrun for vulnerability_email_notification to None, run_after=None
[2024-01-30T23:52:15.541+0000] {processor.py:183} INFO - Processing /opt/airflow/dags/cvd_mail_and_reschedule.py took 0.198 seconds
[2024-01-30T23:52:45.994+0000] {processor.py:161} INFO - Started process (PID=7513) to work on /opt/airflow/dags/cvd_mail_and_reschedule.py
[2024-01-30T23:52:45.996+0000] {processor.py:830} INFO - Processing file /opt/airflow/dags/cvd_mail_and_reschedule.py for tasks to queue
[2024-01-30T23:52:45.997+0000] {logging_mixin.py:188} INFO - [2024-01-30T23:52:45.997+0000] {dagbag.py:538} INFO - Filling up the DagBag from /opt/airflow/dags/cvd_mail_and_reschedule.py
[2024-01-30T23:52:46.025+0000] {processor.py:840} INFO - DAG(s) 'vulnerability_email_notification' retrieved from /opt/airflow/dags/cvd_mail_and_reschedule.py
[2024-01-30T23:52:46.056+0000] {logging_mixin.py:188} INFO - [2024-01-30T23:52:46.056+0000] {dag.py:3036} INFO - Sync 1 DAGs
[2024-01-30T23:52:46.073+0000] {logging_mixin.py:188} INFO - [2024-01-30T23:52:46.072+0000] {dag.py:3823} INFO - Setting next_dagrun for vulnerability_email_notification to None, run_after=None
[2024-01-30T23:52:46.110+0000] {processor.py:183} INFO - Processing /opt/airflow/dags/cvd_mail_and_reschedule.py took 0.121 seconds
[2024-01-30T23:53:16.738+0000] {processor.py:161} INFO - Started process (PID=7539) to work on /opt/airflow/dags/cvd_mail_and_reschedule.py
[2024-01-30T23:53:16.739+0000] {processor.py:830} INFO - Processing file /opt/airflow/dags/cvd_mail_and_reschedule.py for tasks to queue
[2024-01-30T23:53:16.741+0000] {logging_mixin.py:188} INFO - [2024-01-30T23:53:16.740+0000] {dagbag.py:538} INFO - Filling up the DagBag from /opt/airflow/dags/cvd_mail_and_reschedule.py
[2024-01-30T23:53:16.764+0000] {processor.py:840} INFO - DAG(s) 'vulnerability_email_notification' retrieved from /opt/airflow/dags/cvd_mail_and_reschedule.py
[2024-01-30T23:53:16.796+0000] {logging_mixin.py:188} INFO - [2024-01-30T23:53:16.795+0000] {dag.py:3036} INFO - Sync 1 DAGs
[2024-01-30T23:53:16.814+0000] {logging_mixin.py:188} INFO - [2024-01-30T23:53:16.814+0000] {dag.py:3823} INFO - Setting next_dagrun for vulnerability_email_notification to None, run_after=None
[2024-01-30T23:53:16.842+0000] {processor.py:183} INFO - Processing /opt/airflow/dags/cvd_mail_and_reschedule.py took 0.108 seconds
[2024-01-30T23:53:47.397+0000] {processor.py:161} INFO - Started process (PID=7565) to work on /opt/airflow/dags/cvd_mail_and_reschedule.py
[2024-01-30T23:53:47.399+0000] {processor.py:830} INFO - Processing file /opt/airflow/dags/cvd_mail_and_reschedule.py for tasks to queue
[2024-01-30T23:53:47.400+0000] {logging_mixin.py:188} INFO - [2024-01-30T23:53:47.400+0000] {dagbag.py:538} INFO - Filling up the DagBag from /opt/airflow/dags/cvd_mail_and_reschedule.py
[2024-01-30T23:53:47.428+0000] {processor.py:840} INFO - DAG(s) 'vulnerability_email_notification' retrieved from /opt/airflow/dags/cvd_mail_and_reschedule.py
[2024-01-30T23:53:47.459+0000] {logging_mixin.py:188} INFO - [2024-01-30T23:53:47.459+0000] {dag.py:3036} INFO - Sync 1 DAGs
[2024-01-30T23:53:47.474+0000] {logging_mixin.py:188} INFO - [2024-01-30T23:53:47.474+0000] {dag.py:3823} INFO - Setting next_dagrun for vulnerability_email_notification to None, run_after=None
[2024-01-30T23:53:47.511+0000] {processor.py:183} INFO - Processing /opt/airflow/dags/cvd_mail_and_reschedule.py took 0.117 seconds
[2024-01-30T23:54:18.108+0000] {processor.py:161} INFO - Started process (PID=7591) to work on /opt/airflow/dags/cvd_mail_and_reschedule.py
[2024-01-30T23:54:18.110+0000] {processor.py:830} INFO - Processing file /opt/airflow/dags/cvd_mail_and_reschedule.py for tasks to queue
[2024-01-30T23:54:18.111+0000] {logging_mixin.py:188} INFO - [2024-01-30T23:54:18.111+0000] {dagbag.py:538} INFO - Filling up the DagBag from /opt/airflow/dags/cvd_mail_and_reschedule.py
[2024-01-30T23:54:18.142+0000] {processor.py:840} INFO - DAG(s) 'vulnerability_email_notification' retrieved from /opt/airflow/dags/cvd_mail_and_reschedule.py
[2024-01-30T23:54:18.175+0000] {logging_mixin.py:188} INFO - [2024-01-30T23:54:18.174+0000] {dag.py:3036} INFO - Sync 1 DAGs
[2024-01-30T23:54:18.194+0000] {logging_mixin.py:188} INFO - [2024-01-30T23:54:18.194+0000] {dag.py:3823} INFO - Setting next_dagrun for vulnerability_email_notification to None, run_after=None
[2024-01-30T23:54:18.234+0000] {processor.py:183} INFO - Processing /opt/airflow/dags/cvd_mail_and_reschedule.py took 0.129 seconds
[2024-01-30T23:54:48.703+0000] {processor.py:161} INFO - Started process (PID=7617) to work on /opt/airflow/dags/cvd_mail_and_reschedule.py
[2024-01-30T23:54:48.705+0000] {processor.py:830} INFO - Processing file /opt/airflow/dags/cvd_mail_and_reschedule.py for tasks to queue
[2024-01-30T23:54:48.706+0000] {logging_mixin.py:188} INFO - [2024-01-30T23:54:48.706+0000] {dagbag.py:538} INFO - Filling up the DagBag from /opt/airflow/dags/cvd_mail_and_reschedule.py
[2024-01-30T23:54:48.736+0000] {processor.py:840} INFO - DAG(s) 'vulnerability_email_notification' retrieved from /opt/airflow/dags/cvd_mail_and_reschedule.py
[2024-01-30T23:54:48.771+0000] {logging_mixin.py:188} INFO - [2024-01-30T23:54:48.771+0000] {dag.py:3036} INFO - Sync 1 DAGs
[2024-01-30T23:54:48.786+0000] {logging_mixin.py:188} INFO - [2024-01-30T23:54:48.786+0000] {dag.py:3823} INFO - Setting next_dagrun for vulnerability_email_notification to None, run_after=None
[2024-01-30T23:54:48.815+0000] {processor.py:183} INFO - Processing /opt/airflow/dags/cvd_mail_and_reschedule.py took 0.116 seconds
[2024-01-30T23:55:19.367+0000] {processor.py:161} INFO - Started process (PID=7643) to work on /opt/airflow/dags/cvd_mail_and_reschedule.py
[2024-01-30T23:55:19.368+0000] {processor.py:830} INFO - Processing file /opt/airflow/dags/cvd_mail_and_reschedule.py for tasks to queue
[2024-01-30T23:55:19.370+0000] {logging_mixin.py:188} INFO - [2024-01-30T23:55:19.369+0000] {dagbag.py:538} INFO - Filling up the DagBag from /opt/airflow/dags/cvd_mail_and_reschedule.py
[2024-01-30T23:55:19.401+0000] {processor.py:840} INFO - DAG(s) 'vulnerability_email_notification' retrieved from /opt/airflow/dags/cvd_mail_and_reschedule.py
[2024-01-30T23:55:19.439+0000] {logging_mixin.py:188} INFO - [2024-01-30T23:55:19.439+0000] {dag.py:3036} INFO - Sync 1 DAGs
[2024-01-30T23:55:19.458+0000] {logging_mixin.py:188} INFO - [2024-01-30T23:55:19.458+0000] {dag.py:3823} INFO - Setting next_dagrun for vulnerability_email_notification to None, run_after=None
[2024-01-30T23:55:19.500+0000] {processor.py:183} INFO - Processing /opt/airflow/dags/cvd_mail_and_reschedule.py took 0.137 seconds
[2024-01-30T23:55:50.042+0000] {processor.py:161} INFO - Started process (PID=7669) to work on /opt/airflow/dags/cvd_mail_and_reschedule.py
[2024-01-30T23:55:50.043+0000] {processor.py:830} INFO - Processing file /opt/airflow/dags/cvd_mail_and_reschedule.py for tasks to queue
[2024-01-30T23:55:50.045+0000] {logging_mixin.py:188} INFO - [2024-01-30T23:55:50.045+0000] {dagbag.py:538} INFO - Filling up the DagBag from /opt/airflow/dags/cvd_mail_and_reschedule.py
[2024-01-30T23:55:50.077+0000] {processor.py:840} INFO - DAG(s) 'vulnerability_email_notification' retrieved from /opt/airflow/dags/cvd_mail_and_reschedule.py
[2024-01-30T23:55:50.111+0000] {logging_mixin.py:188} INFO - [2024-01-30T23:55:50.110+0000] {dag.py:3036} INFO - Sync 1 DAGs
[2024-01-30T23:55:50.126+0000] {logging_mixin.py:188} INFO - [2024-01-30T23:55:50.126+0000] {dag.py:3823} INFO - Setting next_dagrun for vulnerability_email_notification to None, run_after=None
[2024-01-30T23:55:50.154+0000] {processor.py:183} INFO - Processing /opt/airflow/dags/cvd_mail_and_reschedule.py took 0.117 seconds
[2024-01-30T23:56:20.737+0000] {processor.py:161} INFO - Started process (PID=7695) to work on /opt/airflow/dags/cvd_mail_and_reschedule.py
[2024-01-30T23:56:20.738+0000] {processor.py:830} INFO - Processing file /opt/airflow/dags/cvd_mail_and_reschedule.py for tasks to queue
[2024-01-30T23:56:20.740+0000] {logging_mixin.py:188} INFO - [2024-01-30T23:56:20.739+0000] {dagbag.py:538} INFO - Filling up the DagBag from /opt/airflow/dags/cvd_mail_and_reschedule.py
[2024-01-30T23:56:20.770+0000] {processor.py:840} INFO - DAG(s) 'vulnerability_email_notification' retrieved from /opt/airflow/dags/cvd_mail_and_reschedule.py
[2024-01-30T23:56:20.810+0000] {logging_mixin.py:188} INFO - [2024-01-30T23:56:20.809+0000] {dag.py:3036} INFO - Sync 1 DAGs
[2024-01-30T23:56:20.830+0000] {logging_mixin.py:188} INFO - [2024-01-30T23:56:20.829+0000] {dag.py:3823} INFO - Setting next_dagrun for vulnerability_email_notification to None, run_after=None
[2024-01-30T23:56:20.858+0000] {processor.py:183} INFO - Processing /opt/airflow/dags/cvd_mail_and_reschedule.py took 0.126 seconds
[2024-01-30T23:56:51.466+0000] {processor.py:161} INFO - Started process (PID=7721) to work on /opt/airflow/dags/cvd_mail_and_reschedule.py
[2024-01-30T23:56:51.467+0000] {processor.py:830} INFO - Processing file /opt/airflow/dags/cvd_mail_and_reschedule.py for tasks to queue
[2024-01-30T23:56:51.469+0000] {logging_mixin.py:188} INFO - [2024-01-30T23:56:51.469+0000] {dagbag.py:538} INFO - Filling up the DagBag from /opt/airflow/dags/cvd_mail_and_reschedule.py
[2024-01-30T23:56:51.499+0000] {processor.py:840} INFO - DAG(s) 'vulnerability_email_notification' retrieved from /opt/airflow/dags/cvd_mail_and_reschedule.py
[2024-01-30T23:56:51.537+0000] {logging_mixin.py:188} INFO - [2024-01-30T23:56:51.536+0000] {dag.py:3036} INFO - Sync 1 DAGs
[2024-01-30T23:56:51.560+0000] {logging_mixin.py:188} INFO - [2024-01-30T23:56:51.559+0000] {dag.py:3823} INFO - Setting next_dagrun for vulnerability_email_notification to None, run_after=None
[2024-01-30T23:56:51.607+0000] {processor.py:183} INFO - Processing /opt/airflow/dags/cvd_mail_and_reschedule.py took 0.145 seconds
[2024-01-30T23:57:22.195+0000] {processor.py:161} INFO - Started process (PID=7747) to work on /opt/airflow/dags/cvd_mail_and_reschedule.py
[2024-01-30T23:57:22.196+0000] {processor.py:830} INFO - Processing file /opt/airflow/dags/cvd_mail_and_reschedule.py for tasks to queue
[2024-01-30T23:57:22.197+0000] {logging_mixin.py:188} INFO - [2024-01-30T23:57:22.197+0000] {dagbag.py:538} INFO - Filling up the DagBag from /opt/airflow/dags/cvd_mail_and_reschedule.py
[2024-01-30T23:57:22.227+0000] {processor.py:840} INFO - DAG(s) 'vulnerability_email_notification' retrieved from /opt/airflow/dags/cvd_mail_and_reschedule.py
[2024-01-30T23:57:22.268+0000] {logging_mixin.py:188} INFO - [2024-01-30T23:57:22.267+0000] {dag.py:3036} INFO - Sync 1 DAGs
[2024-01-30T23:57:22.287+0000] {logging_mixin.py:188} INFO - [2024-01-30T23:57:22.287+0000] {dag.py:3823} INFO - Setting next_dagrun for vulnerability_email_notification to None, run_after=None
[2024-01-30T23:57:22.318+0000] {processor.py:183} INFO - Processing /opt/airflow/dags/cvd_mail_and_reschedule.py took 0.127 seconds
[2024-01-30T23:57:52.872+0000] {processor.py:161} INFO - Started process (PID=7773) to work on /opt/airflow/dags/cvd_mail_and_reschedule.py
[2024-01-30T23:57:52.874+0000] {processor.py:830} INFO - Processing file /opt/airflow/dags/cvd_mail_and_reschedule.py for tasks to queue
[2024-01-30T23:57:52.875+0000] {logging_mixin.py:188} INFO - [2024-01-30T23:57:52.875+0000] {dagbag.py:538} INFO - Filling up the DagBag from /opt/airflow/dags/cvd_mail_and_reschedule.py
[2024-01-30T23:57:52.907+0000] {processor.py:840} INFO - DAG(s) 'vulnerability_email_notification' retrieved from /opt/airflow/dags/cvd_mail_and_reschedule.py
[2024-01-30T23:57:52.947+0000] {logging_mixin.py:188} INFO - [2024-01-30T23:57:52.947+0000] {dag.py:3036} INFO - Sync 1 DAGs
[2024-01-30T23:57:52.969+0000] {logging_mixin.py:188} INFO - [2024-01-30T23:57:52.968+0000] {dag.py:3823} INFO - Setting next_dagrun for vulnerability_email_notification to None, run_after=None
[2024-01-30T23:57:53.017+0000] {processor.py:183} INFO - Processing /opt/airflow/dags/cvd_mail_and_reschedule.py took 0.151 seconds
[2024-01-30T23:58:23.596+0000] {processor.py:161} INFO - Started process (PID=7799) to work on /opt/airflow/dags/cvd_mail_and_reschedule.py
[2024-01-30T23:58:23.597+0000] {processor.py:830} INFO - Processing file /opt/airflow/dags/cvd_mail_and_reschedule.py for tasks to queue
[2024-01-30T23:58:23.599+0000] {logging_mixin.py:188} INFO - [2024-01-30T23:58:23.599+0000] {dagbag.py:538} INFO - Filling up the DagBag from /opt/airflow/dags/cvd_mail_and_reschedule.py
[2024-01-30T23:58:23.632+0000] {processor.py:840} INFO - DAG(s) 'vulnerability_email_notification' retrieved from /opt/airflow/dags/cvd_mail_and_reschedule.py
[2024-01-30T23:58:23.664+0000] {logging_mixin.py:188} INFO - [2024-01-30T23:58:23.663+0000] {dag.py:3036} INFO - Sync 1 DAGs
[2024-01-30T23:58:23.681+0000] {logging_mixin.py:188} INFO - [2024-01-30T23:58:23.681+0000] {dag.py:3823} INFO - Setting next_dagrun for vulnerability_email_notification to None, run_after=None
[2024-01-30T23:58:23.718+0000] {processor.py:183} INFO - Processing /opt/airflow/dags/cvd_mail_and_reschedule.py took 0.126 seconds
[2024-01-30T23:58:54.353+0000] {processor.py:161} INFO - Started process (PID=7825) to work on /opt/airflow/dags/cvd_mail_and_reschedule.py
[2024-01-30T23:58:54.354+0000] {processor.py:830} INFO - Processing file /opt/airflow/dags/cvd_mail_and_reschedule.py for tasks to queue
[2024-01-30T23:58:54.356+0000] {logging_mixin.py:188} INFO - [2024-01-30T23:58:54.355+0000] {dagbag.py:538} INFO - Filling up the DagBag from /opt/airflow/dags/cvd_mail_and_reschedule.py
[2024-01-30T23:58:54.388+0000] {processor.py:840} INFO - DAG(s) 'vulnerability_email_notification' retrieved from /opt/airflow/dags/cvd_mail_and_reschedule.py
[2024-01-30T23:58:54.425+0000] {logging_mixin.py:188} INFO - [2024-01-30T23:58:54.425+0000] {dag.py:3036} INFO - Sync 1 DAGs
[2024-01-30T23:58:54.444+0000] {logging_mixin.py:188} INFO - [2024-01-30T23:58:54.444+0000] {dag.py:3823} INFO - Setting next_dagrun for vulnerability_email_notification to None, run_after=None
[2024-01-30T23:58:54.484+0000] {processor.py:183} INFO - Processing /opt/airflow/dags/cvd_mail_and_reschedule.py took 0.136 seconds
[2024-01-30T23:59:25.015+0000] {processor.py:161} INFO - Started process (PID=7851) to work on /opt/airflow/dags/cvd_mail_and_reschedule.py
[2024-01-30T23:59:25.016+0000] {processor.py:830} INFO - Processing file /opt/airflow/dags/cvd_mail_and_reschedule.py for tasks to queue
[2024-01-30T23:59:25.018+0000] {logging_mixin.py:188} INFO - [2024-01-30T23:59:25.018+0000] {dagbag.py:538} INFO - Filling up the DagBag from /opt/airflow/dags/cvd_mail_and_reschedule.py
[2024-01-30T23:59:25.052+0000] {processor.py:840} INFO - DAG(s) 'vulnerability_email_notification' retrieved from /opt/airflow/dags/cvd_mail_and_reschedule.py
[2024-01-30T23:59:25.093+0000] {logging_mixin.py:188} INFO - [2024-01-30T23:59:25.093+0000] {dag.py:3036} INFO - Sync 1 DAGs
[2024-01-30T23:59:25.112+0000] {logging_mixin.py:188} INFO - [2024-01-30T23:59:25.112+0000] {dag.py:3823} INFO - Setting next_dagrun for vulnerability_email_notification to None, run_after=None
[2024-01-30T23:59:25.150+0000] {processor.py:183} INFO - Processing /opt/airflow/dags/cvd_mail_and_reschedule.py took 0.139 seconds
[2024-01-30T23:59:55.710+0000] {processor.py:161} INFO - Started process (PID=7877) to work on /opt/airflow/dags/cvd_mail_and_reschedule.py
[2024-01-30T23:59:55.712+0000] {processor.py:830} INFO - Processing file /opt/airflow/dags/cvd_mail_and_reschedule.py for tasks to queue
[2024-01-30T23:59:55.713+0000] {logging_mixin.py:188} INFO - [2024-01-30T23:59:55.713+0000] {dagbag.py:538} INFO - Filling up the DagBag from /opt/airflow/dags/cvd_mail_and_reschedule.py
[2024-01-30T23:59:55.744+0000] {processor.py:840} INFO - DAG(s) 'vulnerability_email_notification' retrieved from /opt/airflow/dags/cvd_mail_and_reschedule.py
[2024-01-30T23:59:55.781+0000] {logging_mixin.py:188} INFO - [2024-01-30T23:59:55.781+0000] {dag.py:3036} INFO - Sync 1 DAGs
[2024-01-30T23:59:55.803+0000] {logging_mixin.py:188} INFO - [2024-01-30T23:59:55.803+0000] {dag.py:3823} INFO - Setting next_dagrun for vulnerability_email_notification to None, run_after=None
[2024-01-30T23:59:55.837+0000] {processor.py:183} INFO - Processing /opt/airflow/dags/cvd_mail_and_reschedule.py took 0.131 seconds
