[2024-01-30T23:19:25.812+0000] {processor.py:161} INFO - Started process (PID=5770) to work on /opt/airflow/dags/cvd_rescan_notify.py
[2024-01-30T23:19:25.815+0000] {processor.py:830} INFO - Processing file /opt/airflow/dags/cvd_rescan_notify.py for tasks to queue
[2024-01-30T23:19:25.817+0000] {logging_mixin.py:188} INFO - [2024-01-30T23:19:25.816+0000] {dagbag.py:538} INFO - Filling up the DagBag from /opt/airflow/dags/cvd_rescan_notify.py
[2024-01-30T23:19:25.859+0000] {processor.py:840} INFO - DAG(s) 'conditional_nuclei_scan' retrieved from /opt/airflow/dags/cvd_rescan_notify.py
[2024-01-30T23:19:26.059+0000] {logging_mixin.py:188} INFO - [2024-01-30T23:19:26.058+0000] {override.py:1769} INFO - Created Permission View: can edit on DAG:conditional_nuclei_scan
[2024-01-30T23:19:26.076+0000] {logging_mixin.py:188} INFO - [2024-01-30T23:19:26.075+0000] {override.py:1769} INFO - Created Permission View: can delete on DAG:conditional_nuclei_scan
[2024-01-30T23:19:26.088+0000] {logging_mixin.py:188} INFO - [2024-01-30T23:19:26.087+0000] {override.py:1769} INFO - Created Permission View: can read on DAG:conditional_nuclei_scan
[2024-01-30T23:19:26.088+0000] {logging_mixin.py:188} INFO - [2024-01-30T23:19:26.088+0000] {dag.py:3036} INFO - Sync 1 DAGs
[2024-01-30T23:19:26.105+0000] {logging_mixin.py:188} INFO - [2024-01-30T23:19:26.104+0000] {dag.py:3058} INFO - Creating ORM DAG for conditional_nuclei_scan
[2024-01-30T23:19:26.124+0000] {logging_mixin.py:188} INFO - [2024-01-30T23:19:26.123+0000] {dag.py:3823} INFO - Setting next_dagrun for conditional_nuclei_scan to 2024-01-30 23:19:25.848219+00:00, run_after=2024-01-31 23:19:25.848219+00:00
[2024-01-30T23:19:26.153+0000] {processor.py:183} INFO - Processing /opt/airflow/dags/cvd_rescan_notify.py took 0.347 seconds
[2024-01-30T23:19:56.725+0000] {processor.py:161} INFO - Started process (PID=5796) to work on /opt/airflow/dags/cvd_rescan_notify.py
[2024-01-30T23:19:56.727+0000] {processor.py:830} INFO - Processing file /opt/airflow/dags/cvd_rescan_notify.py for tasks to queue
[2024-01-30T23:19:56.729+0000] {logging_mixin.py:188} INFO - [2024-01-30T23:19:56.728+0000] {dagbag.py:538} INFO - Filling up the DagBag from /opt/airflow/dags/cvd_rescan_notify.py
[2024-01-30T23:19:56.770+0000] {processor.py:840} INFO - DAG(s) 'conditional_nuclei_scan' retrieved from /opt/airflow/dags/cvd_rescan_notify.py
[2024-01-30T23:19:56.916+0000] {logging_mixin.py:188} INFO - [2024-01-30T23:19:56.916+0000] {dag.py:3036} INFO - Sync 1 DAGs
[2024-01-30T23:19:56.944+0000] {logging_mixin.py:188} INFO - [2024-01-30T23:19:56.943+0000] {dag.py:3823} INFO - Setting next_dagrun for conditional_nuclei_scan to 2024-01-30 23:19:56.756204+00:00, run_after=2024-01-31 23:19:56.756204+00:00
[2024-01-30T23:19:56.979+0000] {processor.py:183} INFO - Processing /opt/airflow/dags/cvd_rescan_notify.py took 0.258 seconds
[2024-01-30T23:20:27.460+0000] {processor.py:161} INFO - Started process (PID=5822) to work on /opt/airflow/dags/cvd_rescan_notify.py
[2024-01-30T23:20:27.462+0000] {processor.py:830} INFO - Processing file /opt/airflow/dags/cvd_rescan_notify.py for tasks to queue
[2024-01-30T23:20:27.466+0000] {logging_mixin.py:188} INFO - [2024-01-30T23:20:27.465+0000] {dagbag.py:538} INFO - Filling up the DagBag from /opt/airflow/dags/cvd_rescan_notify.py
[2024-01-30T23:20:27.501+0000] {processor.py:840} INFO - DAG(s) 'conditional_nuclei_scan' retrieved from /opt/airflow/dags/cvd_rescan_notify.py
[2024-01-30T23:20:27.681+0000] {logging_mixin.py:188} INFO - [2024-01-30T23:20:27.681+0000] {dag.py:3036} INFO - Sync 1 DAGs
[2024-01-30T23:20:27.711+0000] {logging_mixin.py:188} INFO - [2024-01-30T23:20:27.711+0000] {dag.py:3823} INFO - Setting next_dagrun for conditional_nuclei_scan to 2024-01-30 23:20:27.488765+00:00, run_after=2024-01-31 23:20:27.488765+00:00
[2024-01-30T23:20:27.745+0000] {processor.py:183} INFO - Processing /opt/airflow/dags/cvd_rescan_notify.py took 0.290 seconds
[2024-01-30T23:20:58.195+0000] {processor.py:161} INFO - Started process (PID=5848) to work on /opt/airflow/dags/cvd_rescan_notify.py
[2024-01-30T23:20:58.197+0000] {processor.py:830} INFO - Processing file /opt/airflow/dags/cvd_rescan_notify.py for tasks to queue
[2024-01-30T23:20:58.199+0000] {logging_mixin.py:188} INFO - [2024-01-30T23:20:58.199+0000] {dagbag.py:538} INFO - Filling up the DagBag from /opt/airflow/dags/cvd_rescan_notify.py
[2024-01-30T23:20:58.232+0000] {processor.py:840} INFO - DAG(s) 'conditional_nuclei_scan' retrieved from /opt/airflow/dags/cvd_rescan_notify.py
[2024-01-30T23:20:58.396+0000] {logging_mixin.py:188} INFO - [2024-01-30T23:20:58.396+0000] {dag.py:3036} INFO - Sync 1 DAGs
[2024-01-30T23:20:58.424+0000] {logging_mixin.py:188} INFO - [2024-01-30T23:20:58.423+0000] {dag.py:3823} INFO - Setting next_dagrun for conditional_nuclei_scan to 2024-01-30 23:20:58.220691+00:00, run_after=2024-01-31 23:20:58.220691+00:00
[2024-01-30T23:20:58.466+0000] {processor.py:183} INFO - Processing /opt/airflow/dags/cvd_rescan_notify.py took 0.276 seconds
[2024-01-30T23:21:29.100+0000] {processor.py:161} INFO - Started process (PID=5879) to work on /opt/airflow/dags/cvd_rescan_notify.py
[2024-01-30T23:21:29.102+0000] {processor.py:830} INFO - Processing file /opt/airflow/dags/cvd_rescan_notify.py for tasks to queue
[2024-01-30T23:21:29.103+0000] {logging_mixin.py:188} INFO - [2024-01-30T23:21:29.103+0000] {dagbag.py:538} INFO - Filling up the DagBag from /opt/airflow/dags/cvd_rescan_notify.py
[2024-01-30T23:21:29.135+0000] {processor.py:840} INFO - DAG(s) 'conditional_nuclei_scan' retrieved from /opt/airflow/dags/cvd_rescan_notify.py
[2024-01-30T23:21:29.292+0000] {logging_mixin.py:188} INFO - [2024-01-30T23:21:29.291+0000] {dag.py:3036} INFO - Sync 1 DAGs
[2024-01-30T23:21:29.326+0000] {logging_mixin.py:188} INFO - [2024-01-30T23:21:29.326+0000] {dag.py:3823} INFO - Setting next_dagrun for conditional_nuclei_scan to 2024-01-30 23:21:29.125596+00:00, run_after=2024-01-31 23:21:29.125596+00:00
[2024-01-30T23:21:29.366+0000] {processor.py:183} INFO - Processing /opt/airflow/dags/cvd_rescan_notify.py took 0.270 seconds
[2024-01-30T23:21:59.754+0000] {processor.py:161} INFO - Started process (PID=5905) to work on /opt/airflow/dags/cvd_rescan_notify.py
[2024-01-30T23:21:59.756+0000] {processor.py:830} INFO - Processing file /opt/airflow/dags/cvd_rescan_notify.py for tasks to queue
[2024-01-30T23:21:59.757+0000] {logging_mixin.py:188} INFO - [2024-01-30T23:21:59.757+0000] {dagbag.py:538} INFO - Filling up the DagBag from /opt/airflow/dags/cvd_rescan_notify.py
[2024-01-30T23:21:59.786+0000] {processor.py:840} INFO - DAG(s) 'conditional_nuclei_scan' retrieved from /opt/airflow/dags/cvd_rescan_notify.py
[2024-01-30T23:21:59.921+0000] {logging_mixin.py:188} INFO - [2024-01-30T23:21:59.920+0000] {dag.py:3036} INFO - Sync 1 DAGs
[2024-01-30T23:21:59.947+0000] {logging_mixin.py:188} INFO - [2024-01-30T23:21:59.947+0000] {dag.py:3823} INFO - Setting next_dagrun for conditional_nuclei_scan to 2024-01-30 23:21:59.777936+00:00, run_after=2024-01-31 23:21:59.777936+00:00
[2024-01-30T23:21:59.981+0000] {processor.py:183} INFO - Processing /opt/airflow/dags/cvd_rescan_notify.py took 0.231 seconds
[2024-01-30T23:22:30.561+0000] {processor.py:161} INFO - Started process (PID=5931) to work on /opt/airflow/dags/cvd_rescan_notify.py
[2024-01-30T23:22:30.562+0000] {processor.py:830} INFO - Processing file /opt/airflow/dags/cvd_rescan_notify.py for tasks to queue
[2024-01-30T23:22:30.564+0000] {logging_mixin.py:188} INFO - [2024-01-30T23:22:30.563+0000] {dagbag.py:538} INFO - Filling up the DagBag from /opt/airflow/dags/cvd_rescan_notify.py
[2024-01-30T23:22:30.594+0000] {processor.py:840} INFO - DAG(s) 'conditional_nuclei_scan' retrieved from /opt/airflow/dags/cvd_rescan_notify.py
[2024-01-30T23:22:30.764+0000] {logging_mixin.py:188} INFO - [2024-01-30T23:22:30.764+0000] {dag.py:3036} INFO - Sync 1 DAGs
[2024-01-30T23:22:30.794+0000] {logging_mixin.py:188} INFO - [2024-01-30T23:22:30.793+0000] {dag.py:3823} INFO - Setting next_dagrun for conditional_nuclei_scan to 2024-01-30 23:22:30.585054+00:00, run_after=2024-01-31 23:22:30.585054+00:00
[2024-01-30T23:22:30.825+0000] {processor.py:183} INFO - Processing /opt/airflow/dags/cvd_rescan_notify.py took 0.271 seconds
[2024-01-30T23:23:01.248+0000] {processor.py:161} INFO - Started process (PID=5957) to work on /opt/airflow/dags/cvd_rescan_notify.py
[2024-01-30T23:23:01.250+0000] {processor.py:830} INFO - Processing file /opt/airflow/dags/cvd_rescan_notify.py for tasks to queue
[2024-01-30T23:23:01.251+0000] {logging_mixin.py:188} INFO - [2024-01-30T23:23:01.251+0000] {dagbag.py:538} INFO - Filling up the DagBag from /opt/airflow/dags/cvd_rescan_notify.py
[2024-01-30T23:23:01.278+0000] {processor.py:840} INFO - DAG(s) 'conditional_nuclei_scan' retrieved from /opt/airflow/dags/cvd_rescan_notify.py
[2024-01-30T23:23:01.422+0000] {logging_mixin.py:188} INFO - [2024-01-30T23:23:01.422+0000] {dag.py:3036} INFO - Sync 1 DAGs
[2024-01-30T23:23:01.457+0000] {logging_mixin.py:188} INFO - [2024-01-30T23:23:01.457+0000] {dag.py:3823} INFO - Setting next_dagrun for conditional_nuclei_scan to 2024-01-30 23:23:01.269980+00:00, run_after=2024-01-31 23:23:01.269980+00:00
[2024-01-30T23:23:01.486+0000] {processor.py:183} INFO - Processing /opt/airflow/dags/cvd_rescan_notify.py took 0.243 seconds
[2024-01-30T23:23:32.113+0000] {processor.py:161} INFO - Started process (PID=5983) to work on /opt/airflow/dags/cvd_rescan_notify.py
[2024-01-30T23:23:32.115+0000] {processor.py:830} INFO - Processing file /opt/airflow/dags/cvd_rescan_notify.py for tasks to queue
[2024-01-30T23:23:32.117+0000] {logging_mixin.py:188} INFO - [2024-01-30T23:23:32.116+0000] {dagbag.py:538} INFO - Filling up the DagBag from /opt/airflow/dags/cvd_rescan_notify.py
[2024-01-30T23:23:32.148+0000] {processor.py:840} INFO - DAG(s) 'conditional_nuclei_scan' retrieved from /opt/airflow/dags/cvd_rescan_notify.py
[2024-01-30T23:23:32.290+0000] {logging_mixin.py:188} INFO - [2024-01-30T23:23:32.290+0000] {dag.py:3036} INFO - Sync 1 DAGs
[2024-01-30T23:23:32.317+0000] {logging_mixin.py:188} INFO - [2024-01-30T23:23:32.317+0000] {dag.py:3823} INFO - Setting next_dagrun for conditional_nuclei_scan to 2024-01-30 23:23:32.139222+00:00, run_after=2024-01-31 23:23:32.139222+00:00
[2024-01-30T23:23:32.354+0000] {processor.py:183} INFO - Processing /opt/airflow/dags/cvd_rescan_notify.py took 0.246 seconds
[2024-01-30T23:24:02.735+0000] {processor.py:161} INFO - Started process (PID=6009) to work on /opt/airflow/dags/cvd_rescan_notify.py
[2024-01-30T23:24:02.738+0000] {processor.py:830} INFO - Processing file /opt/airflow/dags/cvd_rescan_notify.py for tasks to queue
[2024-01-30T23:24:02.739+0000] {logging_mixin.py:188} INFO - [2024-01-30T23:24:02.739+0000] {dagbag.py:538} INFO - Filling up the DagBag from /opt/airflow/dags/cvd_rescan_notify.py
[2024-01-30T23:24:02.775+0000] {processor.py:840} INFO - DAG(s) 'conditional_nuclei_scan' retrieved from /opt/airflow/dags/cvd_rescan_notify.py
[2024-01-30T23:24:02.963+0000] {logging_mixin.py:188} INFO - [2024-01-30T23:24:02.962+0000] {dag.py:3036} INFO - Sync 1 DAGs
[2024-01-30T23:24:03.005+0000] {logging_mixin.py:188} INFO - [2024-01-30T23:24:03.004+0000] {dag.py:3823} INFO - Setting next_dagrun for conditional_nuclei_scan to 2024-01-30 23:24:02.760707+00:00, run_after=2024-01-31 23:24:02.760707+00:00
[2024-01-30T23:24:03.047+0000] {processor.py:183} INFO - Processing /opt/airflow/dags/cvd_rescan_notify.py took 0.318 seconds
[2024-01-30T23:24:33.446+0000] {processor.py:161} INFO - Started process (PID=6035) to work on /opt/airflow/dags/cvd_rescan_notify.py
[2024-01-30T23:24:33.448+0000] {processor.py:830} INFO - Processing file /opt/airflow/dags/cvd_rescan_notify.py for tasks to queue
[2024-01-30T23:24:33.449+0000] {logging_mixin.py:188} INFO - [2024-01-30T23:24:33.449+0000] {dagbag.py:538} INFO - Filling up the DagBag from /opt/airflow/dags/cvd_rescan_notify.py
[2024-01-30T23:24:33.475+0000] {processor.py:840} INFO - DAG(s) 'conditional_nuclei_scan' retrieved from /opt/airflow/dags/cvd_rescan_notify.py
[2024-01-30T23:24:33.610+0000] {logging_mixin.py:188} INFO - [2024-01-30T23:24:33.609+0000] {dag.py:3036} INFO - Sync 1 DAGs
[2024-01-30T23:24:33.640+0000] {logging_mixin.py:188} INFO - [2024-01-30T23:24:33.639+0000] {dag.py:3823} INFO - Setting next_dagrun for conditional_nuclei_scan to 2024-01-30 23:24:33.467561+00:00, run_after=2024-01-31 23:24:33.467561+00:00
[2024-01-30T23:24:33.668+0000] {processor.py:183} INFO - Processing /opt/airflow/dags/cvd_rescan_notify.py took 0.227 seconds
[2024-01-30T23:25:03.955+0000] {processor.py:161} INFO - Started process (PID=6061) to work on /opt/airflow/dags/cvd_rescan_notify.py
[2024-01-30T23:25:03.956+0000] {processor.py:830} INFO - Processing file /opt/airflow/dags/cvd_rescan_notify.py for tasks to queue
[2024-01-30T23:25:03.958+0000] {logging_mixin.py:188} INFO - [2024-01-30T23:25:03.957+0000] {dagbag.py:538} INFO - Filling up the DagBag from /opt/airflow/dags/cvd_rescan_notify.py
[2024-01-30T23:25:03.986+0000] {processor.py:840} INFO - DAG(s) 'conditional_nuclei_scan' retrieved from /opt/airflow/dags/cvd_rescan_notify.py
[2024-01-30T23:25:04.015+0000] {logging_mixin.py:188} INFO - [2024-01-30T23:25:04.015+0000] {dag.py:3036} INFO - Sync 1 DAGs
[2024-01-30T23:25:04.055+0000] {logging_mixin.py:188} INFO - [2024-01-30T23:25:04.055+0000] {dag.py:3823} INFO - Setting next_dagrun for conditional_nuclei_scan to 2024-01-30 23:25:03.974722+00:00, run_after=2024-01-31 23:25:03.974722+00:00
[2024-01-30T23:25:04.081+0000] {processor.py:183} INFO - Processing /opt/airflow/dags/cvd_rescan_notify.py took 0.130 seconds
[2024-01-30T23:25:34.617+0000] {processor.py:161} INFO - Started process (PID=6087) to work on /opt/airflow/dags/cvd_rescan_notify.py
[2024-01-30T23:25:34.619+0000] {processor.py:830} INFO - Processing file /opt/airflow/dags/cvd_rescan_notify.py for tasks to queue
[2024-01-30T23:25:34.620+0000] {logging_mixin.py:188} INFO - [2024-01-30T23:25:34.620+0000] {dagbag.py:538} INFO - Filling up the DagBag from /opt/airflow/dags/cvd_rescan_notify.py
[2024-01-30T23:25:34.654+0000] {processor.py:840} INFO - DAG(s) 'conditional_nuclei_scan' retrieved from /opt/airflow/dags/cvd_rescan_notify.py
[2024-01-30T23:25:34.817+0000] {logging_mixin.py:188} INFO - [2024-01-30T23:25:34.816+0000] {dag.py:3036} INFO - Sync 1 DAGs
[2024-01-30T23:25:34.846+0000] {logging_mixin.py:188} INFO - [2024-01-30T23:25:34.846+0000] {dag.py:3823} INFO - Setting next_dagrun for conditional_nuclei_scan to 2024-01-30 23:25:34.643434+00:00, run_after=2024-01-31 23:25:34.643434+00:00
[2024-01-30T23:25:34.874+0000] {processor.py:183} INFO - Processing /opt/airflow/dags/cvd_rescan_notify.py took 0.261 seconds
[2024-01-30T23:26:05.471+0000] {processor.py:161} INFO - Started process (PID=6115) to work on /opt/airflow/dags/cvd_rescan_notify.py
[2024-01-30T23:26:05.474+0000] {processor.py:830} INFO - Processing file /opt/airflow/dags/cvd_rescan_notify.py for tasks to queue
[2024-01-30T23:26:05.475+0000] {logging_mixin.py:188} INFO - [2024-01-30T23:26:05.475+0000] {dagbag.py:538} INFO - Filling up the DagBag from /opt/airflow/dags/cvd_rescan_notify.py
[2024-01-30T23:26:05.508+0000] {processor.py:840} INFO - DAG(s) 'conditional_nuclei_scan' retrieved from /opt/airflow/dags/cvd_rescan_notify.py
[2024-01-30T23:26:05.701+0000] {logging_mixin.py:188} INFO - [2024-01-30T23:26:05.700+0000] {dag.py:3036} INFO - Sync 1 DAGs
[2024-01-30T23:26:05.729+0000] {logging_mixin.py:188} INFO - [2024-01-30T23:26:05.729+0000] {dag.py:3823} INFO - Setting next_dagrun for conditional_nuclei_scan to 2024-01-30 23:26:05.496575+00:00, run_after=2024-01-31 23:26:05.496575+00:00
[2024-01-30T23:26:05.760+0000] {processor.py:183} INFO - Processing /opt/airflow/dags/cvd_rescan_notify.py took 0.295 seconds
[2024-01-30T23:26:36.095+0000] {processor.py:161} INFO - Started process (PID=6141) to work on /opt/airflow/dags/cvd_rescan_notify.py
[2024-01-30T23:26:36.097+0000] {processor.py:830} INFO - Processing file /opt/airflow/dags/cvd_rescan_notify.py for tasks to queue
[2024-01-30T23:26:36.098+0000] {logging_mixin.py:188} INFO - [2024-01-30T23:26:36.098+0000] {dagbag.py:538} INFO - Filling up the DagBag from /opt/airflow/dags/cvd_rescan_notify.py
[2024-01-30T23:26:36.127+0000] {processor.py:840} INFO - DAG(s) 'conditional_nuclei_scan' retrieved from /opt/airflow/dags/cvd_rescan_notify.py
[2024-01-30T23:26:36.291+0000] {logging_mixin.py:188} INFO - [2024-01-30T23:26:36.291+0000] {dag.py:3036} INFO - Sync 1 DAGs
[2024-01-30T23:26:36.317+0000] {logging_mixin.py:188} INFO - [2024-01-30T23:26:36.316+0000] {dag.py:3823} INFO - Setting next_dagrun for conditional_nuclei_scan to 2024-01-30 23:26:36.117732+00:00, run_after=2024-01-31 23:26:36.117732+00:00
[2024-01-30T23:26:36.342+0000] {processor.py:183} INFO - Processing /opt/airflow/dags/cvd_rescan_notify.py took 0.251 seconds
[2024-01-30T23:27:06.875+0000] {processor.py:161} INFO - Started process (PID=6167) to work on /opt/airflow/dags/cvd_rescan_notify.py
[2024-01-30T23:27:06.877+0000] {processor.py:830} INFO - Processing file /opt/airflow/dags/cvd_rescan_notify.py for tasks to queue
[2024-01-30T23:27:06.878+0000] {logging_mixin.py:188} INFO - [2024-01-30T23:27:06.878+0000] {dagbag.py:538} INFO - Filling up the DagBag from /opt/airflow/dags/cvd_rescan_notify.py
[2024-01-30T23:27:06.905+0000] {processor.py:840} INFO - DAG(s) 'conditional_nuclei_scan' retrieved from /opt/airflow/dags/cvd_rescan_notify.py
[2024-01-30T23:27:07.035+0000] {logging_mixin.py:188} INFO - [2024-01-30T23:27:07.034+0000] {dag.py:3036} INFO - Sync 1 DAGs
[2024-01-30T23:27:07.062+0000] {logging_mixin.py:188} INFO - [2024-01-30T23:27:07.061+0000] {dag.py:3823} INFO - Setting next_dagrun for conditional_nuclei_scan to 2024-01-30 23:27:06.897600+00:00, run_after=2024-01-31 23:27:06.897600+00:00
[2024-01-30T23:27:07.098+0000] {processor.py:183} INFO - Processing /opt/airflow/dags/cvd_rescan_notify.py took 0.227 seconds
[2024-01-30T23:27:37.443+0000] {processor.py:161} INFO - Started process (PID=6193) to work on /opt/airflow/dags/cvd_rescan_notify.py
[2024-01-30T23:27:37.445+0000] {processor.py:830} INFO - Processing file /opt/airflow/dags/cvd_rescan_notify.py for tasks to queue
[2024-01-30T23:27:37.446+0000] {logging_mixin.py:188} INFO - [2024-01-30T23:27:37.446+0000] {dagbag.py:538} INFO - Filling up the DagBag from /opt/airflow/dags/cvd_rescan_notify.py
[2024-01-30T23:27:37.470+0000] {processor.py:840} INFO - DAG(s) 'conditional_nuclei_scan' retrieved from /opt/airflow/dags/cvd_rescan_notify.py
[2024-01-30T23:27:37.632+0000] {logging_mixin.py:188} INFO - [2024-01-30T23:27:37.632+0000] {dag.py:3036} INFO - Sync 1 DAGs
[2024-01-30T23:27:37.664+0000] {logging_mixin.py:188} INFO - [2024-01-30T23:27:37.664+0000] {dag.py:3823} INFO - Setting next_dagrun for conditional_nuclei_scan to 2024-01-30 23:27:37.461307+00:00, run_after=2024-01-31 23:27:37.461307+00:00
[2024-01-30T23:27:37.694+0000] {processor.py:183} INFO - Processing /opt/airflow/dags/cvd_rescan_notify.py took 0.254 seconds
[2024-01-30T23:28:08.262+0000] {processor.py:161} INFO - Started process (PID=6219) to work on /opt/airflow/dags/cvd_rescan_notify.py
[2024-01-30T23:28:08.263+0000] {processor.py:830} INFO - Processing file /opt/airflow/dags/cvd_rescan_notify.py for tasks to queue
[2024-01-30T23:28:08.265+0000] {logging_mixin.py:188} INFO - [2024-01-30T23:28:08.264+0000] {dagbag.py:538} INFO - Filling up the DagBag from /opt/airflow/dags/cvd_rescan_notify.py
[2024-01-30T23:28:08.292+0000] {processor.py:840} INFO - DAG(s) 'conditional_nuclei_scan' retrieved from /opt/airflow/dags/cvd_rescan_notify.py
[2024-01-30T23:28:08.437+0000] {logging_mixin.py:188} INFO - [2024-01-30T23:28:08.436+0000] {dag.py:3036} INFO - Sync 1 DAGs
[2024-01-30T23:28:08.463+0000] {logging_mixin.py:188} INFO - [2024-01-30T23:28:08.462+0000] {dag.py:3823} INFO - Setting next_dagrun for conditional_nuclei_scan to 2024-01-30 23:28:08.283760+00:00, run_after=2024-01-31 23:28:08.283760+00:00
[2024-01-30T23:28:08.499+0000] {processor.py:183} INFO - Processing /opt/airflow/dags/cvd_rescan_notify.py took 0.241 seconds
[2024-01-30T23:28:38.909+0000] {processor.py:161} INFO - Started process (PID=6245) to work on /opt/airflow/dags/cvd_rescan_notify.py
[2024-01-30T23:28:38.910+0000] {processor.py:830} INFO - Processing file /opt/airflow/dags/cvd_rescan_notify.py for tasks to queue
[2024-01-30T23:28:38.912+0000] {logging_mixin.py:188} INFO - [2024-01-30T23:28:38.911+0000] {dagbag.py:538} INFO - Filling up the DagBag from /opt/airflow/dags/cvd_rescan_notify.py
[2024-01-30T23:28:38.948+0000] {processor.py:840} INFO - DAG(s) 'conditional_nuclei_scan' retrieved from /opt/airflow/dags/cvd_rescan_notify.py
[2024-01-30T23:28:39.114+0000] {logging_mixin.py:188} INFO - [2024-01-30T23:28:39.113+0000] {dag.py:3036} INFO - Sync 1 DAGs
[2024-01-30T23:28:39.146+0000] {logging_mixin.py:188} INFO - [2024-01-30T23:28:39.146+0000] {dag.py:3823} INFO - Setting next_dagrun for conditional_nuclei_scan to 2024-01-30 23:28:38.937023+00:00, run_after=2024-01-31 23:28:38.937023+00:00
[2024-01-30T23:28:39.178+0000] {processor.py:183} INFO - Processing /opt/airflow/dags/cvd_rescan_notify.py took 0.274 seconds
[2024-01-30T23:29:09.612+0000] {processor.py:161} INFO - Started process (PID=6271) to work on /opt/airflow/dags/cvd_rescan_notify.py
[2024-01-30T23:29:09.616+0000] {processor.py:830} INFO - Processing file /opt/airflow/dags/cvd_rescan_notify.py for tasks to queue
[2024-01-30T23:29:09.618+0000] {logging_mixin.py:188} INFO - [2024-01-30T23:29:09.618+0000] {dagbag.py:538} INFO - Filling up the DagBag from /opt/airflow/dags/cvd_rescan_notify.py
[2024-01-30T23:29:09.659+0000] {processor.py:840} INFO - DAG(s) 'conditional_nuclei_scan' retrieved from /opt/airflow/dags/cvd_rescan_notify.py
[2024-01-30T23:29:09.885+0000] {logging_mixin.py:188} INFO - [2024-01-30T23:29:09.884+0000] {dag.py:3036} INFO - Sync 1 DAGs
[2024-01-30T23:29:09.927+0000] {logging_mixin.py:188} INFO - [2024-01-30T23:29:09.927+0000] {dag.py:3823} INFO - Setting next_dagrun for conditional_nuclei_scan to 2024-01-30 23:29:09.646172+00:00, run_after=2024-01-31 23:29:09.646172+00:00
[2024-01-30T23:29:09.959+0000] {processor.py:183} INFO - Processing /opt/airflow/dags/cvd_rescan_notify.py took 0.354 seconds
[2024-01-30T23:29:40.429+0000] {processor.py:161} INFO - Started process (PID=6297) to work on /opt/airflow/dags/cvd_rescan_notify.py
[2024-01-30T23:29:40.431+0000] {processor.py:830} INFO - Processing file /opt/airflow/dags/cvd_rescan_notify.py for tasks to queue
[2024-01-30T23:29:40.432+0000] {logging_mixin.py:188} INFO - [2024-01-30T23:29:40.432+0000] {dagbag.py:538} INFO - Filling up the DagBag from /opt/airflow/dags/cvd_rescan_notify.py
[2024-01-30T23:29:40.460+0000] {processor.py:840} INFO - DAG(s) 'conditional_nuclei_scan' retrieved from /opt/airflow/dags/cvd_rescan_notify.py
[2024-01-30T23:29:40.593+0000] {logging_mixin.py:188} INFO - [2024-01-30T23:29:40.592+0000] {dag.py:3036} INFO - Sync 1 DAGs
[2024-01-30T23:29:40.622+0000] {logging_mixin.py:188} INFO - [2024-01-30T23:29:40.622+0000] {dag.py:3823} INFO - Setting next_dagrun for conditional_nuclei_scan to 2024-01-30 23:29:40.451951+00:00, run_after=2024-01-31 23:29:40.451951+00:00
[2024-01-30T23:29:40.651+0000] {processor.py:183} INFO - Processing /opt/airflow/dags/cvd_rescan_notify.py took 0.225 seconds
[2024-01-30T23:30:11.021+0000] {processor.py:161} INFO - Started process (PID=6323) to work on /opt/airflow/dags/cvd_rescan_notify.py
[2024-01-30T23:30:11.023+0000] {processor.py:830} INFO - Processing file /opt/airflow/dags/cvd_rescan_notify.py for tasks to queue
[2024-01-30T23:30:11.024+0000] {logging_mixin.py:188} INFO - [2024-01-30T23:30:11.024+0000] {dagbag.py:538} INFO - Filling up the DagBag from /opt/airflow/dags/cvd_rescan_notify.py
[2024-01-30T23:30:11.056+0000] {processor.py:840} INFO - DAG(s) 'conditional_nuclei_scan' retrieved from /opt/airflow/dags/cvd_rescan_notify.py
[2024-01-30T23:30:11.200+0000] {logging_mixin.py:188} INFO - [2024-01-30T23:30:11.199+0000] {dag.py:3036} INFO - Sync 1 DAGs
[2024-01-30T23:30:11.227+0000] {logging_mixin.py:188} INFO - [2024-01-30T23:30:11.226+0000] {dag.py:3823} INFO - Setting next_dagrun for conditional_nuclei_scan to 2024-01-30 23:30:11.044434+00:00, run_after=2024-01-31 23:30:11.044434+00:00
[2024-01-30T23:30:11.263+0000] {processor.py:183} INFO - Processing /opt/airflow/dags/cvd_rescan_notify.py took 0.246 seconds
[2024-01-30T23:30:41.828+0000] {processor.py:161} INFO - Started process (PID=6351) to work on /opt/airflow/dags/cvd_rescan_notify.py
[2024-01-30T23:30:41.830+0000] {processor.py:830} INFO - Processing file /opt/airflow/dags/cvd_rescan_notify.py for tasks to queue
[2024-01-30T23:30:41.831+0000] {logging_mixin.py:188} INFO - [2024-01-30T23:30:41.831+0000] {dagbag.py:538} INFO - Filling up the DagBag from /opt/airflow/dags/cvd_rescan_notify.py
[2024-01-30T23:30:41.860+0000] {processor.py:840} INFO - DAG(s) 'conditional_nuclei_scan' retrieved from /opt/airflow/dags/cvd_rescan_notify.py
[2024-01-30T23:30:42.014+0000] {logging_mixin.py:188} INFO - [2024-01-30T23:30:42.013+0000] {dag.py:3036} INFO - Sync 1 DAGs
[2024-01-30T23:30:42.044+0000] {logging_mixin.py:188} INFO - [2024-01-30T23:30:42.043+0000] {dag.py:3823} INFO - Setting next_dagrun for conditional_nuclei_scan to 2024-01-30 23:30:41.850196+00:00, run_after=2024-01-31 23:30:41.850196+00:00
[2024-01-30T23:30:42.073+0000] {processor.py:183} INFO - Processing /opt/airflow/dags/cvd_rescan_notify.py took 0.249 seconds
[2024-01-30T23:31:12.403+0000] {processor.py:161} INFO - Started process (PID=6377) to work on /opt/airflow/dags/cvd_rescan_notify.py
[2024-01-30T23:31:12.405+0000] {processor.py:830} INFO - Processing file /opt/airflow/dags/cvd_rescan_notify.py for tasks to queue
[2024-01-30T23:31:12.406+0000] {logging_mixin.py:188} INFO - [2024-01-30T23:31:12.406+0000] {dagbag.py:538} INFO - Filling up the DagBag from /opt/airflow/dags/cvd_rescan_notify.py
[2024-01-30T23:31:12.436+0000] {processor.py:840} INFO - DAG(s) 'conditional_nuclei_scan' retrieved from /opt/airflow/dags/cvd_rescan_notify.py
[2024-01-30T23:31:12.578+0000] {logging_mixin.py:188} INFO - [2024-01-30T23:31:12.578+0000] {dag.py:3036} INFO - Sync 1 DAGs
[2024-01-30T23:31:12.609+0000] {logging_mixin.py:188} INFO - [2024-01-30T23:31:12.609+0000] {dag.py:3823} INFO - Setting next_dagrun for conditional_nuclei_scan to 2024-01-30 23:31:12.426062+00:00, run_after=2024-01-31 23:31:12.426062+00:00
[2024-01-30T23:31:12.638+0000] {processor.py:183} INFO - Processing /opt/airflow/dags/cvd_rescan_notify.py took 0.238 seconds
[2024-01-30T23:31:43.240+0000] {processor.py:161} INFO - Started process (PID=6403) to work on /opt/airflow/dags/cvd_rescan_notify.py
[2024-01-30T23:31:43.241+0000] {processor.py:830} INFO - Processing file /opt/airflow/dags/cvd_rescan_notify.py for tasks to queue
[2024-01-30T23:31:43.243+0000] {logging_mixin.py:188} INFO - [2024-01-30T23:31:43.242+0000] {dagbag.py:538} INFO - Filling up the DagBag from /opt/airflow/dags/cvd_rescan_notify.py
[2024-01-30T23:31:43.265+0000] {processor.py:840} INFO - DAG(s) 'conditional_nuclei_scan' retrieved from /opt/airflow/dags/cvd_rescan_notify.py
[2024-01-30T23:31:43.417+0000] {logging_mixin.py:188} INFO - [2024-01-30T23:31:43.417+0000] {dag.py:3036} INFO - Sync 1 DAGs
[2024-01-30T23:31:43.445+0000] {logging_mixin.py:188} INFO - [2024-01-30T23:31:43.445+0000] {dag.py:3823} INFO - Setting next_dagrun for conditional_nuclei_scan to 2024-01-30 23:31:43.256338+00:00, run_after=2024-01-31 23:31:43.256338+00:00
[2024-01-30T23:31:43.474+0000] {processor.py:183} INFO - Processing /opt/airflow/dags/cvd_rescan_notify.py took 0.237 seconds
[2024-01-30T23:32:13.841+0000] {processor.py:161} INFO - Started process (PID=6429) to work on /opt/airflow/dags/cvd_rescan_notify.py
[2024-01-30T23:32:13.843+0000] {processor.py:830} INFO - Processing file /opt/airflow/dags/cvd_rescan_notify.py for tasks to queue
[2024-01-30T23:32:13.845+0000] {logging_mixin.py:188} INFO - [2024-01-30T23:32:13.844+0000] {dagbag.py:538} INFO - Filling up the DagBag from /opt/airflow/dags/cvd_rescan_notify.py
[2024-01-30T23:32:13.879+0000] {processor.py:840} INFO - DAG(s) 'conditional_nuclei_scan' retrieved from /opt/airflow/dags/cvd_rescan_notify.py
[2024-01-30T23:32:14.024+0000] {logging_mixin.py:188} INFO - [2024-01-30T23:32:14.024+0000] {dag.py:3036} INFO - Sync 1 DAGs
[2024-01-30T23:32:14.055+0000] {logging_mixin.py:188} INFO - [2024-01-30T23:32:14.055+0000] {dag.py:3823} INFO - Setting next_dagrun for conditional_nuclei_scan to 2024-01-30 23:32:13.868283+00:00, run_after=2024-01-31 23:32:13.868283+00:00
[2024-01-30T23:32:14.083+0000] {processor.py:183} INFO - Processing /opt/airflow/dags/cvd_rescan_notify.py took 0.251 seconds
[2024-01-30T23:32:44.579+0000] {processor.py:161} INFO - Started process (PID=6455) to work on /opt/airflow/dags/cvd_rescan_notify.py
[2024-01-30T23:32:44.582+0000] {processor.py:830} INFO - Processing file /opt/airflow/dags/cvd_rescan_notify.py for tasks to queue
[2024-01-30T23:32:44.583+0000] {logging_mixin.py:188} INFO - [2024-01-30T23:32:44.583+0000] {dagbag.py:538} INFO - Filling up the DagBag from /opt/airflow/dags/cvd_rescan_notify.py
[2024-01-30T23:32:44.623+0000] {processor.py:840} INFO - DAG(s) 'conditional_nuclei_scan' retrieved from /opt/airflow/dags/cvd_rescan_notify.py
[2024-01-30T23:32:44.781+0000] {logging_mixin.py:188} INFO - [2024-01-30T23:32:44.781+0000] {dag.py:3036} INFO - Sync 1 DAGs
[2024-01-30T23:32:44.809+0000] {logging_mixin.py:188} INFO - [2024-01-30T23:32:44.809+0000] {dag.py:3823} INFO - Setting next_dagrun for conditional_nuclei_scan to 2024-01-30 23:32:44.608748+00:00, run_after=2024-01-31 23:32:44.608748+00:00
[2024-01-30T23:32:44.847+0000] {processor.py:183} INFO - Processing /opt/airflow/dags/cvd_rescan_notify.py took 0.273 seconds
[2024-01-30T23:33:15.233+0000] {processor.py:161} INFO - Started process (PID=6486) to work on /opt/airflow/dags/cvd_rescan_notify.py
[2024-01-30T23:33:15.235+0000] {processor.py:830} INFO - Processing file /opt/airflow/dags/cvd_rescan_notify.py for tasks to queue
[2024-01-30T23:33:15.236+0000] {logging_mixin.py:188} INFO - [2024-01-30T23:33:15.236+0000] {dagbag.py:538} INFO - Filling up the DagBag from /opt/airflow/dags/cvd_rescan_notify.py
[2024-01-30T23:33:15.263+0000] {processor.py:840} INFO - DAG(s) 'conditional_nuclei_scan' retrieved from /opt/airflow/dags/cvd_rescan_notify.py
[2024-01-30T23:33:15.420+0000] {logging_mixin.py:188} INFO - [2024-01-30T23:33:15.420+0000] {dag.py:3036} INFO - Sync 1 DAGs
[2024-01-30T23:33:15.452+0000] {logging_mixin.py:188} INFO - [2024-01-30T23:33:15.451+0000] {dag.py:3823} INFO - Setting next_dagrun for conditional_nuclei_scan to 2024-01-30 23:33:15.253724+00:00, run_after=2024-01-31 23:33:15.253724+00:00
[2024-01-30T23:33:15.489+0000] {processor.py:183} INFO - Processing /opt/airflow/dags/cvd_rescan_notify.py took 0.260 seconds
[2024-01-30T23:33:45.973+0000] {processor.py:161} INFO - Started process (PID=6514) to work on /opt/airflow/dags/cvd_rescan_notify.py
[2024-01-30T23:33:45.974+0000] {processor.py:830} INFO - Processing file /opt/airflow/dags/cvd_rescan_notify.py for tasks to queue
[2024-01-30T23:33:45.975+0000] {logging_mixin.py:188} INFO - [2024-01-30T23:33:45.975+0000] {dagbag.py:538} INFO - Filling up the DagBag from /opt/airflow/dags/cvd_rescan_notify.py
[2024-01-30T23:33:46.002+0000] {processor.py:840} INFO - DAG(s) 'conditional_nuclei_scan' retrieved from /opt/airflow/dags/cvd_rescan_notify.py
[2024-01-30T23:33:46.156+0000] {logging_mixin.py:188} INFO - [2024-01-30T23:33:46.156+0000] {dag.py:3036} INFO - Sync 1 DAGs
[2024-01-30T23:33:46.193+0000] {logging_mixin.py:188} INFO - [2024-01-30T23:33:46.192+0000] {dag.py:3823} INFO - Setting next_dagrun for conditional_nuclei_scan to 2024-01-30 23:33:45.993479+00:00, run_after=2024-01-31 23:33:45.993479+00:00
[2024-01-30T23:33:46.224+0000] {processor.py:183} INFO - Processing /opt/airflow/dags/cvd_rescan_notify.py took 0.255 seconds
[2024-01-30T23:34:16.766+0000] {processor.py:161} INFO - Started process (PID=6540) to work on /opt/airflow/dags/cvd_rescan_notify.py
[2024-01-30T23:34:16.768+0000] {processor.py:830} INFO - Processing file /opt/airflow/dags/cvd_rescan_notify.py for tasks to queue
[2024-01-30T23:34:16.769+0000] {logging_mixin.py:188} INFO - [2024-01-30T23:34:16.769+0000] {dagbag.py:538} INFO - Filling up the DagBag from /opt/airflow/dags/cvd_rescan_notify.py
[2024-01-30T23:34:16.798+0000] {processor.py:840} INFO - DAG(s) 'conditional_nuclei_scan' retrieved from /opt/airflow/dags/cvd_rescan_notify.py
[2024-01-30T23:34:16.937+0000] {logging_mixin.py:188} INFO - [2024-01-30T23:34:16.937+0000] {dag.py:3036} INFO - Sync 1 DAGs
[2024-01-30T23:34:16.964+0000] {logging_mixin.py:188} INFO - [2024-01-30T23:34:16.964+0000] {dag.py:3823} INFO - Setting next_dagrun for conditional_nuclei_scan to 2024-01-30 23:34:16.790364+00:00, run_after=2024-01-31 23:34:16.790364+00:00
[2024-01-30T23:34:17.003+0000] {processor.py:183} INFO - Processing /opt/airflow/dags/cvd_rescan_notify.py took 0.240 seconds
[2024-01-30T23:34:47.353+0000] {processor.py:161} INFO - Started process (PID=6566) to work on /opt/airflow/dags/cvd_rescan_notify.py
[2024-01-30T23:34:47.355+0000] {processor.py:830} INFO - Processing file /opt/airflow/dags/cvd_rescan_notify.py for tasks to queue
[2024-01-30T23:34:47.356+0000] {logging_mixin.py:188} INFO - [2024-01-30T23:34:47.356+0000] {dagbag.py:538} INFO - Filling up the DagBag from /opt/airflow/dags/cvd_rescan_notify.py
[2024-01-30T23:34:47.382+0000] {processor.py:840} INFO - DAG(s) 'conditional_nuclei_scan' retrieved from /opt/airflow/dags/cvd_rescan_notify.py
[2024-01-30T23:34:47.526+0000] {logging_mixin.py:188} INFO - [2024-01-30T23:34:47.525+0000] {dag.py:3036} INFO - Sync 1 DAGs
[2024-01-30T23:34:47.554+0000] {logging_mixin.py:188} INFO - [2024-01-30T23:34:47.554+0000] {dag.py:3823} INFO - Setting next_dagrun for conditional_nuclei_scan to 2024-01-30 23:34:47.373992+00:00, run_after=2024-01-31 23:34:47.373992+00:00
[2024-01-30T23:34:47.587+0000] {processor.py:183} INFO - Processing /opt/airflow/dags/cvd_rescan_notify.py took 0.238 seconds
[2024-01-30T23:35:18.038+0000] {processor.py:161} INFO - Started process (PID=6593) to work on /opt/airflow/dags/cvd_rescan_notify.py
[2024-01-30T23:35:18.040+0000] {processor.py:830} INFO - Processing file /opt/airflow/dags/cvd_rescan_notify.py for tasks to queue
[2024-01-30T23:35:18.041+0000] {logging_mixin.py:188} INFO - [2024-01-30T23:35:18.041+0000] {dagbag.py:538} INFO - Filling up the DagBag from /opt/airflow/dags/cvd_rescan_notify.py
[2024-01-30T23:35:18.068+0000] {processor.py:840} INFO - DAG(s) 'conditional_nuclei_scan' retrieved from /opt/airflow/dags/cvd_rescan_notify.py
[2024-01-30T23:35:18.221+0000] {logging_mixin.py:188} INFO - [2024-01-30T23:35:18.220+0000] {dag.py:3036} INFO - Sync 1 DAGs
[2024-01-30T23:35:18.253+0000] {logging_mixin.py:188} INFO - [2024-01-30T23:35:18.253+0000] {dag.py:3823} INFO - Setting next_dagrun for conditional_nuclei_scan to 2024-01-30 23:35:18.059502+00:00, run_after=2024-01-31 23:35:18.059502+00:00
[2024-01-30T23:35:18.288+0000] {processor.py:183} INFO - Processing /opt/airflow/dags/cvd_rescan_notify.py took 0.253 seconds
[2024-01-30T23:35:48.756+0000] {processor.py:161} INFO - Started process (PID=6619) to work on /opt/airflow/dags/cvd_rescan_notify.py
[2024-01-30T23:35:48.758+0000] {processor.py:830} INFO - Processing file /opt/airflow/dags/cvd_rescan_notify.py for tasks to queue
[2024-01-30T23:35:48.759+0000] {logging_mixin.py:188} INFO - [2024-01-30T23:35:48.759+0000] {dagbag.py:538} INFO - Filling up the DagBag from /opt/airflow/dags/cvd_rescan_notify.py
[2024-01-30T23:35:48.789+0000] {processor.py:840} INFO - DAG(s) 'conditional_nuclei_scan' retrieved from /opt/airflow/dags/cvd_rescan_notify.py
[2024-01-30T23:35:48.928+0000] {logging_mixin.py:188} INFO - [2024-01-30T23:35:48.928+0000] {dag.py:3036} INFO - Sync 1 DAGs
[2024-01-30T23:35:48.953+0000] {logging_mixin.py:188} INFO - [2024-01-30T23:35:48.953+0000] {dag.py:3823} INFO - Setting next_dagrun for conditional_nuclei_scan to 2024-01-30 23:35:48.781168+00:00, run_after=2024-01-31 23:35:48.781168+00:00
[2024-01-30T23:35:48.987+0000] {processor.py:183} INFO - Processing /opt/airflow/dags/cvd_rescan_notify.py took 0.235 seconds
[2024-01-30T23:36:19.400+0000] {processor.py:161} INFO - Started process (PID=6645) to work on /opt/airflow/dags/cvd_rescan_notify.py
[2024-01-30T23:36:19.401+0000] {processor.py:830} INFO - Processing file /opt/airflow/dags/cvd_rescan_notify.py for tasks to queue
[2024-01-30T23:36:19.403+0000] {logging_mixin.py:188} INFO - [2024-01-30T23:36:19.402+0000] {dagbag.py:538} INFO - Filling up the DagBag from /opt/airflow/dags/cvd_rescan_notify.py
[2024-01-30T23:36:19.430+0000] {processor.py:840} INFO - DAG(s) 'conditional_nuclei_scan' retrieved from /opt/airflow/dags/cvd_rescan_notify.py
[2024-01-30T23:36:19.562+0000] {logging_mixin.py:188} INFO - [2024-01-30T23:36:19.561+0000] {dag.py:3036} INFO - Sync 1 DAGs
[2024-01-30T23:36:19.588+0000] {logging_mixin.py:188} INFO - [2024-01-30T23:36:19.587+0000] {dag.py:3823} INFO - Setting next_dagrun for conditional_nuclei_scan to 2024-01-30 23:36:19.421429+00:00, run_after=2024-01-31 23:36:19.421429+00:00
[2024-01-30T23:36:19.624+0000] {processor.py:183} INFO - Processing /opt/airflow/dags/cvd_rescan_notify.py took 0.228 seconds
[2024-01-30T23:36:50.113+0000] {processor.py:161} INFO - Started process (PID=6671) to work on /opt/airflow/dags/cvd_rescan_notify.py
[2024-01-30T23:36:50.115+0000] {processor.py:830} INFO - Processing file /opt/airflow/dags/cvd_rescan_notify.py for tasks to queue
[2024-01-30T23:36:50.117+0000] {logging_mixin.py:188} INFO - [2024-01-30T23:36:50.116+0000] {dagbag.py:538} INFO - Filling up the DagBag from /opt/airflow/dags/cvd_rescan_notify.py
[2024-01-30T23:36:50.144+0000] {processor.py:840} INFO - DAG(s) 'conditional_nuclei_scan' retrieved from /opt/airflow/dags/cvd_rescan_notify.py
[2024-01-30T23:36:50.301+0000] {logging_mixin.py:188} INFO - [2024-01-30T23:36:50.300+0000] {dag.py:3036} INFO - Sync 1 DAGs
[2024-01-30T23:36:50.331+0000] {logging_mixin.py:188} INFO - [2024-01-30T23:36:50.331+0000] {dag.py:3823} INFO - Setting next_dagrun for conditional_nuclei_scan to 2024-01-30 23:36:50.136307+00:00, run_after=2024-01-31 23:36:50.136307+00:00
[2024-01-30T23:36:50.354+0000] {processor.py:183} INFO - Processing /opt/airflow/dags/cvd_rescan_notify.py took 0.245 seconds
[2024-01-30T23:37:20.923+0000] {processor.py:161} INFO - Started process (PID=6699) to work on /opt/airflow/dags/cvd_rescan_notify.py
[2024-01-30T23:37:20.924+0000] {processor.py:830} INFO - Processing file /opt/airflow/dags/cvd_rescan_notify.py for tasks to queue
[2024-01-30T23:37:20.926+0000] {logging_mixin.py:188} INFO - [2024-01-30T23:37:20.925+0000] {dagbag.py:538} INFO - Filling up the DagBag from /opt/airflow/dags/cvd_rescan_notify.py
[2024-01-30T23:37:20.954+0000] {processor.py:840} INFO - DAG(s) 'conditional_nuclei_scan' retrieved from /opt/airflow/dags/cvd_rescan_notify.py
[2024-01-30T23:37:21.107+0000] {logging_mixin.py:188} INFO - [2024-01-30T23:37:21.107+0000] {dag.py:3036} INFO - Sync 1 DAGs
[2024-01-30T23:37:21.136+0000] {logging_mixin.py:188} INFO - [2024-01-30T23:37:21.136+0000] {dag.py:3823} INFO - Setting next_dagrun for conditional_nuclei_scan to 2024-01-30 23:37:20.943587+00:00, run_after=2024-01-31 23:37:20.943587+00:00
[2024-01-30T23:37:21.169+0000] {processor.py:183} INFO - Processing /opt/airflow/dags/cvd_rescan_notify.py took 0.251 seconds
[2024-01-30T23:37:51.578+0000] {processor.py:161} INFO - Started process (PID=6725) to work on /opt/airflow/dags/cvd_rescan_notify.py
[2024-01-30T23:37:51.580+0000] {processor.py:830} INFO - Processing file /opt/airflow/dags/cvd_rescan_notify.py for tasks to queue
[2024-01-30T23:37:51.581+0000] {logging_mixin.py:188} INFO - [2024-01-30T23:37:51.581+0000] {dagbag.py:538} INFO - Filling up the DagBag from /opt/airflow/dags/cvd_rescan_notify.py
[2024-01-30T23:37:51.607+0000] {processor.py:840} INFO - DAG(s) 'conditional_nuclei_scan' retrieved from /opt/airflow/dags/cvd_rescan_notify.py
[2024-01-30T23:37:51.771+0000] {logging_mixin.py:188} INFO - [2024-01-30T23:37:51.771+0000] {dag.py:3036} INFO - Sync 1 DAGs
[2024-01-30T23:37:51.799+0000] {logging_mixin.py:188} INFO - [2024-01-30T23:37:51.799+0000] {dag.py:3823} INFO - Setting next_dagrun for conditional_nuclei_scan to 2024-01-30 23:37:51.597679+00:00, run_after=2024-01-31 23:37:51.597679+00:00
[2024-01-30T23:37:51.829+0000] {processor.py:183} INFO - Processing /opt/airflow/dags/cvd_rescan_notify.py took 0.256 seconds
[2024-01-30T23:38:22.250+0000] {processor.py:161} INFO - Started process (PID=6752) to work on /opt/airflow/dags/cvd_rescan_notify.py
[2024-01-30T23:38:22.252+0000] {processor.py:830} INFO - Processing file /opt/airflow/dags/cvd_rescan_notify.py for tasks to queue
[2024-01-30T23:38:22.254+0000] {logging_mixin.py:188} INFO - [2024-01-30T23:38:22.254+0000] {dagbag.py:538} INFO - Filling up the DagBag from /opt/airflow/dags/cvd_rescan_notify.py
[2024-01-30T23:38:22.290+0000] {processor.py:840} INFO - DAG(s) 'conditional_nuclei_scan' retrieved from /opt/airflow/dags/cvd_rescan_notify.py
[2024-01-30T23:38:22.467+0000] {logging_mixin.py:188} INFO - [2024-01-30T23:38:22.466+0000] {dag.py:3036} INFO - Sync 1 DAGs
[2024-01-30T23:38:22.498+0000] {logging_mixin.py:188} INFO - [2024-01-30T23:38:22.498+0000] {dag.py:3823} INFO - Setting next_dagrun for conditional_nuclei_scan to 2024-01-30 23:38:22.278064+00:00, run_after=2024-01-31 23:38:22.278064+00:00
[2024-01-30T23:38:22.527+0000] {processor.py:183} INFO - Processing /opt/airflow/dags/cvd_rescan_notify.py took 0.281 seconds
[2024-01-30T23:38:53.168+0000] {processor.py:161} INFO - Started process (PID=6784) to work on /opt/airflow/dags/cvd_rescan_notify.py
[2024-01-30T23:38:53.169+0000] {processor.py:830} INFO - Processing file /opt/airflow/dags/cvd_rescan_notify.py for tasks to queue
[2024-01-30T23:38:53.171+0000] {logging_mixin.py:188} INFO - [2024-01-30T23:38:53.170+0000] {dagbag.py:538} INFO - Filling up the DagBag from /opt/airflow/dags/cvd_rescan_notify.py
[2024-01-30T23:38:53.199+0000] {processor.py:840} INFO - DAG(s) 'conditional_nuclei_scan' retrieved from /opt/airflow/dags/cvd_rescan_notify.py
[2024-01-30T23:38:53.349+0000] {logging_mixin.py:188} INFO - [2024-01-30T23:38:53.348+0000] {dag.py:3036} INFO - Sync 1 DAGs
[2024-01-30T23:38:53.375+0000] {logging_mixin.py:188} INFO - [2024-01-30T23:38:53.375+0000] {dag.py:3823} INFO - Setting next_dagrun for conditional_nuclei_scan to 2024-01-30 23:38:53.189265+00:00, run_after=2024-01-31 23:38:53.189265+00:00
[2024-01-30T23:38:53.405+0000] {processor.py:183} INFO - Processing /opt/airflow/dags/cvd_rescan_notify.py took 0.241 seconds
[2024-01-30T23:39:23.958+0000] {processor.py:161} INFO - Started process (PID=6812) to work on /opt/airflow/dags/cvd_rescan_notify.py
[2024-01-30T23:39:23.959+0000] {processor.py:830} INFO - Processing file /opt/airflow/dags/cvd_rescan_notify.py for tasks to queue
[2024-01-30T23:39:23.961+0000] {logging_mixin.py:188} INFO - [2024-01-30T23:39:23.960+0000] {dagbag.py:538} INFO - Filling up the DagBag from /opt/airflow/dags/cvd_rescan_notify.py
[2024-01-30T23:39:23.989+0000] {processor.py:840} INFO - DAG(s) 'conditional_nuclei_scan' retrieved from /opt/airflow/dags/cvd_rescan_notify.py
[2024-01-30T23:39:24.129+0000] {logging_mixin.py:188} INFO - [2024-01-30T23:39:24.129+0000] {dag.py:3036} INFO - Sync 1 DAGs
[2024-01-30T23:39:24.154+0000] {logging_mixin.py:188} INFO - [2024-01-30T23:39:24.153+0000] {dag.py:3823} INFO - Setting next_dagrun for conditional_nuclei_scan to 2024-01-30 23:39:23.980594+00:00, run_after=2024-01-31 23:39:23.980594+00:00
[2024-01-30T23:39:24.190+0000] {processor.py:183} INFO - Processing /opt/airflow/dags/cvd_rescan_notify.py took 0.237 seconds
[2024-01-30T23:39:54.532+0000] {processor.py:161} INFO - Started process (PID=6838) to work on /opt/airflow/dags/cvd_rescan_notify.py
[2024-01-30T23:39:54.533+0000] {processor.py:830} INFO - Processing file /opt/airflow/dags/cvd_rescan_notify.py for tasks to queue
[2024-01-30T23:39:54.534+0000] {logging_mixin.py:188} INFO - [2024-01-30T23:39:54.534+0000] {dagbag.py:538} INFO - Filling up the DagBag from /opt/airflow/dags/cvd_rescan_notify.py
[2024-01-30T23:39:54.560+0000] {processor.py:840} INFO - DAG(s) 'conditional_nuclei_scan' retrieved from /opt/airflow/dags/cvd_rescan_notify.py
[2024-01-30T23:39:54.705+0000] {logging_mixin.py:188} INFO - [2024-01-30T23:39:54.705+0000] {dag.py:3036} INFO - Sync 1 DAGs
[2024-01-30T23:39:54.733+0000] {logging_mixin.py:188} INFO - [2024-01-30T23:39:54.733+0000] {dag.py:3823} INFO - Setting next_dagrun for conditional_nuclei_scan to 2024-01-30 23:39:54.551427+00:00, run_after=2024-01-31 23:39:54.551427+00:00
[2024-01-30T23:39:54.769+0000] {processor.py:183} INFO - Processing /opt/airflow/dags/cvd_rescan_notify.py took 0.240 seconds
[2024-01-30T23:40:25.322+0000] {processor.py:161} INFO - Started process (PID=6864) to work on /opt/airflow/dags/cvd_rescan_notify.py
[2024-01-30T23:40:25.323+0000] {processor.py:830} INFO - Processing file /opt/airflow/dags/cvd_rescan_notify.py for tasks to queue
[2024-01-30T23:40:25.325+0000] {logging_mixin.py:188} INFO - [2024-01-30T23:40:25.324+0000] {dagbag.py:538} INFO - Filling up the DagBag from /opt/airflow/dags/cvd_rescan_notify.py
[2024-01-30T23:40:25.356+0000] {processor.py:840} INFO - DAG(s) 'conditional_nuclei_scan' retrieved from /opt/airflow/dags/cvd_rescan_notify.py
[2024-01-30T23:40:25.495+0000] {logging_mixin.py:188} INFO - [2024-01-30T23:40:25.494+0000] {dag.py:3036} INFO - Sync 1 DAGs
[2024-01-30T23:40:25.520+0000] {logging_mixin.py:188} INFO - [2024-01-30T23:40:25.520+0000] {dag.py:3823} INFO - Setting next_dagrun for conditional_nuclei_scan to 2024-01-30 23:40:25.345595+00:00, run_after=2024-01-31 23:40:25.345595+00:00
[2024-01-30T23:40:25.548+0000] {processor.py:183} INFO - Processing /opt/airflow/dags/cvd_rescan_notify.py took 0.230 seconds
[2024-01-30T23:40:55.941+0000] {processor.py:161} INFO - Started process (PID=6890) to work on /opt/airflow/dags/cvd_rescan_notify.py
[2024-01-30T23:40:55.943+0000] {processor.py:830} INFO - Processing file /opt/airflow/dags/cvd_rescan_notify.py for tasks to queue
[2024-01-30T23:40:55.945+0000] {logging_mixin.py:188} INFO - [2024-01-30T23:40:55.945+0000] {dagbag.py:538} INFO - Filling up the DagBag from /opt/airflow/dags/cvd_rescan_notify.py
[2024-01-30T23:40:55.978+0000] {processor.py:840} INFO - DAG(s) 'conditional_nuclei_scan' retrieved from /opt/airflow/dags/cvd_rescan_notify.py
[2024-01-30T23:40:56.136+0000] {logging_mixin.py:188} INFO - [2024-01-30T23:40:56.136+0000] {dag.py:3036} INFO - Sync 1 DAGs
[2024-01-30T23:40:56.169+0000] {logging_mixin.py:188} INFO - [2024-01-30T23:40:56.168+0000] {dag.py:3823} INFO - Setting next_dagrun for conditional_nuclei_scan to 2024-01-30 23:40:55.966211+00:00, run_after=2024-01-31 23:40:55.966211+00:00
[2024-01-30T23:40:56.199+0000] {processor.py:183} INFO - Processing /opt/airflow/dags/cvd_rescan_notify.py took 0.262 seconds
[2024-01-30T23:41:26.742+0000] {processor.py:161} INFO - Started process (PID=6916) to work on /opt/airflow/dags/cvd_rescan_notify.py
[2024-01-30T23:41:26.744+0000] {processor.py:830} INFO - Processing file /opt/airflow/dags/cvd_rescan_notify.py for tasks to queue
[2024-01-30T23:41:26.745+0000] {logging_mixin.py:188} INFO - [2024-01-30T23:41:26.745+0000] {dagbag.py:538} INFO - Filling up the DagBag from /opt/airflow/dags/cvd_rescan_notify.py
[2024-01-30T23:41:26.778+0000] {processor.py:840} INFO - DAG(s) 'conditional_nuclei_scan' retrieved from /opt/airflow/dags/cvd_rescan_notify.py
[2024-01-30T23:41:26.923+0000] {logging_mixin.py:188} INFO - [2024-01-30T23:41:26.922+0000] {dag.py:3036} INFO - Sync 1 DAGs
[2024-01-30T23:41:26.955+0000] {logging_mixin.py:188} INFO - [2024-01-30T23:41:26.955+0000] {dag.py:3823} INFO - Setting next_dagrun for conditional_nuclei_scan to 2024-01-30 23:41:26.766056+00:00, run_after=2024-01-31 23:41:26.766056+00:00
[2024-01-30T23:41:26.986+0000] {processor.py:183} INFO - Processing /opt/airflow/dags/cvd_rescan_notify.py took 0.248 seconds
[2024-01-30T23:41:57.385+0000] {processor.py:161} INFO - Started process (PID=6942) to work on /opt/airflow/dags/cvd_rescan_notify.py
[2024-01-30T23:41:57.387+0000] {processor.py:830} INFO - Processing file /opt/airflow/dags/cvd_rescan_notify.py for tasks to queue
[2024-01-30T23:41:57.388+0000] {logging_mixin.py:188} INFO - [2024-01-30T23:41:57.388+0000] {dagbag.py:538} INFO - Filling up the DagBag from /opt/airflow/dags/cvd_rescan_notify.py
[2024-01-30T23:41:57.416+0000] {processor.py:840} INFO - DAG(s) 'conditional_nuclei_scan' retrieved from /opt/airflow/dags/cvd_rescan_notify.py
[2024-01-30T23:41:57.558+0000] {logging_mixin.py:188} INFO - [2024-01-30T23:41:57.557+0000] {dag.py:3036} INFO - Sync 1 DAGs
[2024-01-30T23:41:57.583+0000] {logging_mixin.py:188} INFO - [2024-01-30T23:41:57.583+0000] {dag.py:3823} INFO - Setting next_dagrun for conditional_nuclei_scan to 2024-01-30 23:41:57.407788+00:00, run_after=2024-01-31 23:41:57.407788+00:00
[2024-01-30T23:41:57.617+0000] {processor.py:183} INFO - Processing /opt/airflow/dags/cvd_rescan_notify.py took 0.236 seconds
[2024-01-30T23:42:28.141+0000] {processor.py:161} INFO - Started process (PID=6970) to work on /opt/airflow/dags/cvd_rescan_notify.py
[2024-01-30T23:42:28.142+0000] {processor.py:830} INFO - Processing file /opt/airflow/dags/cvd_rescan_notify.py for tasks to queue
[2024-01-30T23:42:28.144+0000] {logging_mixin.py:188} INFO - [2024-01-30T23:42:28.144+0000] {dagbag.py:538} INFO - Filling up the DagBag from /opt/airflow/dags/cvd_rescan_notify.py
[2024-01-30T23:42:28.168+0000] {processor.py:840} INFO - DAG(s) 'conditional_nuclei_scan' retrieved from /opt/airflow/dags/cvd_rescan_notify.py
[2024-01-30T23:42:28.334+0000] {logging_mixin.py:188} INFO - [2024-01-30T23:42:28.333+0000] {dag.py:3036} INFO - Sync 1 DAGs
[2024-01-30T23:42:28.381+0000] {logging_mixin.py:188} INFO - [2024-01-30T23:42:28.380+0000] {dag.py:3823} INFO - Setting next_dagrun for conditional_nuclei_scan to 2024-01-30 23:42:28.158257+00:00, run_after=2024-01-31 23:42:28.158257+00:00
[2024-01-30T23:42:28.422+0000] {processor.py:183} INFO - Processing /opt/airflow/dags/cvd_rescan_notify.py took 0.285 seconds
[2024-01-30T23:42:58.765+0000] {processor.py:161} INFO - Started process (PID=7001) to work on /opt/airflow/dags/cvd_rescan_notify.py
[2024-01-30T23:42:58.766+0000] {processor.py:830} INFO - Processing file /opt/airflow/dags/cvd_rescan_notify.py for tasks to queue
[2024-01-30T23:42:58.768+0000] {logging_mixin.py:188} INFO - [2024-01-30T23:42:58.767+0000] {dagbag.py:538} INFO - Filling up the DagBag from /opt/airflow/dags/cvd_rescan_notify.py
[2024-01-30T23:42:58.797+0000] {processor.py:840} INFO - DAG(s) 'conditional_nuclei_scan' retrieved from /opt/airflow/dags/cvd_rescan_notify.py
[2024-01-30T23:42:58.950+0000] {logging_mixin.py:188} INFO - [2024-01-30T23:42:58.950+0000] {dag.py:3036} INFO - Sync 1 DAGs
[2024-01-30T23:42:58.983+0000] {logging_mixin.py:188} INFO - [2024-01-30T23:42:58.983+0000] {dag.py:3823} INFO - Setting next_dagrun for conditional_nuclei_scan to 2024-01-30 23:42:58.789196+00:00, run_after=2024-01-31 23:42:58.789196+00:00
[2024-01-30T23:42:59.015+0000] {processor.py:183} INFO - Processing /opt/airflow/dags/cvd_rescan_notify.py took 0.254 seconds
[2024-01-30T23:43:29.332+0000] {processor.py:161} INFO - Started process (PID=7027) to work on /opt/airflow/dags/cvd_rescan_notify.py
[2024-01-30T23:43:29.334+0000] {processor.py:830} INFO - Processing file /opt/airflow/dags/cvd_rescan_notify.py for tasks to queue
[2024-01-30T23:43:29.335+0000] {logging_mixin.py:188} INFO - [2024-01-30T23:43:29.335+0000] {dagbag.py:538} INFO - Filling up the DagBag from /opt/airflow/dags/cvd_rescan_notify.py
[2024-01-30T23:43:29.364+0000] {processor.py:840} INFO - DAG(s) 'conditional_nuclei_scan' retrieved from /opt/airflow/dags/cvd_rescan_notify.py
[2024-01-30T23:43:29.505+0000] {logging_mixin.py:188} INFO - [2024-01-30T23:43:29.504+0000] {dag.py:3036} INFO - Sync 1 DAGs
[2024-01-30T23:43:29.532+0000] {logging_mixin.py:188} INFO - [2024-01-30T23:43:29.532+0000] {dag.py:3823} INFO - Setting next_dagrun for conditional_nuclei_scan to 2024-01-30 23:43:29.355476+00:00, run_after=2024-01-31 23:43:29.355476+00:00
[2024-01-30T23:43:29.562+0000] {processor.py:183} INFO - Processing /opt/airflow/dags/cvd_rescan_notify.py took 0.233 seconds
[2024-01-30T23:43:59.845+0000] {processor.py:161} INFO - Started process (PID=7053) to work on /opt/airflow/dags/cvd_rescan_notify.py
[2024-01-30T23:43:59.846+0000] {processor.py:830} INFO - Processing file /opt/airflow/dags/cvd_rescan_notify.py for tasks to queue
[2024-01-30T23:43:59.848+0000] {logging_mixin.py:188} INFO - [2024-01-30T23:43:59.847+0000] {dagbag.py:538} INFO - Filling up the DagBag from /opt/airflow/dags/cvd_rescan_notify.py
[2024-01-30T23:43:59.871+0000] {processor.py:840} INFO - DAG(s) 'conditional_nuclei_scan' retrieved from /opt/airflow/dags/cvd_rescan_notify.py
[2024-01-30T23:44:00.023+0000] {logging_mixin.py:188} INFO - [2024-01-30T23:44:00.023+0000] {dag.py:3036} INFO - Sync 1 DAGs
[2024-01-30T23:44:00.050+0000] {logging_mixin.py:188} INFO - [2024-01-30T23:44:00.050+0000] {dag.py:3823} INFO - Setting next_dagrun for conditional_nuclei_scan to 2024-01-30 23:43:59.862719+00:00, run_after=2024-01-31 23:43:59.862719+00:00
[2024-01-30T23:44:00.085+0000] {processor.py:183} INFO - Processing /opt/airflow/dags/cvd_rescan_notify.py took 0.244 seconds
[2024-01-30T23:44:30.654+0000] {processor.py:161} INFO - Started process (PID=7079) to work on /opt/airflow/dags/cvd_rescan_notify.py
[2024-01-30T23:44:30.655+0000] {processor.py:830} INFO - Processing file /opt/airflow/dags/cvd_rescan_notify.py for tasks to queue
[2024-01-30T23:44:30.657+0000] {logging_mixin.py:188} INFO - [2024-01-30T23:44:30.656+0000] {dagbag.py:538} INFO - Filling up the DagBag from /opt/airflow/dags/cvd_rescan_notify.py
[2024-01-30T23:44:30.686+0000] {processor.py:840} INFO - DAG(s) 'conditional_nuclei_scan' retrieved from /opt/airflow/dags/cvd_rescan_notify.py
[2024-01-30T23:44:30.843+0000] {logging_mixin.py:188} INFO - [2024-01-30T23:44:30.842+0000] {dag.py:3036} INFO - Sync 1 DAGs
[2024-01-30T23:44:30.878+0000] {logging_mixin.py:188} INFO - [2024-01-30T23:44:30.878+0000] {dag.py:3823} INFO - Setting next_dagrun for conditional_nuclei_scan to 2024-01-30 23:44:30.675830+00:00, run_after=2024-01-31 23:44:30.675830+00:00
[2024-01-30T23:44:30.910+0000] {processor.py:183} INFO - Processing /opt/airflow/dags/cvd_rescan_notify.py took 0.261 seconds
[2024-01-30T23:45:01.465+0000] {processor.py:161} INFO - Started process (PID=7105) to work on /opt/airflow/dags/cvd_rescan_notify.py
[2024-01-30T23:45:01.466+0000] {processor.py:830} INFO - Processing file /opt/airflow/dags/cvd_rescan_notify.py for tasks to queue
[2024-01-30T23:45:01.468+0000] {logging_mixin.py:188} INFO - [2024-01-30T23:45:01.467+0000] {dagbag.py:538} INFO - Filling up the DagBag from /opt/airflow/dags/cvd_rescan_notify.py
[2024-01-30T23:45:01.494+0000] {processor.py:840} INFO - DAG(s) 'conditional_nuclei_scan' retrieved from /opt/airflow/dags/cvd_rescan_notify.py
[2024-01-30T23:45:01.634+0000] {logging_mixin.py:188} INFO - [2024-01-30T23:45:01.633+0000] {dag.py:3036} INFO - Sync 1 DAGs
[2024-01-30T23:45:01.665+0000] {logging_mixin.py:188} INFO - [2024-01-30T23:45:01.665+0000] {dag.py:3823} INFO - Setting next_dagrun for conditional_nuclei_scan to 2024-01-30 23:45:01.485158+00:00, run_after=2024-01-31 23:45:01.485158+00:00
[2024-01-30T23:45:01.695+0000] {processor.py:183} INFO - Processing /opt/airflow/dags/cvd_rescan_notify.py took 0.234 seconds
[2024-01-30T23:45:32.296+0000] {processor.py:161} INFO - Started process (PID=7131) to work on /opt/airflow/dags/cvd_rescan_notify.py
[2024-01-30T23:45:32.299+0000] {processor.py:830} INFO - Processing file /opt/airflow/dags/cvd_rescan_notify.py for tasks to queue
[2024-01-30T23:45:32.302+0000] {logging_mixin.py:188} INFO - [2024-01-30T23:45:32.301+0000] {dagbag.py:538} INFO - Filling up the DagBag from /opt/airflow/dags/cvd_rescan_notify.py
[2024-01-30T23:45:32.337+0000] {processor.py:840} INFO - DAG(s) 'conditional_nuclei_scan' retrieved from /opt/airflow/dags/cvd_rescan_notify.py
[2024-01-30T23:45:32.522+0000] {logging_mixin.py:188} INFO - [2024-01-30T23:45:32.522+0000] {dag.py:3036} INFO - Sync 1 DAGs
[2024-01-30T23:45:32.556+0000] {logging_mixin.py:188} INFO - [2024-01-30T23:45:32.555+0000] {dag.py:3823} INFO - Setting next_dagrun for conditional_nuclei_scan to 2024-01-30 23:45:32.328986+00:00, run_after=2024-01-31 23:45:32.328986+00:00
[2024-01-30T23:45:32.603+0000] {processor.py:183} INFO - Processing /opt/airflow/dags/cvd_rescan_notify.py took 0.313 seconds
[2024-01-30T23:46:03.032+0000] {processor.py:161} INFO - Started process (PID=7157) to work on /opt/airflow/dags/cvd_rescan_notify.py
[2024-01-30T23:46:03.034+0000] {processor.py:830} INFO - Processing file /opt/airflow/dags/cvd_rescan_notify.py for tasks to queue
[2024-01-30T23:46:03.035+0000] {logging_mixin.py:188} INFO - [2024-01-30T23:46:03.035+0000] {dagbag.py:538} INFO - Filling up the DagBag from /opt/airflow/dags/cvd_rescan_notify.py
[2024-01-30T23:46:03.072+0000] {processor.py:840} INFO - DAG(s) 'conditional_nuclei_scan' retrieved from /opt/airflow/dags/cvd_rescan_notify.py
[2024-01-30T23:46:03.251+0000] {logging_mixin.py:188} INFO - [2024-01-30T23:46:03.251+0000] {dag.py:3036} INFO - Sync 1 DAGs
[2024-01-30T23:46:03.293+0000] {logging_mixin.py:188} INFO - [2024-01-30T23:46:03.292+0000] {dag.py:3823} INFO - Setting next_dagrun for conditional_nuclei_scan to 2024-01-30 23:46:03.059567+00:00, run_after=2024-01-31 23:46:03.059567+00:00
[2024-01-30T23:46:03.388+0000] {processor.py:183} INFO - Processing /opt/airflow/dags/cvd_rescan_notify.py took 0.360 seconds
[2024-01-30T23:46:33.777+0000] {processor.py:161} INFO - Started process (PID=7183) to work on /opt/airflow/dags/cvd_rescan_notify.py
[2024-01-30T23:46:33.779+0000] {processor.py:830} INFO - Processing file /opt/airflow/dags/cvd_rescan_notify.py for tasks to queue
[2024-01-30T23:46:33.781+0000] {logging_mixin.py:188} INFO - [2024-01-30T23:46:33.780+0000] {dagbag.py:538} INFO - Filling up the DagBag from /opt/airflow/dags/cvd_rescan_notify.py
[2024-01-30T23:46:33.807+0000] {processor.py:840} INFO - DAG(s) 'conditional_nuclei_scan' retrieved from /opt/airflow/dags/cvd_rescan_notify.py
[2024-01-30T23:46:33.969+0000] {logging_mixin.py:188} INFO - [2024-01-30T23:46:33.969+0000] {dag.py:3036} INFO - Sync 1 DAGs
[2024-01-30T23:46:33.999+0000] {logging_mixin.py:188} INFO - [2024-01-30T23:46:33.998+0000] {dag.py:3823} INFO - Setting next_dagrun for conditional_nuclei_scan to 2024-01-30 23:46:33.799353+00:00, run_after=2024-01-31 23:46:33.799353+00:00
[2024-01-30T23:46:34.031+0000] {processor.py:183} INFO - Processing /opt/airflow/dags/cvd_rescan_notify.py took 0.258 seconds
[2024-01-30T23:47:04.628+0000] {processor.py:161} INFO - Started process (PID=7208) to work on /opt/airflow/dags/cvd_rescan_notify.py
[2024-01-30T23:47:04.630+0000] {processor.py:830} INFO - Processing file /opt/airflow/dags/cvd_rescan_notify.py for tasks to queue
[2024-01-30T23:47:04.632+0000] {logging_mixin.py:188} INFO - [2024-01-30T23:47:04.631+0000] {dagbag.py:538} INFO - Filling up the DagBag from /opt/airflow/dags/cvd_rescan_notify.py
[2024-01-30T23:47:04.664+0000] {processor.py:840} INFO - DAG(s) 'conditional_nuclei_scan' retrieved from /opt/airflow/dags/cvd_rescan_notify.py
[2024-01-30T23:47:04.845+0000] {logging_mixin.py:188} INFO - [2024-01-30T23:47:04.844+0000] {dag.py:3036} INFO - Sync 1 DAGs
[2024-01-30T23:47:04.885+0000] {logging_mixin.py:188} INFO - [2024-01-30T23:47:04.884+0000] {dag.py:3823} INFO - Setting next_dagrun for conditional_nuclei_scan to 2024-01-30 23:47:04.654754+00:00, run_after=2024-01-31 23:47:04.654754+00:00
[2024-01-30T23:47:04.930+0000] {processor.py:183} INFO - Processing /opt/airflow/dags/cvd_rescan_notify.py took 0.305 seconds
[2024-01-30T23:47:35.384+0000] {processor.py:161} INFO - Started process (PID=7241) to work on /opt/airflow/dags/cvd_rescan_notify.py
[2024-01-30T23:47:35.387+0000] {processor.py:830} INFO - Processing file /opt/airflow/dags/cvd_rescan_notify.py for tasks to queue
[2024-01-30T23:47:35.389+0000] {logging_mixin.py:188} INFO - [2024-01-30T23:47:35.389+0000] {dagbag.py:538} INFO - Filling up the DagBag from /opt/airflow/dags/cvd_rescan_notify.py
[2024-01-30T23:47:35.426+0000] {processor.py:840} INFO - DAG(s) 'conditional_nuclei_scan' retrieved from /opt/airflow/dags/cvd_rescan_notify.py
[2024-01-30T23:47:35.589+0000] {logging_mixin.py:188} INFO - [2024-01-30T23:47:35.588+0000] {dag.py:3036} INFO - Sync 1 DAGs
[2024-01-30T23:47:35.625+0000] {logging_mixin.py:188} INFO - [2024-01-30T23:47:35.625+0000] {dag.py:3823} INFO - Setting next_dagrun for conditional_nuclei_scan to 2024-01-30 23:47:35.414460+00:00, run_after=2024-01-31 23:47:35.414460+00:00
[2024-01-30T23:47:35.660+0000] {processor.py:183} INFO - Processing /opt/airflow/dags/cvd_rescan_notify.py took 0.281 seconds
[2024-01-30T23:48:06.023+0000] {processor.py:161} INFO - Started process (PID=7267) to work on /opt/airflow/dags/cvd_rescan_notify.py
[2024-01-30T23:48:06.024+0000] {processor.py:830} INFO - Processing file /opt/airflow/dags/cvd_rescan_notify.py for tasks to queue
[2024-01-30T23:48:06.026+0000] {logging_mixin.py:188} INFO - [2024-01-30T23:48:06.025+0000] {dagbag.py:538} INFO - Filling up the DagBag from /opt/airflow/dags/cvd_rescan_notify.py
[2024-01-30T23:48:06.048+0000] {processor.py:840} INFO - DAG(s) 'conditional_nuclei_scan' retrieved from /opt/airflow/dags/cvd_rescan_notify.py
[2024-01-30T23:48:06.182+0000] {logging_mixin.py:188} INFO - [2024-01-30T23:48:06.182+0000] {dag.py:3036} INFO - Sync 1 DAGs
[2024-01-30T23:48:06.214+0000] {logging_mixin.py:188} INFO - [2024-01-30T23:48:06.214+0000] {dag.py:3823} INFO - Setting next_dagrun for conditional_nuclei_scan to 2024-01-30 23:48:06.041005+00:00, run_after=2024-01-31 23:48:06.041005+00:00
[2024-01-30T23:48:06.289+0000] {processor.py:183} INFO - Processing /opt/airflow/dags/cvd_rescan_notify.py took 0.269 seconds
[2024-01-30T23:48:36.875+0000] {processor.py:161} INFO - Started process (PID=7293) to work on /opt/airflow/dags/cvd_rescan_notify.py
[2024-01-30T23:48:36.876+0000] {processor.py:830} INFO - Processing file /opt/airflow/dags/cvd_rescan_notify.py for tasks to queue
[2024-01-30T23:48:36.878+0000] {logging_mixin.py:188} INFO - [2024-01-30T23:48:36.877+0000] {dagbag.py:538} INFO - Filling up the DagBag from /opt/airflow/dags/cvd_rescan_notify.py
[2024-01-30T23:48:36.905+0000] {processor.py:840} INFO - DAG(s) 'conditional_nuclei_scan' retrieved from /opt/airflow/dags/cvd_rescan_notify.py
[2024-01-30T23:48:37.066+0000] {logging_mixin.py:188} INFO - [2024-01-30T23:48:37.065+0000] {dag.py:3036} INFO - Sync 1 DAGs
[2024-01-30T23:48:37.098+0000] {logging_mixin.py:188} INFO - [2024-01-30T23:48:37.098+0000] {dag.py:3823} INFO - Setting next_dagrun for conditional_nuclei_scan to 2024-01-30 23:48:36.895579+00:00, run_after=2024-01-31 23:48:36.895579+00:00
[2024-01-30T23:48:37.130+0000] {processor.py:183} INFO - Processing /opt/airflow/dags/cvd_rescan_notify.py took 0.259 seconds
[2024-01-30T23:49:07.688+0000] {processor.py:161} INFO - Started process (PID=7324) to work on /opt/airflow/dags/cvd_rescan_notify.py
[2024-01-30T23:49:07.690+0000] {processor.py:830} INFO - Processing file /opt/airflow/dags/cvd_rescan_notify.py for tasks to queue
[2024-01-30T23:49:07.692+0000] {logging_mixin.py:188} INFO - [2024-01-30T23:49:07.692+0000] {dagbag.py:538} INFO - Filling up the DagBag from /opt/airflow/dags/cvd_rescan_notify.py
[2024-01-30T23:49:07.726+0000] {processor.py:840} INFO - DAG(s) 'conditional_nuclei_scan' retrieved from /opt/airflow/dags/cvd_rescan_notify.py
[2024-01-30T23:49:07.904+0000] {logging_mixin.py:188} INFO - [2024-01-30T23:49:07.904+0000] {dag.py:3036} INFO - Sync 1 DAGs
[2024-01-30T23:49:07.932+0000] {logging_mixin.py:188} INFO - [2024-01-30T23:49:07.932+0000] {dag.py:3823} INFO - Setting next_dagrun for conditional_nuclei_scan to 2024-01-30 23:49:07.713687+00:00, run_after=2024-01-31 23:49:07.713687+00:00
[2024-01-30T23:49:07.963+0000] {processor.py:183} INFO - Processing /opt/airflow/dags/cvd_rescan_notify.py took 0.280 seconds
[2024-01-30T23:49:38.540+0000] {processor.py:161} INFO - Started process (PID=7352) to work on /opt/airflow/dags/cvd_rescan_notify.py
[2024-01-30T23:49:38.542+0000] {processor.py:830} INFO - Processing file /opt/airflow/dags/cvd_rescan_notify.py for tasks to queue
[2024-01-30T23:49:38.543+0000] {logging_mixin.py:188} INFO - [2024-01-30T23:49:38.543+0000] {dagbag.py:538} INFO - Filling up the DagBag from /opt/airflow/dags/cvd_rescan_notify.py
[2024-01-30T23:49:38.568+0000] {processor.py:840} INFO - DAG(s) 'conditional_nuclei_scan' retrieved from /opt/airflow/dags/cvd_rescan_notify.py
[2024-01-30T23:49:38.720+0000] {logging_mixin.py:188} INFO - [2024-01-30T23:49:38.719+0000] {dag.py:3036} INFO - Sync 1 DAGs
[2024-01-30T23:49:38.751+0000] {logging_mixin.py:188} INFO - [2024-01-30T23:49:38.750+0000] {dag.py:3823} INFO - Setting next_dagrun for conditional_nuclei_scan to 2024-01-30 23:49:38.560204+00:00, run_after=2024-01-31 23:49:38.560204+00:00
[2024-01-30T23:49:38.775+0000] {processor.py:183} INFO - Processing /opt/airflow/dags/cvd_rescan_notify.py took 0.240 seconds
[2024-01-30T23:50:09.349+0000] {processor.py:161} INFO - Started process (PID=7378) to work on /opt/airflow/dags/cvd_rescan_notify.py
[2024-01-30T23:50:09.350+0000] {processor.py:830} INFO - Processing file /opt/airflow/dags/cvd_rescan_notify.py for tasks to queue
[2024-01-30T23:50:09.352+0000] {logging_mixin.py:188} INFO - [2024-01-30T23:50:09.351+0000] {dagbag.py:538} INFO - Filling up the DagBag from /opt/airflow/dags/cvd_rescan_notify.py
[2024-01-30T23:50:09.372+0000] {processor.py:840} INFO - DAG(s) 'conditional_nuclei_scan' retrieved from /opt/airflow/dags/cvd_rescan_notify.py
[2024-01-30T23:50:09.504+0000] {logging_mixin.py:188} INFO - [2024-01-30T23:50:09.504+0000] {dag.py:3036} INFO - Sync 1 DAGs
[2024-01-30T23:50:09.528+0000] {logging_mixin.py:188} INFO - [2024-01-30T23:50:09.528+0000] {dag.py:3823} INFO - Setting next_dagrun for conditional_nuclei_scan to 2024-01-30 23:50:09.364556+00:00, run_after=2024-01-31 23:50:09.364556+00:00
[2024-01-30T23:50:09.560+0000] {processor.py:183} INFO - Processing /opt/airflow/dags/cvd_rescan_notify.py took 0.215 seconds
[2024-01-30T23:50:39.934+0000] {processor.py:161} INFO - Started process (PID=7404) to work on /opt/airflow/dags/cvd_rescan_notify.py
[2024-01-30T23:50:39.935+0000] {processor.py:830} INFO - Processing file /opt/airflow/dags/cvd_rescan_notify.py for tasks to queue
[2024-01-30T23:50:39.937+0000] {logging_mixin.py:188} INFO - [2024-01-30T23:50:39.936+0000] {dagbag.py:538} INFO - Filling up the DagBag from /opt/airflow/dags/cvd_rescan_notify.py
[2024-01-30T23:50:39.964+0000] {processor.py:840} INFO - DAG(s) 'conditional_nuclei_scan' retrieved from /opt/airflow/dags/cvd_rescan_notify.py
[2024-01-30T23:50:40.102+0000] {logging_mixin.py:188} INFO - [2024-01-30T23:50:40.101+0000] {dag.py:3036} INFO - Sync 1 DAGs
[2024-01-30T23:50:40.129+0000] {logging_mixin.py:188} INFO - [2024-01-30T23:50:40.129+0000] {dag.py:3823} INFO - Setting next_dagrun for conditional_nuclei_scan to 2024-01-30 23:50:39.955851+00:00, run_after=2024-01-31 23:50:39.955851+00:00
[2024-01-30T23:50:40.164+0000] {processor.py:183} INFO - Processing /opt/airflow/dags/cvd_rescan_notify.py took 0.234 seconds
[2024-01-30T23:51:10.805+0000] {processor.py:161} INFO - Started process (PID=7430) to work on /opt/airflow/dags/cvd_rescan_notify.py
[2024-01-30T23:51:10.806+0000] {processor.py:830} INFO - Processing file /opt/airflow/dags/cvd_rescan_notify.py for tasks to queue
[2024-01-30T23:51:10.808+0000] {logging_mixin.py:188} INFO - [2024-01-30T23:51:10.807+0000] {dagbag.py:538} INFO - Filling up the DagBag from /opt/airflow/dags/cvd_rescan_notify.py
[2024-01-30T23:51:10.833+0000] {processor.py:840} INFO - DAG(s) 'conditional_nuclei_scan' retrieved from /opt/airflow/dags/cvd_rescan_notify.py
[2024-01-30T23:51:10.987+0000] {logging_mixin.py:188} INFO - [2024-01-30T23:51:10.986+0000] {dag.py:3036} INFO - Sync 1 DAGs
[2024-01-30T23:51:11.013+0000] {logging_mixin.py:188} INFO - [2024-01-30T23:51:11.013+0000] {dag.py:3823} INFO - Setting next_dagrun for conditional_nuclei_scan to 2024-01-30 23:51:10.824769+00:00, run_after=2024-01-31 23:51:10.824769+00:00
[2024-01-30T23:51:11.051+0000] {processor.py:183} INFO - Processing /opt/airflow/dags/cvd_rescan_notify.py took 0.250 seconds
[2024-01-30T23:51:41.397+0000] {processor.py:161} INFO - Started process (PID=7456) to work on /opt/airflow/dags/cvd_rescan_notify.py
[2024-01-30T23:51:41.399+0000] {processor.py:830} INFO - Processing file /opt/airflow/dags/cvd_rescan_notify.py for tasks to queue
[2024-01-30T23:51:41.400+0000] {logging_mixin.py:188} INFO - [2024-01-30T23:51:41.400+0000] {dagbag.py:538} INFO - Filling up the DagBag from /opt/airflow/dags/cvd_rescan_notify.py
[2024-01-30T23:51:41.427+0000] {processor.py:840} INFO - DAG(s) 'conditional_nuclei_scan' retrieved from /opt/airflow/dags/cvd_rescan_notify.py
[2024-01-30T23:51:41.582+0000] {logging_mixin.py:188} INFO - [2024-01-30T23:51:41.582+0000] {dag.py:3036} INFO - Sync 1 DAGs
[2024-01-30T23:51:41.611+0000] {logging_mixin.py:188} INFO - [2024-01-30T23:51:41.611+0000] {dag.py:3823} INFO - Setting next_dagrun for conditional_nuclei_scan to 2024-01-30 23:51:41.419062+00:00, run_after=2024-01-31 23:51:41.419062+00:00
[2024-01-30T23:51:41.648+0000] {processor.py:183} INFO - Processing /opt/airflow/dags/cvd_rescan_notify.py took 0.255 seconds
[2024-01-30T23:52:12.256+0000] {processor.py:161} INFO - Started process (PID=7482) to work on /opt/airflow/dags/cvd_rescan_notify.py
[2024-01-30T23:52:12.258+0000] {processor.py:830} INFO - Processing file /opt/airflow/dags/cvd_rescan_notify.py for tasks to queue
[2024-01-30T23:52:12.261+0000] {logging_mixin.py:188} INFO - [2024-01-30T23:52:12.260+0000] {dagbag.py:538} INFO - Filling up the DagBag from /opt/airflow/dags/cvd_rescan_notify.py
[2024-01-30T23:52:12.295+0000] {processor.py:840} INFO - DAG(s) 'conditional_nuclei_scan' retrieved from /opt/airflow/dags/cvd_rescan_notify.py
[2024-01-30T23:52:12.455+0000] {logging_mixin.py:188} INFO - [2024-01-30T23:52:12.454+0000] {dag.py:3036} INFO - Sync 1 DAGs
[2024-01-30T23:52:12.489+0000] {logging_mixin.py:188} INFO - [2024-01-30T23:52:12.488+0000] {dag.py:3823} INFO - Setting next_dagrun for conditional_nuclei_scan to 2024-01-30 23:52:12.283906+00:00, run_after=2024-01-31 23:52:12.283906+00:00
[2024-01-30T23:52:12.520+0000] {processor.py:183} INFO - Processing /opt/airflow/dags/cvd_rescan_notify.py took 0.269 seconds
[2024-01-30T23:52:42.826+0000] {processor.py:161} INFO - Started process (PID=7508) to work on /opt/airflow/dags/cvd_rescan_notify.py
[2024-01-30T23:52:42.827+0000] {processor.py:830} INFO - Processing file /opt/airflow/dags/cvd_rescan_notify.py for tasks to queue
[2024-01-30T23:52:42.828+0000] {logging_mixin.py:188} INFO - [2024-01-30T23:52:42.828+0000] {dagbag.py:538} INFO - Filling up the DagBag from /opt/airflow/dags/cvd_rescan_notify.py
[2024-01-30T23:52:42.851+0000] {processor.py:840} INFO - DAG(s) 'conditional_nuclei_scan' retrieved from /opt/airflow/dags/cvd_rescan_notify.py
[2024-01-30T23:52:43.007+0000] {logging_mixin.py:188} INFO - [2024-01-30T23:52:43.007+0000] {dag.py:3036} INFO - Sync 1 DAGs
[2024-01-30T23:52:43.036+0000] {logging_mixin.py:188} INFO - [2024-01-30T23:52:43.036+0000] {dag.py:3823} INFO - Setting next_dagrun for conditional_nuclei_scan to 2024-01-30 23:52:42.841855+00:00, run_after=2024-01-31 23:52:42.841855+00:00
[2024-01-30T23:52:43.071+0000] {processor.py:183} INFO - Processing /opt/airflow/dags/cvd_rescan_notify.py took 0.250 seconds
[2024-01-30T23:53:13.632+0000] {processor.py:161} INFO - Started process (PID=7534) to work on /opt/airflow/dags/cvd_rescan_notify.py
[2024-01-30T23:53:13.634+0000] {processor.py:830} INFO - Processing file /opt/airflow/dags/cvd_rescan_notify.py for tasks to queue
[2024-01-30T23:53:13.636+0000] {logging_mixin.py:188} INFO - [2024-01-30T23:53:13.635+0000] {dagbag.py:538} INFO - Filling up the DagBag from /opt/airflow/dags/cvd_rescan_notify.py
[2024-01-30T23:53:13.668+0000] {processor.py:840} INFO - DAG(s) 'conditional_nuclei_scan' retrieved from /opt/airflow/dags/cvd_rescan_notify.py
[2024-01-30T23:53:13.820+0000] {logging_mixin.py:188} INFO - [2024-01-30T23:53:13.820+0000] {dag.py:3036} INFO - Sync 1 DAGs
[2024-01-30T23:53:13.851+0000] {logging_mixin.py:188} INFO - [2024-01-30T23:53:13.850+0000] {dag.py:3823} INFO - Setting next_dagrun for conditional_nuclei_scan to 2024-01-30 23:53:13.655677+00:00, run_after=2024-01-31 23:53:13.655677+00:00
[2024-01-30T23:53:13.890+0000] {processor.py:183} INFO - Processing /opt/airflow/dags/cvd_rescan_notify.py took 0.263 seconds
[2024-01-30T23:53:44.235+0000] {processor.py:161} INFO - Started process (PID=7560) to work on /opt/airflow/dags/cvd_rescan_notify.py
[2024-01-30T23:53:44.237+0000] {processor.py:830} INFO - Processing file /opt/airflow/dags/cvd_rescan_notify.py for tasks to queue
[2024-01-30T23:53:44.238+0000] {logging_mixin.py:188} INFO - [2024-01-30T23:53:44.237+0000] {dagbag.py:538} INFO - Filling up the DagBag from /opt/airflow/dags/cvd_rescan_notify.py
[2024-01-30T23:53:44.263+0000] {processor.py:840} INFO - DAG(s) 'conditional_nuclei_scan' retrieved from /opt/airflow/dags/cvd_rescan_notify.py
[2024-01-30T23:53:44.399+0000] {logging_mixin.py:188} INFO - [2024-01-30T23:53:44.399+0000] {dag.py:3036} INFO - Sync 1 DAGs
[2024-01-30T23:53:44.428+0000] {logging_mixin.py:188} INFO - [2024-01-30T23:53:44.428+0000] {dag.py:3823} INFO - Setting next_dagrun for conditional_nuclei_scan to 2024-01-30 23:53:44.254697+00:00, run_after=2024-01-31 23:53:44.254697+00:00
[2024-01-30T23:53:44.455+0000] {processor.py:183} INFO - Processing /opt/airflow/dags/cvd_rescan_notify.py took 0.223 seconds
[2024-01-30T23:54:15.013+0000] {processor.py:161} INFO - Started process (PID=7586) to work on /opt/airflow/dags/cvd_rescan_notify.py
[2024-01-30T23:54:15.014+0000] {processor.py:830} INFO - Processing file /opt/airflow/dags/cvd_rescan_notify.py for tasks to queue
[2024-01-30T23:54:15.015+0000] {logging_mixin.py:188} INFO - [2024-01-30T23:54:15.015+0000] {dagbag.py:538} INFO - Filling up the DagBag from /opt/airflow/dags/cvd_rescan_notify.py
[2024-01-30T23:54:15.042+0000] {processor.py:840} INFO - DAG(s) 'conditional_nuclei_scan' retrieved from /opt/airflow/dags/cvd_rescan_notify.py
[2024-01-30T23:54:15.187+0000] {logging_mixin.py:188} INFO - [2024-01-30T23:54:15.186+0000] {dag.py:3036} INFO - Sync 1 DAGs
[2024-01-30T23:54:15.213+0000] {logging_mixin.py:188} INFO - [2024-01-30T23:54:15.213+0000] {dag.py:3823} INFO - Setting next_dagrun for conditional_nuclei_scan to 2024-01-30 23:54:15.033818+00:00, run_after=2024-01-31 23:54:15.033818+00:00
[2024-01-30T23:54:15.240+0000] {processor.py:183} INFO - Processing /opt/airflow/dags/cvd_rescan_notify.py took 0.232 seconds
[2024-01-30T23:54:45.635+0000] {processor.py:161} INFO - Started process (PID=7612) to work on /opt/airflow/dags/cvd_rescan_notify.py
[2024-01-30T23:54:45.636+0000] {processor.py:830} INFO - Processing file /opt/airflow/dags/cvd_rescan_notify.py for tasks to queue
[2024-01-30T23:54:45.638+0000] {logging_mixin.py:188} INFO - [2024-01-30T23:54:45.637+0000] {dagbag.py:538} INFO - Filling up the DagBag from /opt/airflow/dags/cvd_rescan_notify.py
[2024-01-30T23:54:45.666+0000] {processor.py:840} INFO - DAG(s) 'conditional_nuclei_scan' retrieved from /opt/airflow/dags/cvd_rescan_notify.py
[2024-01-30T23:54:45.806+0000] {logging_mixin.py:188} INFO - [2024-01-30T23:54:45.806+0000] {dag.py:3036} INFO - Sync 1 DAGs
[2024-01-30T23:54:45.833+0000] {logging_mixin.py:188} INFO - [2024-01-30T23:54:45.832+0000] {dag.py:3823} INFO - Setting next_dagrun for conditional_nuclei_scan to 2024-01-30 23:54:45.657042+00:00, run_after=2024-01-31 23:54:45.657042+00:00
[2024-01-30T23:54:45.862+0000] {processor.py:183} INFO - Processing /opt/airflow/dags/cvd_rescan_notify.py took 0.231 seconds
[2024-01-30T23:55:16.184+0000] {processor.py:161} INFO - Started process (PID=7638) to work on /opt/airflow/dags/cvd_rescan_notify.py
[2024-01-30T23:55:16.186+0000] {processor.py:830} INFO - Processing file /opt/airflow/dags/cvd_rescan_notify.py for tasks to queue
[2024-01-30T23:55:16.188+0000] {logging_mixin.py:188} INFO - [2024-01-30T23:55:16.187+0000] {dagbag.py:538} INFO - Filling up the DagBag from /opt/airflow/dags/cvd_rescan_notify.py
[2024-01-30T23:55:16.217+0000] {processor.py:840} INFO - DAG(s) 'conditional_nuclei_scan' retrieved from /opt/airflow/dags/cvd_rescan_notify.py
[2024-01-30T23:55:16.362+0000] {logging_mixin.py:188} INFO - [2024-01-30T23:55:16.361+0000] {dag.py:3036} INFO - Sync 1 DAGs
[2024-01-30T23:55:16.392+0000] {logging_mixin.py:188} INFO - [2024-01-30T23:55:16.392+0000] {dag.py:3823} INFO - Setting next_dagrun for conditional_nuclei_scan to 2024-01-30 23:55:16.206802+00:00, run_after=2024-01-31 23:55:16.206802+00:00
[2024-01-30T23:55:16.425+0000] {processor.py:183} INFO - Processing /opt/airflow/dags/cvd_rescan_notify.py took 0.245 seconds
[2024-01-30T23:55:46.978+0000] {processor.py:161} INFO - Started process (PID=7664) to work on /opt/airflow/dags/cvd_rescan_notify.py
[2024-01-30T23:55:46.981+0000] {processor.py:830} INFO - Processing file /opt/airflow/dags/cvd_rescan_notify.py for tasks to queue
[2024-01-30T23:55:46.983+0000] {logging_mixin.py:188} INFO - [2024-01-30T23:55:46.982+0000] {dagbag.py:538} INFO - Filling up the DagBag from /opt/airflow/dags/cvd_rescan_notify.py
[2024-01-30T23:55:47.009+0000] {processor.py:840} INFO - DAG(s) 'conditional_nuclei_scan' retrieved from /opt/airflow/dags/cvd_rescan_notify.py
[2024-01-30T23:55:47.127+0000] {logging_mixin.py:188} INFO - [2024-01-30T23:55:47.127+0000] {dag.py:3036} INFO - Sync 1 DAGs
[2024-01-30T23:55:47.151+0000] {logging_mixin.py:188} INFO - [2024-01-30T23:55:47.151+0000] {dag.py:3823} INFO - Setting next_dagrun for conditional_nuclei_scan to 2024-01-30 23:55:46.998619+00:00, run_after=2024-01-31 23:55:46.998619+00:00
[2024-01-30T23:55:47.185+0000] {processor.py:183} INFO - Processing /opt/airflow/dags/cvd_rescan_notify.py took 0.212 seconds
[2024-01-30T23:56:17.552+0000] {processor.py:161} INFO - Started process (PID=7690) to work on /opt/airflow/dags/cvd_rescan_notify.py
[2024-01-30T23:56:17.553+0000] {processor.py:830} INFO - Processing file /opt/airflow/dags/cvd_rescan_notify.py for tasks to queue
[2024-01-30T23:56:17.555+0000] {logging_mixin.py:188} INFO - [2024-01-30T23:56:17.554+0000] {dagbag.py:538} INFO - Filling up the DagBag from /opt/airflow/dags/cvd_rescan_notify.py
[2024-01-30T23:56:17.580+0000] {processor.py:840} INFO - DAG(s) 'conditional_nuclei_scan' retrieved from /opt/airflow/dags/cvd_rescan_notify.py
[2024-01-30T23:56:17.726+0000] {logging_mixin.py:188} INFO - [2024-01-30T23:56:17.726+0000] {dag.py:3036} INFO - Sync 1 DAGs
[2024-01-30T23:56:17.752+0000] {logging_mixin.py:188} INFO - [2024-01-30T23:56:17.752+0000] {dag.py:3823} INFO - Setting next_dagrun for conditional_nuclei_scan to 2024-01-30 23:56:17.572362+00:00, run_after=2024-01-31 23:56:17.572362+00:00
[2024-01-30T23:56:17.790+0000] {processor.py:183} INFO - Processing /opt/airflow/dags/cvd_rescan_notify.py took 0.242 seconds
[2024-01-30T23:56:48.242+0000] {processor.py:161} INFO - Started process (PID=7716) to work on /opt/airflow/dags/cvd_rescan_notify.py
[2024-01-30T23:56:48.243+0000] {processor.py:830} INFO - Processing file /opt/airflow/dags/cvd_rescan_notify.py for tasks to queue
[2024-01-30T23:56:48.244+0000] {logging_mixin.py:188} INFO - [2024-01-30T23:56:48.244+0000] {dagbag.py:538} INFO - Filling up the DagBag from /opt/airflow/dags/cvd_rescan_notify.py
[2024-01-30T23:56:48.269+0000] {processor.py:840} INFO - DAG(s) 'conditional_nuclei_scan' retrieved from /opt/airflow/dags/cvd_rescan_notify.py
[2024-01-30T23:56:48.426+0000] {logging_mixin.py:188} INFO - [2024-01-30T23:56:48.426+0000] {dag.py:3036} INFO - Sync 1 DAGs
[2024-01-30T23:56:48.460+0000] {logging_mixin.py:188} INFO - [2024-01-30T23:56:48.460+0000] {dag.py:3823} INFO - Setting next_dagrun for conditional_nuclei_scan to 2024-01-30 23:56:48.261021+00:00, run_after=2024-01-31 23:56:48.261021+00:00
[2024-01-30T23:56:48.490+0000] {processor.py:183} INFO - Processing /opt/airflow/dags/cvd_rescan_notify.py took 0.252 seconds
[2024-01-30T23:57:19.081+0000] {processor.py:161} INFO - Started process (PID=7742) to work on /opt/airflow/dags/cvd_rescan_notify.py
[2024-01-30T23:57:19.083+0000] {processor.py:830} INFO - Processing file /opt/airflow/dags/cvd_rescan_notify.py for tasks to queue
[2024-01-30T23:57:19.084+0000] {logging_mixin.py:188} INFO - [2024-01-30T23:57:19.084+0000] {dagbag.py:538} INFO - Filling up the DagBag from /opt/airflow/dags/cvd_rescan_notify.py
[2024-01-30T23:57:19.115+0000] {processor.py:840} INFO - DAG(s) 'conditional_nuclei_scan' retrieved from /opt/airflow/dags/cvd_rescan_notify.py
[2024-01-30T23:57:19.256+0000] {logging_mixin.py:188} INFO - [2024-01-30T23:57:19.256+0000] {dag.py:3036} INFO - Sync 1 DAGs
[2024-01-30T23:57:19.289+0000] {logging_mixin.py:188} INFO - [2024-01-30T23:57:19.289+0000] {dag.py:3823} INFO - Setting next_dagrun for conditional_nuclei_scan to 2024-01-30 23:57:19.103597+00:00, run_after=2024-01-31 23:57:19.103597+00:00
[2024-01-30T23:57:19.316+0000] {processor.py:183} INFO - Processing /opt/airflow/dags/cvd_rescan_notify.py took 0.239 seconds
[2024-01-30T23:57:49.681+0000] {processor.py:161} INFO - Started process (PID=7768) to work on /opt/airflow/dags/cvd_rescan_notify.py
[2024-01-30T23:57:49.683+0000] {processor.py:830} INFO - Processing file /opt/airflow/dags/cvd_rescan_notify.py for tasks to queue
[2024-01-30T23:57:49.684+0000] {logging_mixin.py:188} INFO - [2024-01-30T23:57:49.684+0000] {dagbag.py:538} INFO - Filling up the DagBag from /opt/airflow/dags/cvd_rescan_notify.py
[2024-01-30T23:57:49.713+0000] {processor.py:840} INFO - DAG(s) 'conditional_nuclei_scan' retrieved from /opt/airflow/dags/cvd_rescan_notify.py
[2024-01-30T23:57:49.859+0000] {logging_mixin.py:188} INFO - [2024-01-30T23:57:49.858+0000] {dag.py:3036} INFO - Sync 1 DAGs
[2024-01-30T23:57:49.889+0000] {logging_mixin.py:188} INFO - [2024-01-30T23:57:49.888+0000] {dag.py:3823} INFO - Setting next_dagrun for conditional_nuclei_scan to 2024-01-30 23:57:49.701326+00:00, run_after=2024-01-31 23:57:49.701326+00:00
[2024-01-30T23:57:49.930+0000] {processor.py:183} INFO - Processing /opt/airflow/dags/cvd_rescan_notify.py took 0.253 seconds
[2024-01-30T23:58:20.521+0000] {processor.py:161} INFO - Started process (PID=7794) to work on /opt/airflow/dags/cvd_rescan_notify.py
[2024-01-30T23:58:20.522+0000] {processor.py:830} INFO - Processing file /opt/airflow/dags/cvd_rescan_notify.py for tasks to queue
[2024-01-30T23:58:20.524+0000] {logging_mixin.py:188} INFO - [2024-01-30T23:58:20.523+0000] {dagbag.py:538} INFO - Filling up the DagBag from /opt/airflow/dags/cvd_rescan_notify.py
[2024-01-30T23:58:20.551+0000] {processor.py:840} INFO - DAG(s) 'conditional_nuclei_scan' retrieved from /opt/airflow/dags/cvd_rescan_notify.py
[2024-01-30T23:58:20.686+0000] {logging_mixin.py:188} INFO - [2024-01-30T23:58:20.685+0000] {dag.py:3036} INFO - Sync 1 DAGs
[2024-01-30T23:58:20.717+0000] {logging_mixin.py:188} INFO - [2024-01-30T23:58:20.716+0000] {dag.py:3823} INFO - Setting next_dagrun for conditional_nuclei_scan to 2024-01-30 23:58:20.541327+00:00, run_after=2024-01-31 23:58:20.541327+00:00
[2024-01-30T23:58:20.743+0000] {processor.py:183} INFO - Processing /opt/airflow/dags/cvd_rescan_notify.py took 0.225 seconds
[2024-01-30T23:58:51.102+0000] {processor.py:161} INFO - Started process (PID=7820) to work on /opt/airflow/dags/cvd_rescan_notify.py
[2024-01-30T23:58:51.104+0000] {processor.py:830} INFO - Processing file /opt/airflow/dags/cvd_rescan_notify.py for tasks to queue
[2024-01-30T23:58:51.105+0000] {logging_mixin.py:188} INFO - [2024-01-30T23:58:51.105+0000] {dagbag.py:538} INFO - Filling up the DagBag from /opt/airflow/dags/cvd_rescan_notify.py
[2024-01-30T23:58:51.135+0000] {processor.py:840} INFO - DAG(s) 'conditional_nuclei_scan' retrieved from /opt/airflow/dags/cvd_rescan_notify.py
[2024-01-30T23:58:51.278+0000] {logging_mixin.py:188} INFO - [2024-01-30T23:58:51.278+0000] {dag.py:3036} INFO - Sync 1 DAGs
[2024-01-30T23:58:51.309+0000] {logging_mixin.py:188} INFO - [2024-01-30T23:58:51.308+0000] {dag.py:3823} INFO - Setting next_dagrun for conditional_nuclei_scan to 2024-01-30 23:58:51.124072+00:00, run_after=2024-01-31 23:58:51.124072+00:00
[2024-01-30T23:58:51.347+0000] {processor.py:183} INFO - Processing /opt/airflow/dags/cvd_rescan_notify.py took 0.249 seconds
[2024-01-30T23:59:21.890+0000] {processor.py:161} INFO - Started process (PID=7846) to work on /opt/airflow/dags/cvd_rescan_notify.py
[2024-01-30T23:59:21.892+0000] {processor.py:830} INFO - Processing file /opt/airflow/dags/cvd_rescan_notify.py for tasks to queue
[2024-01-30T23:59:21.894+0000] {logging_mixin.py:188} INFO - [2024-01-30T23:59:21.893+0000] {dagbag.py:538} INFO - Filling up the DagBag from /opt/airflow/dags/cvd_rescan_notify.py
[2024-01-30T23:59:21.918+0000] {processor.py:840} INFO - DAG(s) 'conditional_nuclei_scan' retrieved from /opt/airflow/dags/cvd_rescan_notify.py
[2024-01-30T23:59:22.063+0000] {logging_mixin.py:188} INFO - [2024-01-30T23:59:22.062+0000] {dag.py:3036} INFO - Sync 1 DAGs
[2024-01-30T23:59:22.090+0000] {logging_mixin.py:188} INFO - [2024-01-30T23:59:22.089+0000] {dag.py:3823} INFO - Setting next_dagrun for conditional_nuclei_scan to 2024-01-30 23:59:21.910407+00:00, run_after=2024-01-31 23:59:21.910407+00:00
[2024-01-30T23:59:22.119+0000] {processor.py:183} INFO - Processing /opt/airflow/dags/cvd_rescan_notify.py took 0.234 seconds
[2024-01-30T23:59:52.588+0000] {processor.py:161} INFO - Started process (PID=7872) to work on /opt/airflow/dags/cvd_rescan_notify.py
[2024-01-30T23:59:52.590+0000] {processor.py:830} INFO - Processing file /opt/airflow/dags/cvd_rescan_notify.py for tasks to queue
[2024-01-30T23:59:52.591+0000] {logging_mixin.py:188} INFO - [2024-01-30T23:59:52.591+0000] {dagbag.py:538} INFO - Filling up the DagBag from /opt/airflow/dags/cvd_rescan_notify.py
[2024-01-30T23:59:52.620+0000] {processor.py:840} INFO - DAG(s) 'conditional_nuclei_scan' retrieved from /opt/airflow/dags/cvd_rescan_notify.py
[2024-01-30T23:59:52.762+0000] {logging_mixin.py:188} INFO - [2024-01-30T23:59:52.762+0000] {dag.py:3036} INFO - Sync 1 DAGs
[2024-01-30T23:59:52.792+0000] {logging_mixin.py:188} INFO - [2024-01-30T23:59:52.792+0000] {dag.py:3823} INFO - Setting next_dagrun for conditional_nuclei_scan to 2024-01-30 23:59:52.610820+00:00, run_after=2024-01-31 23:59:52.610820+00:00
[2024-01-30T23:59:52.831+0000] {processor.py:183} INFO - Processing /opt/airflow/dags/cvd_rescan_notify.py took 0.247 seconds
